{"C:\\Users\\gilmar dutra\\Documents\\sord-sistema-de-or-amento-rapido-principal-main\\sord-frontend\\src\\App.tsx": {"path":"C:\\Users\\gilmar dutra\\Documents\\sord-sistema-de-or-amento-rapido-principal-main\\sord-frontend\\src\\App.tsx","statementMap":{"0":{"start":{"line":1,"column":0},"end":{"line":1,"column":26}},"1":{"start":{"line":2,"column":0},"end":{"line":2,"column":48}},"2":{"start":{"line":3,"column":0},"end":{"line":3,"column":53}},"3":{"start":{"line":4,"column":0},"end":{"line":4,"column":54}},"4":{"start":{"line":5,"column":0},"end":{"line":5,"column":53}},"5":{"start":{"line":6,"column":0},"end":{"line":6,"column":55}},"6":{"start":{"line":7,"column":0},"end":{"line":7,"column":55}},"7":{"start":{"line":9,"column":22},"end":{"line":54,"column":1}},"8":{"start":{"line":10,"column":26},"end":{"line":10,"column":35}},"9":{"start":{"line":11,"column":40},"end":{"line":11,"column":70}},"10":{"start":{"line":12,"column":40},"end":{"line":12,"column":70}},"11":{"start":{"line":13,"column":42},"end":{"line":13,"column":77}},"12":{"start":{"line":18,"column":2},"end":{"line":20,"column":3}},"13":{"start":{"line":19,"column":4},"end":{"line":19,"column":73}},"14":{"start":{"line":19,"column":48},"end":{"line":19,"column":68}},"15":{"start":{"line":23,"column":2},"end":{"line":37,"column":3}},"16":{"start":{"line":24,"column":4},"end":{"line":36,"column":6}},"17":{"start":{"line":26,"column":32},"end":{"line":26,"column":52}},"18":{"start":{"line":28,"column":10},"end":{"line":28,"column":33}},"19":{"start":{"line":30,"column":10},"end":{"line":33,"column":19}},"20":{"start":{"line":31,"column":12},"end":{"line":31,"column":34}},"21":{"start":{"line":32,"column":12},"end":{"line":32,"column":34}},"22":{"start":{"line":40,"column":2},"end":{"line":42,"column":3}},"23":{"start":{"line":41,"column":4},"end":{"line":41,"column":24}},"24":{"start":{"line":45,"column":2},"end":{"line":51,"column":3}},"25":{"start":{"line":46,"column":4},"end":{"line":50,"column":6}},"26":{"start":{"line":53,"column":2},"end":{"line":53,"column":14}},"27":{"start":{"line":56,"column":0},"end":{"line":56,"column":19}}},"fnMap":{"0":{"name":"(anonymous_1)","decl":{"start":{"line":9,"column":22},"end":{"line":9,"column":25}},"loc":{"start":{"line":9,"column":27},"end":{"line":54,"column":1}}},"1":{"name":"(anonymous_2)","decl":{"start":{"line":19,"column":42},"end":{"line":19,"column":45}},"loc":{"start":{"line":19,"column":48},"end":{"line":19,"column":68}}},"2":{"name":"(anonymous_3)","decl":{"start":{"line":26,"column":26},"end":{"line":26,"column":29}},"loc":{"start":{"line":26,"column":32},"end":{"line":26,"column":52}}},"3":{"name":"(anonymous_4)","decl":{"start":{"line":27,"column":24},"end":{"line":27,"column":25}},"loc":{"start":{"line":27,"column":34},"end":{"line":34,"column":9}}},"4":{"name":"(anonymous_5)","decl":{"start":{"line":30,"column":21},"end":{"line":30,"column":24}},"loc":{"start":{"line":30,"column":26},"end":{"line":33,"column":11}}}},"branchMap":{"0":{"loc":{"start":{"line":18,"column":2},"end":{"line":20,"column":3}},"type":"if","locations":[{"start":{"line":18,"column":2},"end":{"line":20,"column":3}},{"start":{},"end":{}}]},"1":{"loc":{"start":{"line":18,"column":6},"end":{"line":18,"column":50}},"type":"binary-expr","locations":[{"start":{"line":18,"column":6},"end":{"line":18,"column":18}},{"start":{"line":18,"column":22},"end":{"line":18,"column":34}},{"start":{"line":18,"column":38},"end":{"line":18,"column":50}}]},"2":{"loc":{"start":{"line":23,"column":2},"end":{"line":37,"column":3}},"type":"if","locations":[{"start":{"line":23,"column":2},"end":{"line":37,"column":3}},{"start":{},"end":{}}]},"3":{"loc":{"start":{"line":23,"column":6},"end":{"line":23,"column":49}},"type":"binary-expr","locations":[{"start":{"line":23,"column":6},"end":{"line":23,"column":18}},{"start":{"line":23,"column":22},"end":{"line":23,"column":33}},{"start":{"line":23,"column":37},"end":{"line":23,"column":49}}]},"4":{"loc":{"start":{"line":40,"column":2},"end":{"line":42,"column":3}},"type":"if","locations":[{"start":{"line":40,"column":2},"end":{"line":42,"column":3}},{"start":{},"end":{}}]},"5":{"loc":{"start":{"line":40,"column":6},"end":{"line":40,"column":33}},"type":"binary-expr","locations":[{"start":{"line":40,"column":6},"end":{"line":40,"column":18}},{"start":{"line":40,"column":22},"end":{"line":40,"column":33}}]},"6":{"loc":{"start":{"line":45,"column":2},"end":{"line":51,"column":3}},"type":"if","locations":[{"start":{"line":45,"column":2},"end":{"line":51,"column":3}},{"start":{},"end":{}}]}},"s":{"0":1,"1":1,"2":1,"3":1,"4":1,"5":1,"6":1,"7":1,"8":7,"9":7,"10":7,"11":7,"12":7,"13":3,"14":2,"15":4,"16":2,"17":1,"18":0,"19":0,"20":0,"21":0,"22":2,"23":1,"24":1,"25":1,"26":0,"27":1},"f":{"0":7,"1":2,"2":1,"3":0,"4":0},"b":{"0":[3,4],"1":[7,6,3],"2":[2,2],"3":[4,3,3],"4":[1,1],"5":[2,1],"6":[1,0]}}
,"C:\\Users\\gilmar dutra\\Documents\\sord-sistema-de-or-amento-rapido-principal-main\\sord-frontend\\src\\index.tsx": {"path":"C:\\Users\\gilmar dutra\\Documents\\sord-sistema-de-or-amento-rapido-principal-main\\sord-frontend\\src\\index.tsx","statementMap":{"0":{"start":{"line":2,"column":0},"end":{"line":2,"column":26}},"1":{"start":{"line":3,"column":0},"end":{"line":3,"column":40}},"2":{"start":{"line":4,"column":0},"end":{"line":4,"column":24}},"3":{"start":{"line":5,"column":0},"end":{"line":5,"column":53}},"4":{"start":{"line":7,"column":20},"end":{"line":7,"column":51}},"5":{"start":{"line":8,"column":0},"end":{"line":10,"column":1}},"6":{"start":{"line":9,"column":2},"end":{"line":9,"column":61}},"7":{"start":{"line":12,"column":13},"end":{"line":12,"column":45}},"8":{"start":{"line":13,"column":0},"end":{"line":19,"column":2}}},"fnMap":{},"branchMap":{"0":{"loc":{"start":{"line":8,"column":0},"end":{"line":10,"column":1}},"type":"if","locations":[{"start":{"line":8,"column":0},"end":{"line":10,"column":1}},{"start":{},"end":{}}]}},"s":{"0":0,"1":0,"2":0,"3":0,"4":0,"5":0,"6":0,"7":0,"8":0},"f":{},"b":{"0":[0,0]}}
,"C:\\Users\\gilmar dutra\\Documents\\sord-sistema-de-or-amento-rapido-principal-main\\sord-frontend\\src\\components\\Icons.tsx": {"path":"C:\\Users\\gilmar dutra\\Documents\\sord-sistema-de-or-amento-rapido-principal-main\\sord-frontend\\src\\components\\Icons.tsx","statementMap":{"0":{"start":{"line":2,"column":0},"end":{"line":2,"column":26}},"1":{"start":{"line":8,"column":46},"end":{"line":12,"column":null}},"2":{"start":{"line":9,"column":4},"end":{"line":11,"column":null}},"3":{"start":{"line":8,"column":13},"end":{"line":8,"column":46}},"4":{"start":{"line":15,"column":51},"end":{"line":18,"column":null}},"5":{"start":{"line":16,"column":2},"end":{"line":17,"column":null}},"6":{"start":{"line":15,"column":13},"end":{"line":15,"column":51}},"7":{"start":{"line":21,"column":44},"end":{"line":24,"column":null}},"8":{"start":{"line":22,"column":2},"end":{"line":23,"column":null}},"9":{"start":{"line":21,"column":13},"end":{"line":21,"column":44}},"10":{"start":{"line":27,"column":44},"end":{"line":30,"column":null}},"11":{"start":{"line":28,"column":2},"end":{"line":29,"column":null}},"12":{"start":{"line":27,"column":13},"end":{"line":27,"column":44}},"13":{"start":{"line":33,"column":53},"end":{"line":36,"column":null}},"14":{"start":{"line":34,"column":2},"end":{"line":35,"column":null}},"15":{"start":{"line":33,"column":13},"end":{"line":33,"column":53}},"16":{"start":{"line":39,"column":45},"end":{"line":42,"column":null}},"17":{"start":{"line":40,"column":2},"end":{"line":41,"column":null}},"18":{"start":{"line":39,"column":13},"end":{"line":39,"column":45}},"19":{"start":{"line":45,"column":46},"end":{"line":48,"column":null}},"20":{"start":{"line":46,"column":2},"end":{"line":47,"column":null}},"21":{"start":{"line":45,"column":13},"end":{"line":45,"column":46}},"22":{"start":{"line":51,"column":47},"end":{"line":54,"column":null}},"23":{"start":{"line":52,"column":2},"end":{"line":53,"column":null}},"24":{"start":{"line":51,"column":13},"end":{"line":51,"column":47}},"25":{"start":{"line":57,"column":58},"end":{"line":58,"column":null}},"26":{"start":{"line":58,"column":4},"end":{"line":58,"column":663}},"27":{"start":{"line":57,"column":13},"end":{"line":57,"column":58}},"28":{"start":{"line":61,"column":52},"end":{"line":62,"column":null}},"29":{"start":{"line":62,"column":4},"end":{"line":62,"column":261}},"30":{"start":{"line":61,"column":13},"end":{"line":61,"column":52}},"31":{"start":{"line":65,"column":58},"end":{"line":66,"column":null}},"32":{"start":{"line":66,"column":4},"end":{"line":66,"column":306}},"33":{"start":{"line":65,"column":13},"end":{"line":65,"column":58}},"34":{"start":{"line":69,"column":46},"end":{"line":70,"column":null}},"35":{"start":{"line":70,"column":4},"end":{"line":70,"column":928}},"36":{"start":{"line":69,"column":13},"end":{"line":69,"column":46}},"37":{"start":{"line":72,"column":46},"end":{"line":73,"column":null}},"38":{"start":{"line":73,"column":4},"end":{"line":73,"column":223}},"39":{"start":{"line":72,"column":13},"end":{"line":72,"column":46}},"40":{"start":{"line":76,"column":46},"end":{"line":77,"column":null}},"41":{"start":{"line":77,"column":4},"end":{"line":77,"column":222}},"42":{"start":{"line":76,"column":13},"end":{"line":76,"column":46}},"43":{"start":{"line":80,"column":44},"end":{"line":81,"column":null}},"44":{"start":{"line":81,"column":4},"end":{"line":81,"column":474}},"45":{"start":{"line":80,"column":13},"end":{"line":80,"column":44}},"46":{"start":{"line":84,"column":61},"end":{"line":87,"column":null}},"47":{"start":{"line":85,"column":4},"end":{"line":86,"column":null}},"48":{"start":{"line":84,"column":13},"end":{"line":84,"column":61}},"49":{"start":{"line":90,"column":56},"end":{"line":93,"column":null}},"50":{"start":{"line":91,"column":2},"end":{"line":92,"column":null}},"51":{"start":{"line":90,"column":13},"end":{"line":90,"column":56}},"52":{"start":{"line":96,"column":47},"end":{"line":99,"column":null}},"53":{"start":{"line":97,"column":2},"end":{"line":98,"column":null}},"54":{"start":{"line":96,"column":13},"end":{"line":96,"column":47}},"55":{"start":{"line":102,"column":44},"end":{"line":105,"column":null}},"56":{"start":{"line":103,"column":2},"end":{"line":104,"column":null}},"57":{"start":{"line":102,"column":13},"end":{"line":102,"column":44}},"58":{"start":{"line":108,"column":45},"end":{"line":111,"column":null}},"59":{"start":{"line":109,"column":2},"end":{"line":110,"column":null}},"60":{"start":{"line":108,"column":13},"end":{"line":108,"column":45}},"61":{"start":{"line":114,"column":52},"end":{"line":117,"column":null}},"62":{"start":{"line":115,"column":2},"end":{"line":116,"column":null}},"63":{"start":{"line":114,"column":13},"end":{"line":114,"column":52}},"64":{"start":{"line":120,"column":49},"end":{"line":123,"column":null}},"65":{"start":{"line":121,"column":2},"end":{"line":122,"column":null}},"66":{"start":{"line":120,"column":13},"end":{"line":120,"column":49}}},"fnMap":{"0":{"name":"(anonymous_1)","decl":{"start":{"line":8,"column":46},"end":{"line":8,"column":47}},"loc":{"start":{"line":9,"column":4},"end":{"line":11,"column":null}}},"1":{"name":"(anonymous_2)","decl":{"start":{"line":15,"column":51},"end":{"line":15,"column":52}},"loc":{"start":{"line":16,"column":2},"end":{"line":17,"column":null}}},"2":{"name":"(anonymous_3)","decl":{"start":{"line":21,"column":44},"end":{"line":21,"column":45}},"loc":{"start":{"line":22,"column":2},"end":{"line":23,"column":null}}},"3":{"name":"(anonymous_4)","decl":{"start":{"line":27,"column":44},"end":{"line":27,"column":45}},"loc":{"start":{"line":28,"column":2},"end":{"line":29,"column":null}}},"4":{"name":"(anonymous_5)","decl":{"start":{"line":33,"column":53},"end":{"line":33,"column":54}},"loc":{"start":{"line":34,"column":2},"end":{"line":35,"column":null}}},"5":{"name":"(anonymous_6)","decl":{"start":{"line":39,"column":45},"end":{"line":39,"column":46}},"loc":{"start":{"line":40,"column":2},"end":{"line":41,"column":null}}},"6":{"name":"(anonymous_7)","decl":{"start":{"line":45,"column":46},"end":{"line":45,"column":47}},"loc":{"start":{"line":46,"column":2},"end":{"line":47,"column":null}}},"7":{"name":"(anonymous_8)","decl":{"start":{"line":51,"column":47},"end":{"line":51,"column":48}},"loc":{"start":{"line":52,"column":2},"end":{"line":53,"column":null}}},"8":{"name":"(anonymous_9)","decl":{"start":{"line":57,"column":58},"end":{"line":57,"column":59}},"loc":{"start":{"line":58,"column":4},"end":{"line":58,"column":663}}},"9":{"name":"(anonymous_10)","decl":{"start":{"line":61,"column":52},"end":{"line":61,"column":53}},"loc":{"start":{"line":62,"column":4},"end":{"line":62,"column":261}}},"10":{"name":"(anonymous_11)","decl":{"start":{"line":65,"column":58},"end":{"line":65,"column":59}},"loc":{"start":{"line":66,"column":4},"end":{"line":66,"column":306}}},"11":{"name":"(anonymous_12)","decl":{"start":{"line":69,"column":46},"end":{"line":69,"column":47}},"loc":{"start":{"line":70,"column":4},"end":{"line":70,"column":928}}},"12":{"name":"(anonymous_13)","decl":{"start":{"line":72,"column":46},"end":{"line":72,"column":47}},"loc":{"start":{"line":73,"column":4},"end":{"line":73,"column":223}}},"13":{"name":"(anonymous_14)","decl":{"start":{"line":76,"column":46},"end":{"line":76,"column":47}},"loc":{"start":{"line":77,"column":4},"end":{"line":77,"column":222}}},"14":{"name":"(anonymous_15)","decl":{"start":{"line":80,"column":44},"end":{"line":80,"column":45}},"loc":{"start":{"line":81,"column":4},"end":{"line":81,"column":474}}},"15":{"name":"(anonymous_16)","decl":{"start":{"line":84,"column":61},"end":{"line":84,"column":62}},"loc":{"start":{"line":85,"column":4},"end":{"line":86,"column":null}}},"16":{"name":"(anonymous_17)","decl":{"start":{"line":90,"column":56},"end":{"line":90,"column":57}},"loc":{"start":{"line":91,"column":2},"end":{"line":92,"column":null}}},"17":{"name":"(anonymous_18)","decl":{"start":{"line":96,"column":47},"end":{"line":96,"column":48}},"loc":{"start":{"line":97,"column":2},"end":{"line":98,"column":null}}},"18":{"name":"(anonymous_19)","decl":{"start":{"line":102,"column":44},"end":{"line":102,"column":45}},"loc":{"start":{"line":103,"column":2},"end":{"line":104,"column":null}}},"19":{"name":"(anonymous_20)","decl":{"start":{"line":108,"column":45},"end":{"line":108,"column":46}},"loc":{"start":{"line":109,"column":2},"end":{"line":110,"column":null}}},"20":{"name":"(anonymous_21)","decl":{"start":{"line":114,"column":52},"end":{"line":114,"column":53}},"loc":{"start":{"line":115,"column":2},"end":{"line":116,"column":null}}},"21":{"name":"(anonymous_22)","decl":{"start":{"line":120,"column":49},"end":{"line":120,"column":50}},"loc":{"start":{"line":121,"column":2},"end":{"line":122,"column":null}}}},"branchMap":{},"s":{"0":3,"1":3,"2":4,"3":3,"4":3,"5":10,"6":3,"7":3,"8":10,"9":3,"10":3,"11":10,"12":3,"13":3,"14":10,"15":3,"16":3,"17":42,"18":3,"19":3,"20":0,"21":3,"22":3,"23":0,"24":3,"25":3,"26":42,"27":3,"28":3,"29":60,"30":3,"31":3,"32":42,"33":3,"34":3,"35":0,"36":3,"37":3,"38":0,"39":3,"40":3,"41":0,"42":3,"43":3,"44":0,"45":3,"46":3,"47":0,"48":3,"49":3,"50":0,"51":3,"52":3,"53":0,"54":3,"55":3,"56":0,"57":3,"58":3,"59":0,"60":3,"61":3,"62":20,"63":3,"64":3,"65":10,"66":3},"f":{"0":4,"1":10,"2":10,"3":10,"4":10,"5":42,"6":0,"7":0,"8":42,"9":60,"10":42,"11":0,"12":0,"13":0,"14":0,"15":0,"16":0,"17":0,"18":0,"19":0,"20":20,"21":10},"b":{}}
,"C:\\Users\\gilmar dutra\\Documents\\sord-sistema-de-or-amento-rapido-principal-main\\sord-frontend\\src\\components\\LandingPage.tsx": {"path":"C:\\Users\\gilmar dutra\\Documents\\sord-sistema-de-or-amento-rapido-principal-main\\sord-frontend\\src\\components\\LandingPage.tsx","statementMap":{"0":{"start":{"line":1,"column":0},"end":{"line":1,"column":51}},"1":{"start":{"line":2,"column":0},"end":{"line":2,"column":125}},"2":{"start":{"line":8,"column":55},"end":{"line":270,"column":1}},"3":{"start":{"line":9,"column":38},"end":{"line":9,"column":53}},"4":{"start":{"line":10,"column":44},"end":{"line":10,"column":68}},"5":{"start":{"line":12,"column":2},"end":{"line":31,"column":9}},"6":{"start":{"line":13,"column":25},"end":{"line":15,"column":5}},"7":{"start":{"line":14,"column":6},"end":{"line":14,"column":41}},"8":{"start":{"line":17,"column":28},"end":{"line":22,"column":5}},"9":{"start":{"line":18,"column":6},"end":{"line":21,"column":9}},"10":{"start":{"line":24,"column":4},"end":{"line":24,"column":52}},"11":{"start":{"line":25,"column":4},"end":{"line":25,"column":58}},"12":{"start":{"line":27,"column":4},"end":{"line":30,"column":6}},"13":{"start":{"line":28,"column":6},"end":{"line":28,"column":57}},"14":{"start":{"line":29,"column":6},"end":{"line":29,"column":63}},"15":{"start":{"line":33,"column":19},"end":{"line":54,"column":4}},"16":{"start":{"line":56,"column":19},"end":{"line":63,"column":4}},"17":{"start":{"line":65,"column":2},"end":{"line":269,"column":4}},"18":{"start":{"line":207,"column":14},"end":{"line":217,"column":null}},"19":{"start":{"line":233,"column":14},"end":{"line":239,"column":null}},"20":{"start":{"line":8,"column":13},"end":{"line":8,"column":55}}},"fnMap":{"0":{"name":"(anonymous_9)","decl":{"start":{"line":8,"column":55},"end":{"line":8,"column":56}},"loc":{"start":{"line":8,"column":80},"end":{"line":270,"column":1}}},"1":{"name":"(anonymous_10)","decl":{"start":{"line":12,"column":12},"end":{"line":12,"column":15}},"loc":{"start":{"line":12,"column":17},"end":{"line":31,"column":3}}},"2":{"name":"(anonymous_11)","decl":{"start":{"line":13,"column":25},"end":{"line":13,"column":28}},"loc":{"start":{"line":13,"column":30},"end":{"line":15,"column":5}}},"3":{"name":"(anonymous_12)","decl":{"start":{"line":17,"column":28},"end":{"line":17,"column":29}},"loc":{"start":{"line":17,"column":46},"end":{"line":22,"column":5}}},"4":{"name":"(anonymous_13)","decl":{"start":{"line":27,"column":11},"end":{"line":27,"column":14}},"loc":{"start":{"line":27,"column":16},"end":{"line":30,"column":5}}},"5":{"name":"(anonymous_14)","decl":{"start":{"line":206,"column":26},"end":{"line":206,"column":27}},"loc":{"start":{"line":207,"column":14},"end":{"line":217,"column":null}}},"6":{"name":"(anonymous_15)","decl":{"start":{"line":232,"column":26},"end":{"line":232,"column":27}},"loc":{"start":{"line":233,"column":14},"end":{"line":239,"column":null}}}},"branchMap":{"0":{"loc":{"start":{"line":70,"column":10},"end":{"line":72,"column":null}},"type":"cond-expr","locations":[{"start":{"line":71,"column":14},"end":{"line":71,"column":36}},{"start":{"line":72,"column":14},"end":{"line":72,"column":null}}]}},"s":{"0":1,"1":1,"2":1,"3":10,"4":10,"5":10,"6":9,"7":0,"8":9,"9":1,"10":9,"11":9,"12":9,"13":9,"14":9,"15":10,"16":10,"17":10,"18":40,"19":60,"20":1},"f":{"0":10,"1":9,"2":0,"3":1,"4":9,"5":40,"6":60},"b":{"0":[0,10]}}
,"C:\\Users\\gilmar dutra\\Documents\\sord-sistema-de-or-amento-rapido-principal-main\\sord-frontend\\src\\components\\MainLayout.tsx": {"path":"C:\\Users\\gilmar dutra\\Documents\\sord-sistema-de-or-amento-rapido-principal-main\\sord-frontend\\src\\components\\MainLayout.tsx","statementMap":{"0":{"start":{"line":1,"column":0},"end":{"line":1,"column":51}},"1":{"start":{"line":2,"column":0},"end":{"line":2,"column":52}},"2":{"start":{"line":3,"column":0},"end":{"line":3,"column":58}},"3":{"start":{"line":5,"column":0},"end":{"line":5,"column":38}},"4":{"start":{"line":6,"column":0},"end":{"line":6,"column":44}},"5":{"start":{"line":8,"column":0},"end":{"line":8,"column":133}},"6":{"start":{"line":9,"column":0},"end":{"line":9,"column":51}},"7":{"start":{"line":10,"column":0},"end":{"line":10,"column":36}},"8":{"start":{"line":11,"column":0},"end":{"line":11,"column":59}},"9":{"start":{"line":16,"column":36},"end":{"line":119,"column":1}},"10":{"start":{"line":17,"column":40},"end":{"line":17,"column":68}},"11":{"start":{"line":18,"column":40},"end":{"line":18,"column":68}},"12":{"start":{"line":19,"column":21},"end":{"line":19,"column":30}},"13":{"start":{"line":20,"column":28},"end":{"line":20,"column":85}},"14":{"start":{"line":23,"column":2},"end":{"line":25,"column":20}},"15":{"start":{"line":24,"column":4},"end":{"line":24,"column":66}},"16":{"start":{"line":27,"column":2},"end":{"line":29,"column":14}},"17":{"start":{"line":28,"column":4},"end":{"line":28,"column":63}},"18":{"start":{"line":31,"column":22},"end":{"line":33,"column":3}},"19":{"start":{"line":32,"column":4},"end":{"line":32,"column":60}},"20":{"start":{"line":32,"column":22},"end":{"line":32,"column":57}},"21":{"start":{"line":35,"column":21},"end":{"line":35,"column":83}},"22":{"start":{"line":37,"column":26},"end":{"line":40,"column":3}},"23":{"start":{"line":38,"column":4},"end":{"line":38,"column":26}},"24":{"start":{"line":39,"column":4},"end":{"line":39,"column":33}},"25":{"start":{"line":42,"column":21},"end":{"line":55,"column":3}},"26":{"start":{"line":43,"column":4},"end":{"line":54,"column":5}},"27":{"start":{"line":45,"column":8},"end":{"line":45,"column":124}},"28":{"start":{"line":47,"column":8},"end":{"line":47,"column":63}},"29":{"start":{"line":49,"column":8},"end":{"line":49,"column":28}},"30":{"start":{"line":51,"column":8},"end":{"line":51,"column":61}},"31":{"start":{"line":53,"column":8},"end":{"line":53,"column":93}},"32":{"start":{"line":59,"column":2},"end":{"line":118,"column":4}},"33":{"start":{"line":16,"column":13},"end":{"line":16,"column":36}}},"fnMap":{"0":{"name":"(anonymous_9)","decl":{"start":{"line":16,"column":36},"end":{"line":16,"column":39}},"loc":{"start":{"line":16,"column":41},"end":{"line":119,"column":1}}},"1":{"name":"(anonymous_10)","decl":{"start":{"line":23,"column":18},"end":{"line":23,"column":21}},"loc":{"start":{"line":23,"column":23},"end":{"line":25,"column":3}}},"2":{"name":"(anonymous_11)","decl":{"start":{"line":27,"column":12},"end":{"line":27,"column":15}},"loc":{"start":{"line":27,"column":17},"end":{"line":29,"column":3}}},"3":{"name":"(anonymous_12)","decl":{"start":{"line":31,"column":22},"end":{"line":31,"column":25}},"loc":{"start":{"line":31,"column":27},"end":{"line":33,"column":3}}},"4":{"name":"(anonymous_13)","decl":{"start":{"line":32,"column":13},"end":{"line":32,"column":17}},"loc":{"start":{"line":32,"column":22},"end":{"line":32,"column":57}}},"5":{"name":"(anonymous_14)","decl":{"start":{"line":37,"column":26},"end":{"line":37,"column":27}},"loc":{"start":{"line":37,"column":43},"end":{"line":40,"column":3}}},"6":{"name":"(anonymous_15)","decl":{"start":{"line":42,"column":21},"end":{"line":42,"column":24}},"loc":{"start":{"line":42,"column":26},"end":{"line":55,"column":3}}}},"branchMap":{"0":{"loc":{"start":{"line":32,"column":22},"end":{"line":32,"column":57}},"type":"cond-expr","locations":[{"start":{"line":32,"column":41},"end":{"line":32,"column":47}},{"start":{"line":32,"column":50},"end":{"line":32,"column":57}}]},"1":{"loc":{"start":{"line":35,"column":21},"end":{"line":35,"column":83}},"type":"cond-expr","locations":[{"start":{"line":35,"column":41},"end":{"line":35,"column":61}},{"start":{"line":35,"column":64},"end":{"line":35,"column":83}}]},"2":{"loc":{"start":{"line":43,"column":4},"end":{"line":54,"column":5}},"type":"switch","locations":[{"start":{"line":44,"column":6},"end":{"line":45,"column":124}},{"start":{"line":46,"column":6},"end":{"line":47,"column":63}},{"start":{"line":48,"column":6},"end":{"line":49,"column":28}},{"start":{"line":50,"column":6},"end":{"line":51,"column":61}},{"start":{"line":52,"column":6},"end":{"line":53,"column":93}}]},"3":{"loc":{"start":{"line":80,"column":17},"end":{"line":80,"column":103}},"type":"cond-expr","locations":[{"start":{"line":80,"column":37},"end":{"line":80,"column":69}},{"start":{"line":80,"column":72},"end":{"line":80,"column":103}}]},"4":{"loc":{"start":{"line":101,"column":15},"end":{"line":101,"column":101}},"type":"cond-expr","locations":[{"start":{"line":101,"column":35},"end":{"line":101,"column":67}},{"start":{"line":101,"column":70},"end":{"line":101,"column":101}}]}},"s":{"0":0,"1":0,"2":0,"3":0,"4":0,"5":0,"6":0,"7":0,"8":0,"9":0,"10":0,"11":0,"12":0,"13":0,"14":0,"15":0,"16":0,"17":0,"18":0,"19":0,"20":0,"21":0,"22":0,"23":0,"24":0,"25":0,"26":0,"27":0,"28":0,"29":0,"30":0,"31":0,"32":0,"33":0},"f":{"0":0,"1":0,"2":0,"3":0,"4":0,"5":0,"6":0},"b":{"0":[0,0],"1":[0,0],"2":[0,0,0,0,0],"3":[0,0],"4":[0,0]}}
,"C:\\Users\\gilmar dutra\\Documents\\sord-sistema-de-or-amento-rapido-principal-main\\sord-frontend\\src\\components\\MaterialFormModal.tsx": {"path":"C:\\Users\\gilmar dutra\\Documents\\sord-sistema-de-or-amento-rapido-principal-main\\sord-frontend\\src\\components\\MaterialFormModal.tsx","statementMap":{"0":{"start":{"line":1,"column":0},"end":{"line":1,"column":51}},"1":{"start":{"line":3,"column":0},"end":{"line":3,"column":49}},"2":{"start":{"line":4,"column":0},"end":{"line":4,"column":55}},"3":{"start":{"line":5,"column":0},"end":{"line":5,"column":36}},"4":{"start":{"line":14,"column":67},"end":{"line":416,"column":1}},"5":{"start":{"line":15,"column":25},"end":{"line":15,"column":34}},"6":{"start":{"line":16,"column":26},"end":{"line":16,"column":38}},"7":{"start":{"line":17,"column":40},"end":{"line":17,"column":52}},"8":{"start":{"line":18,"column":34},"end":{"line":18,"column":46}},"9":{"start":{"line":19,"column":38},"end":{"line":19,"column":50}},"10":{"start":{"line":20,"column":26},"end":{"line":20,"column":52}},"11":{"start":{"line":21,"column":38},"end":{"line":21,"column":50}},"12":{"start":{"line":22,"column":38},"end":{"line":22,"column":70}},"13":{"start":{"line":25,"column":34},"end":{"line":28,"column":3}},"14":{"start":{"line":26,"column":4},"end":{"line":26,"column":39}},"15":{"start":{"line":26,"column":29},"end":{"line":26,"column":39}},"16":{"start":{"line":27,"column":4},"end":{"line":27,"column":35}},"17":{"start":{"line":30,"column":2},"end":{"line":59,"column":23}},"18":{"start":{"line":31,"column":4},"end":{"line":58,"column":5}},"19":{"start":{"line":32,"column":6},"end":{"line":32,"column":35}},"20":{"start":{"line":33,"column":6},"end":{"line":33,"column":55}},"21":{"start":{"line":34,"column":6},"end":{"line":34,"column":54}},"22":{"start":{"line":35,"column":6},"end":{"line":35,"column":58}},"23":{"start":{"line":36,"column":6},"end":{"line":36,"column":43}},"24":{"start":{"line":37,"column":6},"end":{"line":37,"column":74}},"25":{"start":{"line":38,"column":6},"end":{"line":49,"column":10}},"26":{"start":{"line":39,"column":31},"end":{"line":39,"column":89}},"27":{"start":{"line":40,"column":33},"end":{"line":40,"column":95}},"28":{"start":{"line":41,"column":30},"end":{"line":41,"column":86}},"29":{"start":{"line":42,"column":8},"end":{"line":48,"column":10}},"30":{"start":{"line":51,"column":6},"end":{"line":51,"column":18}},"31":{"start":{"line":52,"column":6},"end":{"line":52,"column":25}},"32":{"start":{"line":53,"column":6},"end":{"line":53,"column":22}},"33":{"start":{"line":54,"column":6},"end":{"line":54,"column":24}},"34":{"start":{"line":55,"column":6},"end":{"line":55,"column":20}},"35":{"start":{"line":56,"column":6},"end":{"line":56,"column":24}},"36":{"start":{"line":57,"column":6},"end":{"line":57,"column":24}},"37":{"start":{"line":61,"column":29},"end":{"line":63,"column":3}},"38":{"start":{"line":62,"column":4},"end":{"line":62,"column":286}},"39":{"start":{"line":65,"column":32},"end":{"line":67,"column":3}},"40":{"start":{"line":66,"column":4},"end":{"line":66,"column":60}},"41":{"start":{"line":66,"column":46},"end":{"line":66,"column":57}},"42":{"start":{"line":69,"column":32},"end":{"line":101,"column":3}},"43":{"start":{"line":70,"column":30},"end":{"line":70,"column":45}},"44":{"start":{"line":71,"column":29},"end":{"line":71,"column":60}},"45":{"start":{"line":73,"column":4},"end":{"line":96,"column":5}},"46":{"start":{"line":74,"column":6},"end":{"line":74,"column":46}},"47":{"start":{"line":75,"column":27},"end":{"line":75,"column":53}},"48":{"start":{"line":76,"column":6},"end":{"line":76,"column":86}},"49":{"start":{"line":77,"column":6},"end":{"line":77,"column":82}},"50":{"start":{"line":79,"column":9},"end":{"line":96,"column":5}},"51":{"start":{"line":80,"column":6},"end":{"line":80,"column":48}},"52":{"start":{"line":81,"column":29},"end":{"line":81,"column":55}},"53":{"start":{"line":82,"column":6},"end":{"line":82,"column":92}},"54":{"start":{"line":83,"column":6},"end":{"line":83,"column":86}},"55":{"start":{"line":85,"column":9},"end":{"line":96,"column":5}},"56":{"start":{"line":86,"column":6},"end":{"line":86,"column":45}},"57":{"start":{"line":87,"column":26},"end":{"line":87,"column":52}},"58":{"start":{"line":88,"column":6},"end":{"line":88,"column":83}},"59":{"start":{"line":89,"column":6},"end":{"line":89,"column":80}},"60":{"start":{"line":91,"column":9},"end":{"line":96,"column":5}},"61":{"start":{"line":92,"column":6},"end":{"line":92,"column":45}},"62":{"start":{"line":95,"column":7},"end":{"line":95,"column":47}},"63":{"start":{"line":98,"column":4},"end":{"line":98,"column":64}},"64":{"start":{"line":99,"column":4},"end":{"line":99,"column":48}},"65":{"start":{"line":100,"column":4},"end":{"line":100,"column":37}},"66":{"start":{"line":103,"column":23},"end":{"line":143,"column":3}},"67":{"start":{"line":104,"column":4},"end":{"line":104,"column":23}},"68":{"start":{"line":105,"column":34},"end":{"line":141,"column":6}},"69":{"start":{"line":115,"column":8},"end":{"line":115,"column":71}},"70":{"start":{"line":117,"column":35},"end":{"line":134,"column":10}},"71":{"start":{"line":137,"column":8},"end":{"line":137,"column":83}},"72":{"start":{"line":139,"column":8},"end":{"line":139,"column":34}},"73":{"start":{"line":142,"column":4},"end":{"line":142,"column":24}},"74":{"start":{"line":145,"column":2},"end":{"line":145,"column":27}},"75":{"start":{"line":145,"column":15},"end":{"line":145,"column":27}},"76":{"start":{"line":147,"column":2},"end":{"line":415,"column":4}},"77":{"start":{"line":165,"column":33},"end":{"line":165,"column":56}},"78":{"start":{"line":176,"column":33},"end":{"line":176,"column":63}},"79":{"start":{"line":188,"column":35},"end":{"line":188,"column":64}},"80":{"start":{"line":195,"column":35},"end":{"line":195,"column":72}},"81":{"start":{"line":212,"column":33},"end":{"line":212,"column":60}},"82":{"start":{"line":222,"column":33},"end":{"line":222,"column":62}},"83":{"start":{"line":229,"column":20},"end":{"line":230,"column":null}},"84":{"start":{"line":242,"column":16},"end":{"line":373,"column":null}},"85":{"start":{"line":246,"column":37},"end":{"line":246,"column":65}},"86":{"start":{"line":258,"column":39},"end":{"line":258,"column":91}},"87":{"start":{"line":270,"column":39},"end":{"line":270,"column":109}},"88":{"start":{"line":280,"column":39},"end":{"line":280,"column":105}},"89":{"start":{"line":295,"column":39},"end":{"line":295,"column":107}},"90":{"start":{"line":307,"column":39},"end":{"line":307,"column":101}},"91":{"start":{"line":316,"column":39},"end":{"line":316,"column":124}},"92":{"start":{"line":332,"column":39},"end":{"line":332,"column":103}},"93":{"start":{"line":341,"column":39},"end":{"line":341,"column":119}},"94":{"start":{"line":356,"column":39},"end":{"line":356,"column":100}},"95":{"start":{"line":365,"column":39},"end":{"line":365,"column":123}},"96":{"start":{"line":14,"column":13},"end":{"line":14,"column":67}}},"fnMap":{"0":{"name":"(anonymous_9)","decl":{"start":{"line":14,"column":67},"end":{"line":14,"column":68}},"loc":{"start":{"line":14,"column":115},"end":{"line":416,"column":1}}},"1":{"name":"(anonymous_10)","decl":{"start":{"line":25,"column":34},"end":{"line":25,"column":35}},"loc":{"start":{"line":25,"column":68},"end":{"line":28,"column":3}}},"2":{"name":"(anonymous_11)","decl":{"start":{"line":30,"column":12},"end":{"line":30,"column":15}},"loc":{"start":{"line":30,"column":17},"end":{"line":59,"column":3}}},"3":{"name":"(anonymous_12)","decl":{"start":{"line":38,"column":50},"end":{"line":38,"column":54}},"loc":{"start":{"line":38,"column":57},"end":{"line":49,"column":7}}},"4":{"name":"(anonymous_13)","decl":{"start":{"line":61,"column":29},"end":{"line":61,"column":32}},"loc":{"start":{"line":61,"column":34},"end":{"line":63,"column":3}}},"5":{"name":"(anonymous_14)","decl":{"start":{"line":65,"column":32},"end":{"line":65,"column":33}},"loc":{"start":{"line":65,"column":50},"end":{"line":67,"column":3}}},"6":{"name":"(anonymous_15)","decl":{"start":{"line":66,"column":36},"end":{"line":66,"column":37}},"loc":{"start":{"line":66,"column":46},"end":{"line":66,"column":57}}},"7":{"name":"(anonymous_16)","decl":{"start":{"line":69,"column":32},"end":{"line":69,"column":33}},"loc":{"start":{"line":69,"column":93},"end":{"line":101,"column":3}}},"8":{"name":"(anonymous_17)","decl":{"start":{"line":103,"column":23},"end":{"line":103,"column":24}},"loc":{"start":{"line":103,"column":46},"end":{"line":143,"column":3}}},"9":{"name":"(anonymous_18)","decl":{"start":{"line":113,"column":33},"end":{"line":113,"column":37}},"loc":{"start":{"line":113,"column":40},"end":{"line":140,"column":7}}},"10":{"name":"(anonymous_19)","decl":{"start":{"line":165,"column":26},"end":{"line":165,"column":27}},"loc":{"start":{"line":165,"column":33},"end":{"line":165,"column":56}}},"11":{"name":"(anonymous_20)","decl":{"start":{"line":176,"column":26},"end":{"line":176,"column":27}},"loc":{"start":{"line":176,"column":33},"end":{"line":176,"column":63}}},"12":{"name":"(anonymous_21)","decl":{"start":{"line":188,"column":28},"end":{"line":188,"column":29}},"loc":{"start":{"line":188,"column":35},"end":{"line":188,"column":64}}},"13":{"name":"(anonymous_22)","decl":{"start":{"line":195,"column":28},"end":{"line":195,"column":29}},"loc":{"start":{"line":195,"column":35},"end":{"line":195,"column":72}}},"14":{"name":"(anonymous_23)","decl":{"start":{"line":212,"column":26},"end":{"line":212,"column":27}},"loc":{"start":{"line":212,"column":33},"end":{"line":212,"column":60}}},"15":{"name":"(anonymous_24)","decl":{"start":{"line":222,"column":26},"end":{"line":222,"column":27}},"loc":{"start":{"line":222,"column":33},"end":{"line":222,"column":62}}},"16":{"name":"(anonymous_25)","decl":{"start":{"line":228,"column":33},"end":{"line":228,"column":34}},"loc":{"start":{"line":229,"column":20},"end":{"line":230,"column":null}}},"17":{"name":"(anonymous_26)","decl":{"start":{"line":241,"column":30},"end":{"line":241,"column":31}},"loc":{"start":{"line":242,"column":16},"end":{"line":373,"column":null}}},"18":{"name":"(anonymous_27)","decl":{"start":{"line":246,"column":31},"end":{"line":246,"column":34}},"loc":{"start":{"line":246,"column":37},"end":{"line":246,"column":65}}},"19":{"name":"(anonymous_28)","decl":{"start":{"line":258,"column":32},"end":{"line":258,"column":33}},"loc":{"start":{"line":258,"column":39},"end":{"line":258,"column":91}}},"20":{"name":"(anonymous_29)","decl":{"start":{"line":270,"column":32},"end":{"line":270,"column":33}},"loc":{"start":{"line":270,"column":39},"end":{"line":270,"column":109}}},"21":{"name":"(anonymous_30)","decl":{"start":{"line":280,"column":32},"end":{"line":280,"column":33}},"loc":{"start":{"line":280,"column":39},"end":{"line":280,"column":105}}},"22":{"name":"(anonymous_31)","decl":{"start":{"line":295,"column":32},"end":{"line":295,"column":33}},"loc":{"start":{"line":295,"column":39},"end":{"line":295,"column":107}}},"23":{"name":"(anonymous_32)","decl":{"start":{"line":307,"column":32},"end":{"line":307,"column":33}},"loc":{"start":{"line":307,"column":39},"end":{"line":307,"column":101}}},"24":{"name":"(anonymous_33)","decl":{"start":{"line":316,"column":32},"end":{"line":316,"column":33}},"loc":{"start":{"line":316,"column":39},"end":{"line":316,"column":124}}},"25":{"name":"(anonymous_34)","decl":{"start":{"line":332,"column":32},"end":{"line":332,"column":33}},"loc":{"start":{"line":332,"column":39},"end":{"line":332,"column":103}}},"26":{"name":"(anonymous_35)","decl":{"start":{"line":341,"column":32},"end":{"line":341,"column":33}},"loc":{"start":{"line":341,"column":39},"end":{"line":341,"column":119}}},"27":{"name":"(anonymous_36)","decl":{"start":{"line":356,"column":32},"end":{"line":356,"column":33}},"loc":{"start":{"line":356,"column":39},"end":{"line":356,"column":100}}},"28":{"name":"(anonymous_37)","decl":{"start":{"line":365,"column":32},"end":{"line":365,"column":33}},"loc":{"start":{"line":365,"column":39},"end":{"line":365,"column":123}}}},"branchMap":{"0":{"loc":{"start":{"line":26,"column":4},"end":{"line":26,"column":39}},"type":"if","locations":[{"start":{"line":26,"column":4},"end":{"line":26,"column":39}},{"start":{},"end":{}}]},"1":{"loc":{"start":{"line":27,"column":22},"end":{"line":27,"column":32}},"type":"binary-expr","locations":[{"start":{"line":27,"column":22},"end":{"line":27,"column":26}},{"start":{"line":27,"column":30},"end":{"line":27,"column":32}}]},"2":{"loc":{"start":{"line":31,"column":4},"end":{"line":58,"column":5}},"type":"if","locations":[{"start":{"line":31,"column":4},"end":{"line":58,"column":5}},{"start":{"line":50,"column":11},"end":{"line":58,"column":5}}]},"3":{"loc":{"start":{"line":33,"column":21},"end":{"line":33,"column":53}},"type":"binary-expr","locations":[{"start":{"line":33,"column":21},"end":{"line":33,"column":47}},{"start":{"line":33,"column":51},"end":{"line":33,"column":53}}]},"4":{"loc":{"start":{"line":36,"column":14},"end":{"line":36,"column":41}},"type":"binary-expr","locations":[{"start":{"line":36,"column":14},"end":{"line":36,"column":33}},{"start":{"line":36,"column":37},"end":{"line":36,"column":41}}]},"5":{"loc":{"start":{"line":37,"column":20},"end":{"line":37,"column":72}},"type":"binary-expr","locations":[{"start":{"line":37,"column":20},"end":{"line":37,"column":45}},{"start":{"line":37,"column":49},"end":{"line":37,"column":66}},{"start":{"line":37,"column":70},"end":{"line":37,"column":72}}]},"6":{"loc":{"start":{"line":47,"column":14},"end":{"line":47,"column":33}},"type":"binary-expr","locations":[{"start":{"line":47,"column":14},"end":{"line":47,"column":21}},{"start":{"line":47,"column":25},"end":{"line":47,"column":33}}]},"7":{"loc":{"start":{"line":73,"column":4},"end":{"line":96,"column":5}},"type":"if","locations":[{"start":{"line":73,"column":4},"end":{"line":96,"column":5}},{"start":{"line":79,"column":9},"end":{"line":96,"column":5}}]},"8":{"loc":{"start":{"line":76,"column":37},"end":{"line":76,"column":85}},"type":"cond-expr","locations":[{"start":{"line":76,"column":61},"end":{"line":76,"column":73}},{"start":{"line":76,"column":76},"end":{"line":76,"column":85}}]},"9":{"loc":{"start":{"line":79,"column":9},"end":{"line":96,"column":5}},"type":"if","locations":[{"start":{"line":79,"column":9},"end":{"line":96,"column":5}},{"start":{"line":85,"column":9},"end":{"line":96,"column":5}}]},"10":{"loc":{"start":{"line":82,"column":39},"end":{"line":82,"column":91}},"type":"cond-expr","locations":[{"start":{"line":82,"column":65},"end":{"line":82,"column":79}},{"start":{"line":82,"column":82},"end":{"line":82,"column":91}}]},"11":{"loc":{"start":{"line":85,"column":9},"end":{"line":96,"column":5}},"type":"if","locations":[{"start":{"line":85,"column":9},"end":{"line":96,"column":5}},{"start":{"line":91,"column":9},"end":{"line":96,"column":5}}]},"12":{"loc":{"start":{"line":88,"column":36},"end":{"line":88,"column":82}},"type":"cond-expr","locations":[{"start":{"line":88,"column":59},"end":{"line":88,"column":70}},{"start":{"line":88,"column":73},"end":{"line":88,"column":82}}]},"13":{"loc":{"start":{"line":91,"column":9},"end":{"line":96,"column":5}},"type":"if","locations":[{"start":{"line":91,"column":9},"end":{"line":96,"column":5}},{"start":{"line":94,"column":9},"end":{"line":96,"column":5}}]},"14":{"loc":{"start":{"line":91,"column":13},"end":{"line":91,"column":88}},"type":"binary-expr","locations":[{"start":{"line":91,"column":13},"end":{"line":91,"column":35}},{"start":{"line":91,"column":39},"end":{"line":91,"column":63}},{"start":{"line":91,"column":67},"end":{"line":91,"column":88}}]},"15":{"loc":{"start":{"line":106,"column":10},"end":{"line":106,"column":55}},"type":"cond-expr","locations":[{"start":{"line":106,"column":27},"end":{"line":106,"column":44}},{"start":{"line":106,"column":47},"end":{"line":106,"column":55}}]},"16":{"loc":{"start":{"line":145,"column":2},"end":{"line":145,"column":27}},"type":"if","locations":[{"start":{"line":145,"column":2},"end":{"line":145,"column":27}},{"start":{},"end":{}}]},"17":{"loc":{"start":{"line":152,"column":13},"end":{"line":152,"column":70}},"type":"cond-expr","locations":[{"start":{"line":152,"column":30},"end":{"line":152,"column":47}},{"start":{"line":152,"column":50},"end":{"line":152,"column":70}}]},"18":{"loc":{"start":{"line":225,"column":17},"end":{"line":232,"column":null}},"type":"cond-expr","locations":[{"start":{"line":226,"column":18},"end":{"line":226,"column":72}},{"start":{"line":228,"column":18},"end":{"line":232,"column":20}}]}},"s":{"0":0,"1":0,"2":0,"3":0,"4":0,"5":0,"6":0,"7":0,"8":0,"9":0,"10":0,"11":0,"12":0,"13":0,"14":0,"15":0,"16":0,"17":0,"18":0,"19":0,"20":0,"21":0,"22":0,"23":0,"24":0,"25":0,"26":0,"27":0,"28":0,"29":0,"30":0,"31":0,"32":0,"33":0,"34":0,"35":0,"36":0,"37":0,"38":0,"39":0,"40":0,"41":0,"42":0,"43":0,"44":0,"45":0,"46":0,"47":0,"48":0,"49":0,"50":0,"51":0,"52":0,"53":0,"54":0,"55":0,"56":0,"57":0,"58":0,"59":0,"60":0,"61":0,"62":0,"63":0,"64":0,"65":0,"66":0,"67":0,"68":0,"69":0,"70":0,"71":0,"72":0,"73":0,"74":0,"75":0,"76":0,"77":0,"78":0,"79":0,"80":0,"81":0,"82":0,"83":0,"84":0,"85":0,"86":0,"87":0,"88":0,"89":0,"90":0,"91":0,"92":0,"93":0,"94":0,"95":0,"96":0},"f":{"0":0,"1":0,"2":0,"3":0,"4":0,"5":0,"6":0,"7":0,"8":0,"9":0,"10":0,"11":0,"12":0,"13":0,"14":0,"15":0,"16":0,"17":0,"18":0,"19":0,"20":0,"21":0,"22":0,"23":0,"24":0,"25":0,"26":0,"27":0,"28":0},"b":{"0":[0,0],"1":[0,0],"2":[0,0],"3":[0,0],"4":[0,0],"5":[0,0,0],"6":[0,0],"7":[0,0],"8":[0,0],"9":[0,0],"10":[0,0],"11":[0,0],"12":[0,0],"13":[0,0],"14":[0,0,0],"15":[0,0],"16":[0,0],"17":[0,0],"18":[0,0]}}
,"C:\\Users\\gilmar dutra\\Documents\\sord-sistema-de-or-amento-rapido-principal-main\\sord-frontend\\src\\components\\MaterialManagement.tsx": {"path":"C:\\Users\\gilmar dutra\\Documents\\sord-sistema-de-or-amento-rapido-principal-main\\sord-frontend\\src\\components\\MaterialManagement.tsx","statementMap":{"0":{"start":{"line":1,"column":0},"end":{"line":1,"column":53}},"1":{"start":{"line":3,"column":0},"end":{"line":3,"column":49}},"2":{"start":{"line":4,"column":0},"end":{"line":4,"column":56}},"3":{"start":{"line":5,"column":0},"end":{"line":5,"column":58}},"4":{"start":{"line":11,"column":69},"end":{"line":163,"column":1}},"5":{"start":{"line":13,"column":2},"end":{"line":13,"column":60}},"6":{"start":{"line":13,"column":48},"end":{"line":13,"column":60}},"7":{"start":{"line":15,"column":69},"end":{"line":15,"column":78}},"8":{"start":{"line":17,"column":2},"end":{"line":20,"column":18}},"9":{"start":{"line":18,"column":4},"end":{"line":18,"column":54}},"10":{"start":{"line":19,"column":4},"end":{"line":19,"column":49}},"11":{"start":{"line":21,"column":40},"end":{"line":21,"column":55}},"12":{"start":{"line":22,"column":48},"end":{"line":22,"column":79}},"13":{"start":{"line":24,"column":25},"end":{"line":27,"column":3}},"14":{"start":{"line":25,"column":4},"end":{"line":25,"column":29}},"15":{"start":{"line":26,"column":4},"end":{"line":26,"column":25}},"16":{"start":{"line":29,"column":26},"end":{"line":32,"column":3}},"17":{"start":{"line":30,"column":4},"end":{"line":30,"column":33}},"18":{"start":{"line":31,"column":4},"end":{"line":31,"column":25}},"19":{"start":{"line":34,"column":28},"end":{"line":38,"column":3}},"20":{"start":{"line":35,"column":4},"end":{"line":37,"column":5}},"21":{"start":{"line":36,"column":6},"end":{"line":36,"column":33}},"22":{"start":{"line":40,"column":29},"end":{"line":47,"column":3}},"23":{"start":{"line":41,"column":4},"end":{"line":45,"column":5}},"24":{"start":{"line":42,"column":6},"end":{"line":42,"column":31}},"25":{"start":{"line":44,"column":6},"end":{"line":44,"column":28}},"26":{"start":{"line":46,"column":4},"end":{"line":46,"column":26}},"27":{"start":{"line":49,"column":2},"end":{"line":162,"column":4}},"28":{"start":{"line":69,"column":14},"end":{"line":146,"column":null}},"29":{"start":{"line":74,"column":37},"end":{"line":74,"column":62}},"30":{"start":{"line":81,"column":37},"end":{"line":81,"column":67}},"31":{"start":{"line":99,"column":46},"end":{"line":101,"column":113}},"32":{"start":{"line":103,"column":48},"end":{"line":105,"column":119}},"33":{"start":{"line":107,"column":45},"end":{"line":109,"column":110}},"34":{"start":{"line":111,"column":24},"end":{"line":142,"column":26}},"35":{"start":{"line":156,"column":25},"end":{"line":156,"column":46}},"36":{"start":{"line":11,"column":13},"end":{"line":11,"column":69}}},"fnMap":{"0":{"name":"(anonymous_9)","decl":{"start":{"line":11,"column":69},"end":{"line":11,"column":70}},"loc":{"start":{"line":11,"column":88},"end":{"line":163,"column":1}}},"1":{"name":"(anonymous_10)","decl":{"start":{"line":17,"column":18},"end":{"line":17,"column":21}},"loc":{"start":{"line":17,"column":23},"end":{"line":20,"column":3}}},"2":{"name":"(anonymous_11)","decl":{"start":{"line":24,"column":25},"end":{"line":24,"column":28}},"loc":{"start":{"line":24,"column":30},"end":{"line":27,"column":3}}},"3":{"name":"(anonymous_12)","decl":{"start":{"line":29,"column":26},"end":{"line":29,"column":27}},"loc":{"start":{"line":29,"column":49},"end":{"line":32,"column":3}}},"4":{"name":"(anonymous_13)","decl":{"start":{"line":34,"column":28},"end":{"line":34,"column":29}},"loc":{"start":{"line":34,"column":51},"end":{"line":38,"column":3}}},"5":{"name":"(anonymous_14)","decl":{"start":{"line":40,"column":29},"end":{"line":40,"column":30}},"loc":{"start":{"line":40,"column":52},"end":{"line":47,"column":3}}},"6":{"name":"(anonymous_15)","decl":{"start":{"line":68,"column":27},"end":{"line":68,"column":28}},"loc":{"start":{"line":69,"column":14},"end":{"line":146,"column":null}}},"7":{"name":"(anonymous_16)","decl":{"start":{"line":74,"column":31},"end":{"line":74,"column":34}},"loc":{"start":{"line":74,"column":37},"end":{"line":74,"column":62}}},"8":{"name":"(anonymous_17)","decl":{"start":{"line":81,"column":31},"end":{"line":81,"column":34}},"loc":{"start":{"line":81,"column":37},"end":{"line":81,"column":67}}},"9":{"name":"(anonymous_18)","decl":{"start":{"line":98,"column":47},"end":{"line":98,"column":48}},"loc":{"start":{"line":98,"column":72},"end":{"line":143,"column":23}}},"10":{"name":"(anonymous_19)","decl":{"start":{"line":156,"column":19},"end":{"line":156,"column":22}},"loc":{"start":{"line":156,"column":25},"end":{"line":156,"column":46}}}},"branchMap":{"0":{"loc":{"start":{"line":13,"column":2},"end":{"line":13,"column":60}},"type":"if","locations":[{"start":{"line":13,"column":2},"end":{"line":13,"column":60}},{"start":{},"end":{}}]},"1":{"loc":{"start":{"line":13,"column":6},"end":{"line":13,"column":46}},"type":"binary-expr","locations":[{"start":{"line":13,"column":6},"end":{"line":13,"column":16}},{"start":{"line":13,"column":20},"end":{"line":13,"column":46}}]},"2":{"loc":{"start":{"line":35,"column":4},"end":{"line":37,"column":5}},"type":"if","locations":[{"start":{"line":35,"column":4},"end":{"line":37,"column":5}},{"start":{},"end":{}}]},"3":{"loc":{"start":{"line":41,"column":4},"end":{"line":45,"column":5}},"type":"if","locations":[{"start":{"line":41,"column":4},"end":{"line":45,"column":5}},{"start":{"line":43,"column":11},"end":{"line":45,"column":5}}]},"4":{"loc":{"start":{"line":64,"column":9},"end":{"line":149,"column":null}},"type":"cond-expr","locations":[{"start":{"line":65,"column":10},"end":{"line":65,"column":81}},{"start":{"line":67,"column":10},"end":{"line":148,"column":null}}]},"5":{"loc":{"start":{"line":89,"column":67},"end":{"line":89,"column":96}},"type":"binary-expr","locations":[{"start":{"line":89,"column":67},"end":{"line":89,"column":87}},{"start":{"line":89,"column":91},"end":{"line":89,"column":96}}]},"6":{"loc":{"start":{"line":94,"column":17},"end":{"line":145,"column":null}},"type":"binary-expr","locations":[{"start":{"line":94,"column":17},"end":{"line":94,"column":36}},{"start":{"line":94,"column":40},"end":{"line":94,"column":70}},{"start":{"line":95,"column":18},"end":{"line":144,"column":null}}]},"7":{"loc":{"start":{"line":99,"column":46},"end":{"line":101,"column":113}},"type":"cond-expr","locations":[{"start":{"line":100,"column":26},"end":{"line":100,"column":76}},{"start":{"line":101,"column":26},"end":{"line":101,"column":113}}]},"8":{"loc":{"start":{"line":101,"column":26},"end":{"line":101,"column":113}},"type":"cond-expr","locations":[{"start":{"line":101,"column":53},"end":{"line":101,"column":106}},{"start":{"line":101,"column":109},"end":{"line":101,"column":113}}]},"9":{"loc":{"start":{"line":103,"column":48},"end":{"line":105,"column":119}},"type":"cond-expr","locations":[{"start":{"line":104,"column":26},"end":{"line":104,"column":80}},{"start":{"line":105,"column":26},"end":{"line":105,"column":119}}]},"10":{"loc":{"start":{"line":105,"column":26},"end":{"line":105,"column":119}},"type":"cond-expr","locations":[{"start":{"line":105,"column":55},"end":{"line":105,"column":112}},{"start":{"line":105,"column":115},"end":{"line":105,"column":119}}]},"11":{"loc":{"start":{"line":107,"column":45},"end":{"line":109,"column":110}},"type":"cond-expr","locations":[{"start":{"line":108,"column":26},"end":{"line":108,"column":74}},{"start":{"line":109,"column":26},"end":{"line":109,"column":110}}]},"12":{"loc":{"start":{"line":109,"column":26},"end":{"line":109,"column":110}},"type":"cond-expr","locations":[{"start":{"line":109,"column":52},"end":{"line":109,"column":103}},{"start":{"line":109,"column":106},"end":{"line":109,"column":110}}]},"13":{"loc":{"start":{"line":124,"column":33},"end":{"line":127,"column":null}},"type":"binary-expr","locations":[{"start":{"line":124,"column":33},"end":{"line":124,"column":46}},{"start":{"line":125,"column":34},"end":{"line":126,"column":null}}]},"14":{"loc":{"start":{"line":129,"column":33},"end":{"line":132,"column":null}},"type":"binary-expr","locations":[{"start":{"line":129,"column":33},"end":{"line":129,"column":48}},{"start":{"line":130,"column":34},"end":{"line":131,"column":null}}]},"15":{"loc":{"start":{"line":134,"column":33},"end":{"line":137,"column":null}},"type":"binary-expr","locations":[{"start":{"line":134,"column":33},"end":{"line":134,"column":45}},{"start":{"line":135,"column":34},"end":{"line":136,"column":null}}]},"16":{"loc":{"start":{"line":153,"column":7},"end":{"line":159,"column":null}},"type":"binary-expr","locations":[{"start":{"line":153,"column":7},"end":{"line":153,"column":18}},{"start":{"line":154,"column":8},"end":{"line":158,"column":null}}]}},"s":{"0":0,"1":0,"2":0,"3":0,"4":0,"5":0,"6":0,"7":0,"8":0,"9":0,"10":0,"11":0,"12":0,"13":0,"14":0,"15":0,"16":0,"17":0,"18":0,"19":0,"20":0,"21":0,"22":0,"23":0,"24":0,"25":0,"26":0,"27":0,"28":0,"29":0,"30":0,"31":0,"32":0,"33":0,"34":0,"35":0,"36":0},"f":{"0":0,"1":0,"2":0,"3":0,"4":0,"5":0,"6":0,"7":0,"8":0,"9":0,"10":0},"b":{"0":[0,0],"1":[0,0],"2":[0,0],"3":[0,0],"4":[0,0],"5":[0,0],"6":[0,0,0],"7":[0,0],"8":[0,0],"9":[0,0],"10":[0,0],"11":[0,0],"12":[0,0],"13":[0,0],"14":[0,0],"15":[0,0],"16":[0,0]}}
,"C:\\Users\\gilmar dutra\\Documents\\sord-sistema-de-or-amento-rapido-principal-main\\sord-frontend\\src\\components\\MaterialSelectionModal.tsx": {"path":"C:\\Users\\gilmar dutra\\Documents\\sord-sistema-de-or-amento-rapido-principal-main\\sord-frontend\\src\\components\\MaterialSelectionModal.tsx","statementMap":{"0":{"start":{"line":1,"column":0},"end":{"line":1,"column":40}},"1":{"start":{"line":2,"column":0},"end":{"line":2,"column":49}},"2":{"start":{"line":11,"column":77},"end":{"line":95,"column":1}},"3":{"start":{"line":16,"column":36},"end":{"line":16,"column":45}},"4":{"start":{"line":17,"column":38},"end":{"line":17,"column":50}},"5":{"start":{"line":18,"column":54},"end":{"line":18,"column":74}},"6":{"start":{"line":20,"column":2},"end":{"line":20,"column":27}},"7":{"start":{"line":20,"column":15},"end":{"line":20,"column":27}},"8":{"start":{"line":22,"column":28},"end":{"line":27,"column":4}},"9":{"start":{"line":23,"column":26},"end":{"line":24,"column":75}},"10":{"start":{"line":25,"column":28},"end":{"line":25,"column":93}},"11":{"start":{"line":26,"column":4},"end":{"line":26,"column":44}},"12":{"start":{"line":29,"column":2},"end":{"line":94,"column":4}},"13":{"start":{"line":39,"column":31},"end":{"line":39,"column":60}},"14":{"start":{"line":44,"column":31},"end":{"line":44,"column":68}},"15":{"start":{"line":49,"column":16},"end":{"line":50,"column":null}},"16":{"start":{"line":60,"column":31},"end":{"line":60,"column":81}},"17":{"start":{"line":60,"column":52},"end":{"line":60,"column":80}},"18":{"start":{"line":61,"column":14},"end":{"line":74,"column":16}},"19":{"start":{"line":64,"column":33},"end":{"line":64,"column":51}},"20":{"start":{"line":11,"column":13},"end":{"line":11,"column":77}}},"fnMap":{"0":{"name":"(anonymous_9)","decl":{"start":{"line":11,"column":77},"end":{"line":11,"column":78}},"loc":{"start":{"line":15,"column":5},"end":{"line":95,"column":1}}},"1":{"name":"(anonymous_10)","decl":{"start":{"line":22,"column":45},"end":{"line":22,"column":46}},"loc":{"start":{"line":22,"column":58},"end":{"line":27,"column":3}}},"2":{"name":"(anonymous_11)","decl":{"start":{"line":39,"column":24},"end":{"line":39,"column":25}},"loc":{"start":{"line":39,"column":31},"end":{"line":39,"column":60}}},"3":{"name":"(anonymous_12)","decl":{"start":{"line":44,"column":24},"end":{"line":44,"column":25}},"loc":{"start":{"line":44,"column":31},"end":{"line":44,"column":68}}},"4":{"name":"(anonymous_13)","decl":{"start":{"line":48,"column":30},"end":{"line":48,"column":31}},"loc":{"start":{"line":49,"column":16},"end":{"line":50,"column":null}}},"5":{"name":"(anonymous_14)","decl":{"start":{"line":59,"column":35},"end":{"line":59,"column":36}},"loc":{"start":{"line":59,"column":48},"end":{"line":75,"column":13}}},"6":{"name":"(anonymous_15)","decl":{"start":{"line":60,"column":47},"end":{"line":60,"column":48}},"loc":{"start":{"line":60,"column":52},"end":{"line":60,"column":80}}},"7":{"name":"(anonymous_16)","decl":{"start":{"line":64,"column":27},"end":{"line":64,"column":30}},"loc":{"start":{"line":64,"column":33},"end":{"line":64,"column":51}}}},"branchMap":{"0":{"loc":{"start":{"line":20,"column":2},"end":{"line":20,"column":27}},"type":"if","locations":[{"start":{"line":20,"column":2},"end":{"line":20,"column":27}},{"start":{},"end":{}}]},"1":{"loc":{"start":{"line":23,"column":26},"end":{"line":24,"column":75}},"type":"binary-expr","locations":[{"start":{"line":23,"column":26},"end":{"line":23,"column":88}},{"start":{"line":24,"column":6},"end":{"line":24,"column":75}}]},"2":{"loc":{"start":{"line":25,"column":28},"end":{"line":25,"column":93}},"type":"binary-expr","locations":[{"start":{"line":25,"column":28},"end":{"line":25,"column":47}},{"start":{"line":25,"column":51},"end":{"line":25,"column":93}}]},"3":{"loc":{"start":{"line":26,"column":11},"end":{"line":26,"column":43}},"type":"binary-expr","locations":[{"start":{"line":26,"column":11},"end":{"line":26,"column":24}},{"start":{"line":26,"column":28},"end":{"line":26,"column":43}}]},"4":{"loc":{"start":{"line":70,"column":60},"end":{"line":70,"column":93}},"type":"binary-expr","locations":[{"start":{"line":70,"column":60},"end":{"line":70,"column":74}},{"start":{"line":70,"column":78},"end":{"line":70,"column":93}}]},"5":{"loc":{"start":{"line":76,"column":13},"end":{"line":79,"column":null}},"type":"binary-expr","locations":[{"start":{"line":76,"column":13},"end":{"line":76,"column":43}},{"start":{"line":77,"column":14},"end":{"line":77,"column":null}}]}},"s":{"0":1,"1":1,"2":1,"3":0,"4":0,"5":0,"6":0,"7":0,"8":0,"9":0,"10":0,"11":0,"12":0,"13":0,"14":0,"15":0,"16":0,"17":0,"18":0,"19":0,"20":1},"f":{"0":0,"1":0,"2":0,"3":0,"4":0,"5":0,"6":0,"7":0},"b":{"0":[0,0],"1":[0,0],"2":[0,0],"3":[0,0],"4":[0,0],"5":[0,0]}}
,"C:\\Users\\gilmar dutra\\Documents\\sord-sistema-de-or-amento-rapido-principal-main\\sord-frontend\\src\\components\\NavItem.tsx": {"path":"C:\\Users\\gilmar dutra\\Documents\\sord-sistema-de-or-amento-rapido-principal-main\\sord-frontend\\src\\components\\NavItem.tsx","statementMap":{"0":{"start":{"line":1,"column":0},"end":{"line":1,"column":26}},"1":{"start":{"line":14,"column":47},"end":{"line":43,"column":1}},"2":{"start":{"line":23,"column":2},"end":{"line":42,"column":4}},"3":{"start":{"line":26,"column":8},"end":{"line":31,"column":9}},"4":{"start":{"line":27,"column":10},"end":{"line":27,"column":20}},"5":{"start":{"line":28,"column":15},"end":{"line":31,"column":9}},"6":{"start":{"line":29,"column":10},"end":{"line":29,"column":58}},"7":{"start":{"line":29,"column":37},"end":{"line":29,"column":58}},"8":{"start":{"line":30,"column":10},"end":{"line":30,"column":31}},"9":{"start":{"line":14,"column":13},"end":{"line":14,"column":47}}},"fnMap":{"0":{"name":"(anonymous_1)","decl":{"start":{"line":14,"column":47},"end":{"line":14,"column":48}},"loc":{"start":{"line":22,"column":5},"end":{"line":43,"column":1}}},"1":{"name":"(anonymous_2)","decl":{"start":{"line":25,"column":15},"end":{"line":25,"column":18}},"loc":{"start":{"line":25,"column":20},"end":{"line":32,"column":7}}}},"branchMap":{"0":{"loc":{"start":{"line":26,"column":8},"end":{"line":31,"column":9}},"type":"if","locations":[{"start":{"line":26,"column":8},"end":{"line":31,"column":9}},{"start":{"line":28,"column":15},"end":{"line":31,"column":9}}]},"1":{"loc":{"start":{"line":28,"column":15},"end":{"line":31,"column":9}},"type":"if","locations":[{"start":{"line":28,"column":15},"end":{"line":31,"column":9}},{"start":{},"end":{}}]},"2":{"loc":{"start":{"line":29,"column":10},"end":{"line":29,"column":58}},"type":"if","locations":[{"start":{"line":29,"column":10},"end":{"line":29,"column":58}},{"start":{},"end":{}}]},"3":{"loc":{"start":{"line":34,"column":8},"end":{"line":36,"column":null}},"type":"cond-expr","locations":[{"start":{"line":35,"column":12},"end":{"line":35,"column":62}},{"start":{"line":36,"column":12},"end":{"line":36,"column":null}}]}},"s":{"0":0,"1":0,"2":0,"3":0,"4":0,"5":0,"6":0,"7":0,"8":0,"9":0},"f":{"0":0,"1":0},"b":{"0":[0,0],"1":[0,0],"2":[0,0],"3":[0,0]}}
,"C:\\Users\\gilmar dutra\\Documents\\sord-sistema-de-or-amento-rapido-principal-main\\sord-frontend\\src\\components\\PaymentForm.tsx": {"path":"C:\\Users\\gilmar dutra\\Documents\\sord-sistema-de-or-amento-rapido-principal-main\\sord-frontend\\src\\components\\PaymentForm.tsx","statementMap":{"0":{"start":{"line":1,"column":0},"end":{"line":1,"column":40}},"1":{"start":{"line":2,"column":0},"end":{"line":2,"column":40}},"2":{"start":{"line":22,"column":55},"end":{"line":220,"column":1}},"3":{"start":{"line":28,"column":32},"end":{"line":28,"column":47}},"4":{"start":{"line":29,"column":34},"end":{"line":38,"column":4}},"5":{"start":{"line":39,"column":28},"end":{"line":39,"column":57}},"6":{"start":{"line":40,"column":32},"end":{"line":40,"column":47}},"7":{"start":{"line":42,"column":28},"end":{"line":48,"column":3}},"8":{"start":{"line":43,"column":28},"end":{"line":43,"column":36}},"9":{"start":{"line":44,"column":4},"end":{"line":47,"column":8}},"10":{"start":{"line":44,"column":25},"end":{"line":47,"column":6}},"11":{"start":{"line":50,"column":23},"end":{"line":95,"column":3}},"12":{"start":{"line":51,"column":4},"end":{"line":51,"column":23}},"13":{"start":{"line":52,"column":4},"end":{"line":52,"column":21}},"14":{"start":{"line":53,"column":4},"end":{"line":53,"column":19}},"15":{"start":{"line":55,"column":4},"end":{"line":94,"column":5}},"16":{"start":{"line":56,"column":20},"end":{"line":56,"column":49}},"17":{"start":{"line":57,"column":6},"end":{"line":59,"column":7}},"18":{"start":{"line":58,"column":8},"end":{"line":58,"column":51}},"19":{"start":{"line":61,"column":21},"end":{"line":61,"column":28}},"20":{"start":{"line":63,"column":23},"end":{"line":78,"column":8}},"21":{"start":{"line":80,"column":19},"end":{"line":80,"column":40}},"22":{"start":{"line":82,"column":6},"end":{"line":84,"column":7}},"23":{"start":{"line":83,"column":8},"end":{"line":83,"column":69}},"24":{"start":{"line":86,"column":6},"end":{"line":86,"column":23}},"25":{"start":{"line":87,"column":6},"end":{"line":87,"column":24}},"26":{"start":{"line":89,"column":23},"end":{"line":89,"column":67}},"27":{"start":{"line":90,"column":6},"end":{"line":90,"column":25}},"28":{"start":{"line":91,"column":6},"end":{"line":91,"column":26}},"29":{"start":{"line":93,"column":6},"end":{"line":93,"column":24}},"30":{"start":{"line":97,"column":2},"end":{"line":105,"column":3}},"31":{"start":{"line":98,"column":4},"end":{"line":104,"column":6}},"32":{"start":{"line":107,"column":2},"end":{"line":219,"column":4}},"33":{"start":{"line":203,"column":14},"end":{"line":204,"column":null}},"34":{"start":{"line":22,"column":13},"end":{"line":22,"column":55}}},"fnMap":{"0":{"name":"(anonymous_9)","decl":{"start":{"line":22,"column":55},"end":{"line":22,"column":56}},"loc":{"start":{"line":27,"column":5},"end":{"line":220,"column":1}}},"1":{"name":"(anonymous_10)","decl":{"start":{"line":42,"column":28},"end":{"line":42,"column":29}},"loc":{"start":{"line":42,"column":91},"end":{"line":48,"column":3}}},"2":{"name":"(anonymous_11)","decl":{"start":{"line":44,"column":16},"end":{"line":44,"column":20}},"loc":{"start":{"line":44,"column":25},"end":{"line":47,"column":6}}},"3":{"name":"(anonymous_12)","decl":{"start":{"line":50,"column":23},"end":{"line":50,"column":28}},"loc":{"start":{"line":50,"column":52},"end":{"line":95,"column":3}}},"4":{"name":"(anonymous_13)","decl":{"start":{"line":202,"column":34},"end":{"line":202,"column":35}},"loc":{"start":{"line":203,"column":14},"end":{"line":204,"column":null}}}},"branchMap":{"0":{"loc":{"start":{"line":46,"column":14},"end":{"line":46,"column":86}},"type":"cond-expr","locations":[{"start":{"line":46,"column":61},"end":{"line":46,"column":78}},{"start":{"line":46,"column":81},"end":{"line":46,"column":86}}]},"1":{"loc":{"start":{"line":46,"column":14},"end":{"line":46,"column":58}},"type":"binary-expr","locations":[{"start":{"line":46,"column":14},"end":{"line":46,"column":31}},{"start":{"line":46,"column":35},"end":{"line":46,"column":58}}]},"2":{"loc":{"start":{"line":57,"column":6},"end":{"line":59,"column":7}},"type":"if","locations":[{"start":{"line":57,"column":6},"end":{"line":59,"column":7}},{"start":{},"end":{}}]},"3":{"loc":{"start":{"line":82,"column":6},"end":{"line":84,"column":7}},"type":"if","locations":[{"start":{"line":82,"column":6},"end":{"line":84,"column":7}},{"start":{},"end":{}}]},"4":{"loc":{"start":{"line":83,"column":24},"end":{"line":83,"column":67}},"type":"binary-expr","locations":[{"start":{"line":83,"column":24},"end":{"line":83,"column":34}},{"start":{"line":83,"column":38},"end":{"line":83,"column":67}}]},"5":{"loc":{"start":{"line":89,"column":23},"end":{"line":89,"column":67}},"type":"binary-expr","locations":[{"start":{"line":89,"column":23},"end":{"line":89,"column":34}},{"start":{"line":89,"column":38},"end":{"line":89,"column":67}}]},"6":{"loc":{"start":{"line":97,"column":2},"end":{"line":105,"column":3}},"type":"if","locations":[{"start":{"line":97,"column":2},"end":{"line":105,"column":3}},{"start":{},"end":{}}]},"7":{"loc":{"start":{"line":111,"column":7},"end":{"line":114,"column":null}},"type":"binary-expr","locations":[{"start":{"line":111,"column":7},"end":{"line":111,"column":12}},{"start":{"line":112,"column":8},"end":{"line":113,"column":null}}]},"8":{"loc":{"start":{"line":215,"column":11},"end":{"line":215,"column":47}},"type":"cond-expr","locations":[{"start":{"line":215,"column":21},"end":{"line":215,"column":37}},{"start":{"line":215,"column":40},"end":{"line":215,"column":47}}]}},"s":{"0":0,"1":0,"2":0,"3":0,"4":0,"5":0,"6":0,"7":0,"8":0,"9":0,"10":0,"11":0,"12":0,"13":0,"14":0,"15":0,"16":0,"17":0,"18":0,"19":0,"20":0,"21":0,"22":0,"23":0,"24":0,"25":0,"26":0,"27":0,"28":0,"29":0,"30":0,"31":0,"32":0,"33":0,"34":0},"f":{"0":0,"1":0,"2":0,"3":0,"4":0},"b":{"0":[0,0],"1":[0,0],"2":[0,0],"3":[0,0],"4":[0,0],"5":[0,0],"6":[0,0],"7":[0,0],"8":[0,0]}}
,"C:\\Users\\gilmar dutra\\Documents\\sord-sistema-de-or-amento-rapido-principal-main\\sord-frontend\\src\\components\\PaymentPage.tsx": {"path":"C:\\Users\\gilmar dutra\\Documents\\sord-sistema-de-or-amento-rapido-principal-main\\sord-frontend\\src\\components\\PaymentPage.tsx","statementMap":{"0":{"start":{"line":1,"column":0},"end":{"line":1,"column":51}},"1":{"start":{"line":2,"column":0},"end":{"line":2,"column":67}},"2":{"start":{"line":16,"column":18},"end":{"line":24,"column":1}},"3":{"start":{"line":17,"column":2},"end":{"line":19,"column":3}},"4":{"start":{"line":18,"column":4},"end":{"line":18,"column":57}},"5":{"start":{"line":20,"column":2},"end":{"line":22,"column":3}},"6":{"start":{"line":21,"column":4},"end":{"line":21,"column":44}},"7":{"start":{"line":23,"column":2},"end":{"line":23,"column":22}},"8":{"start":{"line":26,"column":55},"end":{"line":228,"column":1}},"9":{"start":{"line":27,"column":36},"end":{"line":27,"column":50}},"10":{"start":{"line":28,"column":28},"end":{"line":28,"column":57}},"11":{"start":{"line":29,"column":46},"end":{"line":29,"column":58}},"12":{"start":{"line":30,"column":28},"end":{"line":30,"column":40}},"13":{"start":{"line":31,"column":42},"end":{"line":31,"column":57}},"14":{"start":{"line":32,"column":46},"end":{"line":32,"column":75}},"15":{"start":{"line":34,"column":23},"end":{"line":34,"column":77}},"16":{"start":{"line":35,"column":24},"end":{"line":35,"column":102}},"17":{"start":{"line":37,"column":2},"end":{"line":57,"column":22}},"18":{"start":{"line":39,"column":19},"end":{"line":39,"column":51}},"19":{"start":{"line":40,"column":4},"end":{"line":40,"column":53}},"20":{"start":{"line":41,"column":4},"end":{"line":41,"column":24}},"21":{"start":{"line":42,"column":4},"end":{"line":47,"column":6}},"22":{"start":{"line":43,"column":6},"end":{"line":46,"column":7}},"23":{"start":{"line":44,"column":8},"end":{"line":44,"column":60}},"24":{"start":{"line":45,"column":8},"end":{"line":45,"column":28}},"25":{"start":{"line":48,"column":4},"end":{"line":51,"column":6}},"26":{"start":{"line":49,"column":6},"end":{"line":49,"column":70}},"27":{"start":{"line":50,"column":6},"end":{"line":50,"column":26}},"28":{"start":{"line":52,"column":4},"end":{"line":52,"column":38}},"29":{"start":{"line":54,"column":4},"end":{"line":56,"column":6}},"30":{"start":{"line":55,"column":6},"end":{"line":55,"column":40}},"31":{"start":{"line":59,"column":24},"end":{"line":114,"column":3}},"32":{"start":{"line":60,"column":4},"end":{"line":60,"column":23}},"33":{"start":{"line":61,"column":4},"end":{"line":61,"column":26}},"34":{"start":{"line":62,"column":4},"end":{"line":62,"column":19}},"35":{"start":{"line":64,"column":4},"end":{"line":113,"column":5}},"36":{"start":{"line":65,"column":6},"end":{"line":67,"column":7}},"37":{"start":{"line":66,"column":8},"end":{"line":66,"column":63}},"38":{"start":{"line":73,"column":26},"end":{"line":83,"column":8}},"39":{"start":{"line":87,"column":23},"end":{"line":94,"column":8}},"40":{"start":{"line":96,"column":6},"end":{"line":99,"column":7}},"41":{"start":{"line":97,"column":26},"end":{"line":97,"column":47}},"42":{"start":{"line":98,"column":8},"end":{"line":98,"column":76}},"43":{"start":{"line":101,"column":6},"end":{"line":101,"column":28}},"44":{"start":{"line":103,"column":6},"end":{"line":103,"column":80}},"45":{"start":{"line":104,"column":6},"end":{"line":106,"column":15}},"46":{"start":{"line":105,"column":8},"end":{"line":105,"column":27}},"47":{"start":{"line":108,"column":27},"end":{"line":108,"column":106}},"48":{"start":{"line":109,"column":6},"end":{"line":109,"column":29}},"49":{"start":{"line":110,"column":6},"end":{"line":110,"column":35}},"50":{"start":{"line":112,"column":6},"end":{"line":112,"column":29}},"51":{"start":{"line":116,"column":2},"end":{"line":127,"column":3}},"52":{"start":{"line":117,"column":4},"end":{"line":126,"column":6}},"53":{"start":{"line":129,"column":2},"end":{"line":227,"column":4}},"54":{"start":{"line":171,"column":33},"end":{"line":171,"column":66}},"55":{"start":{"line":186,"column":33},"end":{"line":186,"column":57}},"56":{"start":{"line":26,"column":13},"end":{"line":26,"column":55}}},"fnMap":{"0":{"name":"(anonymous_9)","decl":{"start":{"line":16,"column":18},"end":{"line":16,"column":19}},"loc":{"start":{"line":16,"column":64},"end":{"line":24,"column":1}}},"1":{"name":"(anonymous_10)","decl":{"start":{"line":26,"column":55},"end":{"line":26,"column":56}},"loc":{"start":{"line":26,"column":96},"end":{"line":228,"column":1}}},"2":{"name":"(anonymous_11)","decl":{"start":{"line":37,"column":12},"end":{"line":37,"column":15}},"loc":{"start":{"line":37,"column":17},"end":{"line":57,"column":3}}},"3":{"name":"(anonymous_12)","decl":{"start":{"line":42,"column":20},"end":{"line":42,"column":23}},"loc":{"start":{"line":42,"column":25},"end":{"line":47,"column":5}}},"4":{"name":"(anonymous_13)","decl":{"start":{"line":48,"column":21},"end":{"line":48,"column":24}},"loc":{"start":{"line":48,"column":26},"end":{"line":51,"column":5}}},"5":{"name":"(anonymous_14)","decl":{"start":{"line":54,"column":11},"end":{"line":54,"column":14}},"loc":{"start":{"line":54,"column":16},"end":{"line":56,"column":5}}},"6":{"name":"(anonymous_15)","decl":{"start":{"line":59,"column":24},"end":{"line":59,"column":29}},"loc":{"start":{"line":59,"column":53},"end":{"line":114,"column":3}}},"7":{"name":"(anonymous_16)","decl":{"start":{"line":104,"column":17},"end":{"line":104,"column":20}},"loc":{"start":{"line":104,"column":22},"end":{"line":106,"column":7}}},"8":{"name":"(anonymous_17)","decl":{"start":{"line":171,"column":26},"end":{"line":171,"column":27}},"loc":{"start":{"line":171,"column":33},"end":{"line":171,"column":66}}},"9":{"name":"(anonymous_18)","decl":{"start":{"line":186,"column":26},"end":{"line":186,"column":27}},"loc":{"start":{"line":186,"column":33},"end":{"line":186,"column":57}}}},"branchMap":{"0":{"loc":{"start":{"line":17,"column":2},"end":{"line":19,"column":3}},"type":"if","locations":[{"start":{"line":17,"column":2},"end":{"line":19,"column":3}},{"start":{},"end":{}}]},"1":{"loc":{"start":{"line":17,"column":6},"end":{"line":17,"column":59}},"type":"binary-expr","locations":[{"start":{"line":17,"column":6},"end":{"line":17,"column":40}},{"start":{"line":17,"column":44},"end":{"line":17,"column":59}}]},"2":{"loc":{"start":{"line":18,"column":12},"end":{"line":18,"column":56}},"type":"binary-expr","locations":[{"start":{"line":18,"column":12},"end":{"line":18,"column":40}},{"start":{"line":18,"column":44},"end":{"line":18,"column":56}}]},"3":{"loc":{"start":{"line":20,"column":2},"end":{"line":22,"column":3}},"type":"if","locations":[{"start":{"line":20,"column":2},"end":{"line":22,"column":3}},{"start":{},"end":{}}]},"4":{"loc":{"start":{"line":20,"column":6},"end":{"line":20,"column":51}},"type":"binary-expr","locations":[{"start":{"line":20,"column":6},"end":{"line":20,"column":36}},{"start":{"line":20,"column":40},"end":{"line":20,"column":51}}]},"5":{"loc":{"start":{"line":21,"column":11},"end":{"line":21,"column":43}},"type":"binary-expr","locations":[{"start":{"line":21,"column":11},"end":{"line":21,"column":27}},{"start":{"line":21,"column":31},"end":{"line":21,"column":43}}]},"6":{"loc":{"start":{"line":43,"column":6},"end":{"line":46,"column":7}},"type":"if","locations":[{"start":{"line":43,"column":6},"end":{"line":46,"column":7}},{"start":{},"end":{}}]},"7":{"loc":{"start":{"line":65,"column":6},"end":{"line":67,"column":7}},"type":"if","locations":[{"start":{"line":65,"column":6},"end":{"line":67,"column":7}},{"start":{},"end":{}}]},"8":{"loc":{"start":{"line":65,"column":10},"end":{"line":65,"column":35}},"type":"binary-expr","locations":[{"start":{"line":65,"column":10},"end":{"line":65,"column":25}},{"start":{"line":65,"column":29},"end":{"line":65,"column":35}}]},"9":{"loc":{"start":{"line":91,"column":37},"end":{"line":91,"column":82}},"type":"binary-expr","locations":[{"start":{"line":91,"column":37},"end":{"line":91,"column":66}},{"start":{"line":91,"column":70},"end":{"line":91,"column":82}}]},"10":{"loc":{"start":{"line":96,"column":6},"end":{"line":99,"column":7}},"type":"if","locations":[{"start":{"line":96,"column":6},"end":{"line":99,"column":7}},{"start":{},"end":{}}]},"11":{"loc":{"start":{"line":98,"column":24},"end":{"line":98,"column":74}},"type":"binary-expr","locations":[{"start":{"line":98,"column":24},"end":{"line":98,"column":41}},{"start":{"line":98,"column":45},"end":{"line":98,"column":74}}]},"12":{"loc":{"start":{"line":108,"column":27},"end":{"line":108,"column":106}},"type":"cond-expr","locations":[{"start":{"line":108,"column":50},"end":{"line":108,"column":61}},{"start":{"line":108,"column":64},"end":{"line":108,"column":106}}]},"13":{"loc":{"start":{"line":116,"column":2},"end":{"line":127,"column":3}},"type":"if","locations":[{"start":{"line":116,"column":2},"end":{"line":127,"column":3}},{"start":{},"end":{}}]},"14":{"loc":{"start":{"line":145,"column":11},"end":{"line":149,"column":null}},"type":"binary-expr","locations":[{"start":{"line":145,"column":11},"end":{"line":145,"column":25}},{"start":{"line":146,"column":12},"end":{"line":148,"column":null}}]},"15":{"loc":{"start":{"line":152,"column":11},"end":{"line":159,"column":null}},"type":"binary-expr","locations":[{"start":{"line":152,"column":11},"end":{"line":152,"column":16}},{"start":{"line":153,"column":12},"end":{"line":158,"column":null}}]},"16":{"loc":{"start":{"line":206,"column":15},"end":{"line":206,"column":73}},"type":"cond-expr","locations":[{"start":{"line":206,"column":30},"end":{"line":206,"column":46}},{"start":{"line":206,"column":49},"end":{"line":206,"column":73}}]}},"s":{"0":0,"1":0,"2":0,"3":0,"4":0,"5":0,"6":0,"7":0,"8":0,"9":0,"10":0,"11":0,"12":0,"13":0,"14":0,"15":0,"16":0,"17":0,"18":0,"19":0,"20":0,"21":0,"22":0,"23":0,"24":0,"25":0,"26":0,"27":0,"28":0,"29":0,"30":0,"31":0,"32":0,"33":0,"34":0,"35":0,"36":0,"37":0,"38":0,"39":0,"40":0,"41":0,"42":0,"43":0,"44":0,"45":0,"46":0,"47":0,"48":0,"49":0,"50":0,"51":0,"52":0,"53":0,"54":0,"55":0,"56":0},"f":{"0":0,"1":0,"2":0,"3":0,"4":0,"5":0,"6":0,"7":0,"8":0,"9":0},"b":{"0":[0,0],"1":[0,0],"2":[0,0],"3":[0,0],"4":[0,0],"5":[0,0],"6":[0,0],"7":[0,0],"8":[0,0],"9":[0,0],"10":[0,0],"11":[0,0],"12":[0,0],"13":[0,0],"14":[0,0],"15":[0,0],"16":[0,0]}}
,"C:\\Users\\gilmar dutra\\Documents\\sord-sistema-de-or-amento-rapido-principal-main\\sord-frontend\\src\\components\\PdfActionModal.tsx": {"path":"C:\\Users\\gilmar dutra\\Documents\\sord-sistema-de-or-amento-rapido-principal-main\\sord-frontend\\src\\components\\PdfActionModal.tsx","statementMap":{"0":{"start":{"line":1,"column":0},"end":{"line":1,"column":26}},"1":{"start":{"line":10,"column":40},"end":{"line":60,"column":1}},"2":{"start":{"line":11,"column":24},"end":{"line":11,"column":59}},"3":{"start":{"line":13,"column":2},"end":{"line":25,"column":21}},"4":{"start":{"line":14,"column":4},"end":{"line":17,"column":5}},"5":{"start":{"line":15,"column":16},"end":{"line":15,"column":41}},"6":{"start":{"line":16,"column":6},"end":{"line":16,"column":16}},"7":{"start":{"line":18,"column":4},"end":{"line":23,"column":6}},"8":{"start":{"line":19,"column":6},"end":{"line":21,"column":7}},"9":{"start":{"line":20,"column":8},"end":{"line":20,"column":33}},"10":{"start":{"line":22,"column":6},"end":{"line":22,"column":19}},"11":{"start":{"line":27,"column":2},"end":{"line":27,"column":27}},"12":{"start":{"line":27,"column":15},"end":{"line":27,"column":27}},"13":{"start":{"line":29,"column":21},"end":{"line":33,"column":3}},"14":{"start":{"line":30,"column":4},"end":{"line":30,"column":21}},"15":{"start":{"line":30,"column":14},"end":{"line":30,"column":21}},"16":{"start":{"line":31,"column":4},"end":{"line":31,"column":31}},"17":{"start":{"line":32,"column":4},"end":{"line":32,"column":14}},"18":{"start":{"line":35,"column":25},"end":{"line":44,"column":3}},"19":{"start":{"line":36,"column":4},"end":{"line":36,"column":21}},"20":{"start":{"line":36,"column":14},"end":{"line":36,"column":21}},"21":{"start":{"line":37,"column":14},"end":{"line":37,"column":41}},"22":{"start":{"line":38,"column":4},"end":{"line":38,"column":17}},"23":{"start":{"line":39,"column":4},"end":{"line":39,"column":26}},"24":{"start":{"line":40,"column":4},"end":{"line":40,"column":33}},"25":{"start":{"line":41,"column":4},"end":{"line":41,"column":14}},"26":{"start":{"line":42,"column":4},"end":{"line":42,"column":15}},"27":{"start":{"line":43,"column":4},"end":{"line":43,"column":14}},"28":{"start":{"line":46,"column":2},"end":{"line":59,"column":4}},"29":{"start":{"line":62,"column":0},"end":{"line":62,"column":30}}},"fnMap":{"0":{"name":"(anonymous_1)","decl":{"start":{"line":10,"column":40},"end":{"line":10,"column":41}},"loc":{"start":{"line":10,"column":97},"end":{"line":60,"column":1}}},"1":{"name":"(anonymous_2)","decl":{"start":{"line":13,"column":18},"end":{"line":13,"column":21}},"loc":{"start":{"line":13,"column":23},"end":{"line":25,"column":3}}},"2":{"name":"(anonymous_3)","decl":{"start":{"line":18,"column":11},"end":{"line":18,"column":14}},"loc":{"start":{"line":18,"column":16},"end":{"line":23,"column":5}}},"3":{"name":"(anonymous_4)","decl":{"start":{"line":29,"column":21},"end":{"line":29,"column":24}},"loc":{"start":{"line":29,"column":26},"end":{"line":33,"column":3}}},"4":{"name":"(anonymous_5)","decl":{"start":{"line":35,"column":25},"end":{"line":35,"column":28}},"loc":{"start":{"line":35,"column":30},"end":{"line":44,"column":3}}}},"branchMap":{"0":{"loc":{"start":{"line":10,"column":57},"end":{"line":10,"column":82}},"type":"default-arg","locations":[{"start":{"line":10,"column":68},"end":{"line":10,"column":82}}]},"1":{"loc":{"start":{"line":14,"column":4},"end":{"line":17,"column":5}},"type":"if","locations":[{"start":{"line":14,"column":4},"end":{"line":17,"column":5}},{"start":{},"end":{}}]},"2":{"loc":{"start":{"line":14,"column":8},"end":{"line":14,"column":22}},"type":"binary-expr","locations":[{"start":{"line":14,"column":8},"end":{"line":14,"column":14}},{"start":{"line":14,"column":18},"end":{"line":14,"column":22}}]},"3":{"loc":{"start":{"line":19,"column":6},"end":{"line":21,"column":7}},"type":"if","locations":[{"start":{"line":19,"column":6},"end":{"line":21,"column":7}},{"start":{},"end":{}}]},"4":{"loc":{"start":{"line":27,"column":2},"end":{"line":27,"column":27}},"type":"if","locations":[{"start":{"line":27,"column":2},"end":{"line":27,"column":27}},{"start":{},"end":{}}]},"5":{"loc":{"start":{"line":30,"column":4},"end":{"line":30,"column":21}},"type":"if","locations":[{"start":{"line":30,"column":4},"end":{"line":30,"column":21}},{"start":{},"end":{}}]},"6":{"loc":{"start":{"line":36,"column":4},"end":{"line":36,"column":21}},"type":"if","locations":[{"start":{"line":36,"column":4},"end":{"line":36,"column":21}},{"start":{},"end":{}}]}},"s":{"0":1,"1":1,"2":42,"3":42,"4":6,"5":0,"6":0,"7":6,"8":6,"9":0,"10":6,"11":42,"12":42,"13":0,"14":0,"15":0,"16":0,"17":0,"18":0,"19":0,"20":0,"21":0,"22":0,"23":0,"24":0,"25":0,"26":0,"27":0,"28":0,"29":1},"f":{"0":42,"1":6,"2":6,"3":0,"4":0},"b":{"0":[0],"1":[0,6],"2":[6,0],"3":[0,6],"4":[42,0],"5":[0,0],"6":[0,0]}}
[...]
start":{"line":67,"column":23},"end":{"line":71,"column":26}},"55":{"start":{"line":68,"column":10},"end":{"line":68,"column":68}},"56":{"start":{"line":68,"column":56},"end":{"line":68,"column":68}},"57":{"start":{"line":69,"column":10},"end":{"line":69,"column":82}},"58":{"start":{"line":69,"column":64},"end":{"line":69,"column":82}},"59":{"start":{"line":70,"column":10},"end":{"line":70,"column":103}},"60":{"start":{"line":70,"column":16},"end":{"line":70,"column":41}},"61":{"start":{"line":70,"column":52},"end":{"line":70,"column":101}},"62":{"start":{"line":70,"column":58},"end":{"line":70,"column":76}},"63":{"start":{"line":70,"column":87},"end":{"line":70,"column":99}},"64":{"start":{"line":72,"column":8},"end":{"line":72,"column":66}},"65":{"start":{"line":72,"column":31},"end":{"line":72,"column":66}},"66":{"start":{"line":74,"column":18},"end":{"line":74,"column":35}},"67":{"start":{"line":75,"column":8},"end":{"line":75,"column":99}},"68":{"start":{"line":75,"column":81},"end":{"line":75,"column":99}},"69":{"start":{"line":79,"column":4},"end":{"line":79,"column":30}},"70":{"start":{"line":82,"column":2},"end":{"line":94,"column":11}},"71":{"start":{"line":28,"column":13},"end":{"line":28,"column":34}},"72":{"start":{"line":97,"column":34},"end":{"line":99,"column":1}},"73":{"start":{"line":98,"column":2},"end":{"line":98,"column":180}},"74":{"start":{"line":98,"column":58},"end":{"line":98,"column":172}},"75":{"start":{"line":98,"column":143},"end":{"line":98,"column":164}},"76":{"start":{"line":97,"column":13},"end":{"line":97,"column":34}},"77":{"start":{"line":101,"column":0},"end":{"line":101,"column":34}}},"fnMap":{"0":{"name":"(anonymous_0)","decl":{"start":{"line":5,"column":28},"end":{"line":5,"column":29}},"loc":{"start":{"line":5,"column":39},"end":{"line":8,"column":1}}},"1":{"name":"(anonymous_1)","decl":{"start":{"line":10,"column":26},"end":{"line":10,"column":27}},"loc":{"start":{"line":10,"column":39},"end":{"line":19,"column":1}}},"2":{"name":"(anonymous_2)","decl":{"start":{"line":21,"column":16},"end":{"line":21,"column":17}},"loc":{"start":{"line":21,"column":51},"end":{"line":26,"column":1}}},"3":{"name":"(anonymous_3)","decl":{"start":{"line":28,"column":34},"end":{"line":28,"column":35}},"loc":{"start":{"line":28,"column":48},"end":{"line":95,"column":1}}},"4":{"name":"(anonymous_4)","decl":{"start":{"line":39,"column":29},"end":{"line":39,"column":30}},"loc":{"start":{"line":39,"column":41},"end":{"line":39,"column":67}}},"5":{"name":"(anonymous_5)","decl":{"start":{"line":67,"column":30},"end":{"line":67,"column":31}},"loc":{"start":{"line":67,"column":42},"end":{"line":71,"column":9}}},"6":{"name":"(anonymous_6)","decl":{"start":{"line":97,"column":34},"end":{"line":97,"column":35}},"loc":{"start":{"line":97,"column":72},"end":{"line":99,"column":1}}},"7":{"name":"(anonymous_7)","decl":{"start":{"line":98,"column":50},"end":{"line":98,"column":53}},"loc":{"start":{"line":98,"column":58},"end":{"line":98,"column":172}}},"8":{"name":"(anonymous_8)","decl":{"start":{"line":98,"column":131},"end":{"line":98,"column":132}},"loc":{"start":{"line":98,"column":143},"end":{"line":98,"column":164}}}},"branchMap":{"0":{"loc":{"start":{"line":6,"column":2},"end":{"line":6,"column":41}},"type":"if","locations":[{"start":{"line":6,"column":2},"end":{"line":6,"column":41}},{"start":{},"end":{}}]},"1":{"loc":{"start":{"line":11,"column":2},"end":{"line":11,"column":67}},"type":"if","locations":[{"start":{"line":11,"column":2},"end":{"line":11,"column":67}},{"start":{},"end":{}}]},"2":{"loc":{"start":{"line":11,"column":6},"end":{"line":11,"column":53}},"type":"binary-expr","locations":[{"start":{"line":11,"column":6},"end":{"line":11,"column":23}},{"start":{"line":11,"column":27},"end":{"line":11,"column":39}},{"start":{"line":11,"column":43},"end":{"line":11,"column":53}}]},"3":{"loc":{"start":{"line":12,"column":2},"end":{"line":12,"column":42}},"type":"if","locations":[{"start":{"line":12,"column":2},"end":{"line":12,"column":42}},{"start":{},"end":{}}]},"4":{"loc":{"start":{"line":13,"column":2},"end":{"line":17,"column":3}},"type":"if","locations":[{"start":{"line":13,"column":2},"end":{"line":17,"column":3}},{"start":{},"end":{}}]},"5":{"loc":{"start":{"line":16,"column":11},"end":{"line":16,"column":40}},"type":"cond-expr","locations":[{"start":{"line":16,"column":32},"end":{"line":16,"column":33}},{"start":{"line":16,"column":36},"end":{"line":16,"column":40}}]},"6":{"loc":{"start":{"line":23,"column":4},"end":{"line":23,"column":75}},"type":"if","locations":[{"start":{"line":23,"column":4},"end":{"line":23,"column":75}},{"start":{},"end":{}}]},"7":{"loc":{"start":{"line":23,"column":8},"end":{"line":23,"column":59}},"type":"binary-expr","locations":[{"start":{"line":23,"column":8},"end":{"line":23,"column":11}},{"start":{"line":23,"column":15},"end":{"line":23,"column":59}}]},"8":{"loc":{"start":{"line":29,"column":2},"end":{"line":29,"column":53}},"type":"if","locations":[{"start":{"line":29,"column":2},"end":{"line":29,"column":53}},{"start":{},"end":{}}]},"9":{"loc":{"start":{"line":29,"column":6},"end":{"line":29,"column":39}},"type":"binary-expr","locations":[{"start":{"line":29,"column":6},"end":{"line":29,"column":11}},{"start":{"line":29,"column":15},"end":{"line":29,"column":39}}]},"10":{"loc":{"start":{"line":33,"column":2},"end":{"line":36,"column":3}},"type":"if","locations":[{"start":{"line":33,"column":2},"end":{"line":36,"column":3}},{"start":{},"end":{}}]},"11":{"loc":{"start":{"line":35,"column":4},"end":{"line":35,"column":58}},"type":"if","locations":[{"start":{"line":35,"column":4},"end":{"line":35,"column":58}},{"start":{},"end":{}}]},"12":{"loc":{"start":{"line":35,"column":8},"end":{"line":35,"column":44}},"type":"binary-expr","locations":[{"start":{"line":35,"column":8},"end":{"line":35,"column":14}},{"start":{"line":35,"column":18},"end":{"line":35,"column":44}}]},"13":{"loc":{"start":{"line":38,"column":2},"end":{"line":41,"column":3}},"type":"if","locations":[{"start":{"line":38,"column":2},"end":{"line":41,"column":3}},{"start":{},"end":{}}]},"14":{"loc":{"start":{"line":38,"column":6},"end":{"line":38,"column":40}},"type":"binary-expr","locations":[{"start":{"line":38,"column":6},"end":{"line":38,"column":23}},{"start":{"line":38,"column":27},"end":{"line":38,"column":40}}]},"15":{"loc":{"start":{"line":39,"column":21},"end":{"line":39,"column":77}},"type":"binary-expr","locations":[{"start":{"line":39,"column":21},"end":{"line":39,"column":68}},{"start":{"line":39,"column":72},"end":{"line":39,"column":77}}]},"16":{"loc":{"start":{"line":39,"column":41},"end":{"line":39,"column":67}},"type":"binary-expr","locations":[{"start":{"line":39,"column":41},"end":{"line":39,"column":42}},{"start":{"line":39,"column":46},"end":{"line":39,"column":67}}]},"17":{"loc":{"start":{"line":43,"column":2},"end":{"line":46,"column":3}},"type":"if","locations":[{"start":{"line":43,"column":2},"end":{"line":46,"column":3}},{"start":{},"end":{}}]},"18":{"loc":{"start":{"line":43,"column":6},"end":{"line":43,"column":34}},"type":"binary-expr","locations":[{"start":{"line":43,"column":6},"end":{"line":43,"column":8}},{"start":{"line":43,"column":12},"end":{"line":43,"column":34}}]},"19":{"loc":{"start":{"line":44,"column":4},"end":{"line":44,"column":93}},"type":"if","locations":[{"start":{"line":44,"column":4},"end":{"line":44,"column":93}},{"start":{},"end":{}}]},"20":{"loc":{"start":{"line":44,"column":8},"end":{"line":44,"column":58}},"type":"binary-expr","locations":[{"start":{"line":44,"column":8},"end":{"line":44,"column":21}},{"start":{"line":44,"column":25},"end":{"line":44,"column":58}}]},"21":{"loc":{"start":{"line":45,"column":4},"end":{"line":45,"column":75}},"type":"if","locations":[{"start":{"line":45,"column":4},"end":{"line":45,"column":75}},{"start":{},"end":{}}]},"22":{"loc":{"start":{"line":45,"column":8},"end":{"line":45,"column":46}},"type":"binary-expr","locations":[{"start":{"line":45,"column":8},"end":{"line":45,"column":15}},{"start":{"line":45,"column":19},"end":{"line":45,"column":46}}]},"23":{"loc":{"start":{"line":56,"column":25},"end":{"line":56,"column":136}},"type":"binary-expr","locations":[{"start":{"line":56,"column":25},"end":{"line":56,"column":44}},{"start":{"line":56,"column":48},"end":{"line":56,"column":113}},{"start":{"line":56,"column":117},"end":{"line":56,"column":136}}]},"24":{"loc":{"start":{"line":57,"column":27},"end":{"line":57,"column":148}},"type":"binary-expr","locations":[{"start":{"line":57,"column":27},"end":{"line":57,"column":48}},{"start":{"line":57,"column":52},"end":{"line":57,"column":123}},{"start":{"line":57,"column":127},"end":{"line":57,"column":148}}]},"25":{"loc":{"start":{"line":58,"column":24},"end":{"line":58,"column":130}},"type":"binary-expr","locations":[{"start":{"line":58,"column":24},"end":{"line":58,"column":42}},{"start":{"line":58,"column":46},"end":{"line":58,"column":108}},{"start":{"line":58,"column":112},"end":{"line":58,"column":130}}]},"26":{"loc":{"start":{"line":65,"column":4},"end":{"line":77,"column":5}},"type":"if","locations":[{"start":{"line":65,"column":4},"end":{"line":77,"column":5}},{"start":{},"end":{}}]},"27":{"loc":{"start":{"line":66,"column":6},"end":{"line":76,"column":7}},"type":"if","locations":[{"start":{"line":66,"column":6},"end":{"line":76,"column":7}},{"start":{"line":73,"column":13},"end":{"line":76,"column":7}}]},"28":{"loc":{"start":{"line":68,"column":10},"end":{"line":68,"column":68}},"type":"if","locations":[{"start":{"line":68,"column":10},"end":{"line":68,"column":68}},{"start":{},"end":{}}]},"29":{"loc":{"start":{"line":68,"column":14},"end":{"line":68,"column":54}},"type":"binary-expr","locations":[{"start":{"line":68,"column":14},"end":{"line":68,"column":25}},{"start":{"line":68,"column":29},"end":{"line":68,"column":54}}]},"30":{"loc":{"start":{"line":69,"column":10},"end":{"line":69,"column":82}},"type":"if","locations":[{"start":{"line":69,"column":10},"end":{"line":69,"column":82}},{"start":{},"end":{}}]},"31":{"loc":{"start":{"line":69,"column":14},"end":{"line":69,"column":62}},"type":"binary-expr","locations":[{"start":{"line":69,"column":14},"end":{"line":69,"column":36}},{"start":{"line":69,"column":40},"end":{"line":69,"column":62}}]},"32":{"loc":{"start":{"line":72,"column":8},"end":{"line":72,"column":66}},"type":"if","locations":[{"start":{"line":72,"column":8},"end":{"line":72,"column":66}},{"start":{},"end":{}}]},"33":{"loc":{"start":{"line":75,"column":8},"end":{"line":75,"column":99}},"type":"if","locations":[{"start":{"line":75,"column":8},"end":{"line":75,"column":99}},{"start":{},"end":{}}]},"34":{"loc":{"start":{"line":75,"column":12},"end":{"line":75,"column":79}},"type":"binary-expr","locations":[{"start":{"line":75,"column":12},"end":{"line":75,"column":33}},{"start":{"line":75,"column":37},"end":{"line":75,"column":52}},{"start":{"line":75,"column":56},"end":{"line":75,"column":79}}]},"35":{"loc":{"start":{"line":84,"column":17},"end":{"line":84,"column":84}},"type":"binary-expr","locations":[{"start":{"line":84,"column":17},"end":{"line":84,"column":44}},{"start":{"line":84,"column":48},"end":{"line":84,"column":76}},{"start":{"line":84,"column":80},"end":{"line":84,"column":84}}]},"36":{"loc":{"start":{"line":85,"column":16},"end":{"line":85,"column":68}},"type":"binary-expr","locations":[{"start":{"line":85,"column":17},"end":{"line":85,"column":36}},{"start":{"line":85,"column":40},"end":{"line":85,"column":55}},{"start":{"line":85,"column":59},"end":{"line":85,"column":61}},{"start":{"line":85,"column":66},"end":{"line":85,"column":68}}]},"37":{"loc":{"start":{"line":86,"column":19},"end":{"line":86,"column":90}},"type":"binary-expr","locations":[{"start":{"line":86,"column":19},"end":{"line":86,"column":48}},{"start":{"line":86,"column":52},"end":{"line":86,"column":82}},{"start":{"line":86,"column":86},"end":{"line":86,"column":90}}]},"38":{"loc":{"start":{"line":87,"column":18},"end":{"line":87,"column":74}},"type":"binary-expr","locations":[{"start":{"line":87,"column":19},"end":{"line":87,"column":40}},{"start":{"line":87,"column":44},"end":{"line":87,"column":61}},{"start":{"line":87,"column":65},"end":{"line":87,"column":67}},{"start":{"line":87,"column":72},"end":{"line":87,"column":74}}]},"39":{"loc":{"start":{"line":88,"column":16},"end":{"line":88,"column":81}},"type":"binary-expr","locations":[{"start":{"line":88,"column":16},"end":{"line":88,"column":42}},{"start":{"line":88,"column":46},"end":{"line":88,"column":73}},{"start":{"line":88,"column":77},"end":{"line":88,"column":81}}]},"40":{"loc":{"start":{"line":89,"column":15},"end":{"line":89,"column":65}},"type":"binary-expr","locations":[{"start":{"line":89,"column":16},"end":{"line":89,"column":34}},{"start":{"line":89,"column":38},"end":{"line":89,"column":52}},{"start":{"line":89,"column":56},"end":{"line":89,"column":58}},{"start":{"line":89,"column":63},"end":{"line":89,"column":65}}]},"41":{"loc":{"start":{"line":98,"column":9},"end":{"line":98,"column":179}},"type":"cond-expr","locations":[{"start":{"line":98,"column":36},"end":{"line":98,"column":174}},{"start":{"line":98,"column":177},"end":{"line":98,"column":179}}]},"42":{"loc":{"start":{"line":98,"column":80},"end":{"line":98,"column":170}},"type":"cond-expr","locations":[{"start":{"line":98,"column":112},"end":{"line":98,"column":165}},{"start":{"line":98,"column":168},"end":{"line":98,"column":170}}]}},"s":{"0":2,"1":0,"2":0,"3":0,"4":0,"5":0,"6":2,"7":2,"8":0,"9":0,"10":0,"11":0,"12":0,"13":0,"14":0,"15":0,"16":0,"17":2,"18":2,"19":0,"20":0,"21":0,"22":0,"23":2,"24":0,"25":0,"26":0,"27":0,"28":0,"29":0,"30":0,"31":0,"32":0,"33":0,"34":0,"35":0,"36":0,"37":0,"38":0,"39":0,"40":0,"41":0,"42":0,"43":0,"44":0,"45":0,"46":0,"47":0,"48":0,"49":0,"50":0,"51":0,"52":0,"53":0,"54":0,"55":0,"56":0,"57":0,"58":0,"59":0,"60":0,"61":0,"62":0,"63":0,"64":0,"65":0,"66":0,"67":0,"68":0,"69":0,"70":0,"71":2,"72":2,"73":0,"74":0,"75":0,"76":2,"77":2},"f":{"0":0,"1":0,"2":0,"3":0,"4":0,"5":0,"6":0,"7":0,"8":0},"b":{"0":[0,0],"1":[0,0],"2":[0,0,0],"3":[0,0],"4":[0,0],"5":[0,0],"6":[0,0],"7":[0,0],"8":[0,0],"9":[0,0],"10":[0,0],"11":[0,0],"12":[0,0],"13":[0,0],"14":[0,0],"15":[0,0],"16":[0,0],"17":[0,0],"18":[0,0],"19":[0,0],"20":[0,0],"21":[0,0],"22":[0,0],"23":[0,0,0],"24":[0,0,0],"25":[0,0,0],"26":[0,0],"27":[0,0],"28":[0,0],"29":[0,0],"30":[0,0],"31":[0,0],"32":[0,0],"33":[0,0],"34":[0,0,0],"35":[0,0,0],"36":[0,0,0,0],"37":[0,0,0],"38":[0,0,0,0],"39":[0,0,0],"40":[0,0,0,0],"41":[0,0],"42":[0,0]}}
,"C:\\Users\\gilmar dutra\\Documents\\sord-sistema-de-or-amento-rapido-principal-main\\sord-frontend\\src\\utils\\parsers.ts": {"path":"C:\\Users\\gilmar dutra\\Documents\\sord-sistema-de-or-amento-rapido-principal-main\\sord-frontend\\src\\utils\\parsers.ts","statementMap":{"0":{"start":{"line":1,"column":35},"end":{"line":35,"column":2}},"1":{"start":{"line":2,"column":25},"end":{"line":2,"column":37}},"2":{"start":{"line":4,"column":23},"end":{"line":4,"column":74}},"3":{"start":{"line":6,"column":4},"end":{"line":8,"column":5}},"4":{"start":{"line":7,"column":6},"end":{"line":7,"column":18}},"5":{"start":{"line":11,"column":25},"end":{"line":11,"column":54}},"6":{"start":{"line":12,"column":17},"end":{"line":12,"column":50}},"7":{"start":{"line":14,"column":3},"end":{"line":23,"column":4}},"8":{"start":{"line":15,"column":19},"end":{"line":15,"column":52}},"9":{"start":{"line":16,"column":23},"end":{"line":16,"column":41}},"10":{"start":{"line":17,"column":25},"end":{"line":17,"column":43}},"11":{"start":{"line":19,"column":5},"end":{"line":21,"column":6}},"12":{"start":{"line":20,"column":7},"end":{"line":20,"column":19}},"13":{"start":{"line":22,"column":5},"end":{"line":22,"column":46}},"14":{"start":{"line":26,"column":23},"end":{"line":26,"column":48}},"15":{"start":{"line":27,"column":3},"end":{"line":32,"column":4}},"16":{"start":{"line":28,"column":26},"end":{"line":28,"column":50}},"17":{"start":{"line":29,"column":5},"end":{"line":31,"column":6}},"18":{"start":{"line":30,"column":7},"end":{"line":30,"column":27}},"19":{"start":{"line":34,"column":3},"end":{"line":34,"column":15}},"20":{"start":{"line":1,"column":13},"end":{"line":1,"column":35}}},"fnMap":{"0":{"name":"(anonymous_0)","decl":{"start":{"line":1,"column":35},"end":{"line":1,"column":36}},"loc":{"start":{"line":1,"column":68},"end":{"line":35,"column":2}}}},"branchMap":{"0":{"loc":{"start":{"line":6,"column":4},"end":{"line":8,"column":5}},"type":"if","locations":[{"start":{"line":6,"column":4},"end":{"line":8,"column":5}},{"start":{},"end":{}}]},"1":{"loc":{"start":{"line":14,"column":3},"end":{"line":23,"column":4}},"type":"if","locations":[{"start":{"line":14,"column":3},"end":{"line":23,"column":4}},{"start":{},"end":{}}]},"2":{"loc":{"start":{"line":15,"column":19},"end":{"line":15,"column":52}},"type":"cond-expr","locations":[{"start":{"line":15,"column":30},"end":{"line":15,"column":48}},{"start":{"line":15,"column":51},"end":{"line":15,"column":52}}]},"3":{"loc":{"start":{"line":19,"column":5},"end":{"line":21,"column":6}},"type":"if","locations":[{"start":{"line":19,"column":5},"end":{"line":21,"column":6}},{"start":{},"end":{}}]},"4":{"loc":{"start":{"line":27,"column":3},"end":{"line":32,"column":4}},"type":"if","locations":[{"start":{"line":27,"column":3},"end":{"line":32,"column":4}},{"start":{},"end":{}}]},"5":{"loc":{"start":{"line":29,"column":5},"end":{"line":31,"column":6}},"type":"if","locations":[{"start":{"line":29,"column":5},"end":{"line":31,"column":6}},{"start":{},"end":{}}]}},"s":{"0":0,"1":0,"2":0,"3":0,"4":0,"5":0,"6":0,"7":0,"8":0,"9":0,"10":0,"11":0,"12":0,"13":0,"14":0,"15":0,"16":0,"17":0,"18":0,"19":0,"20":0},"f":{"0":0},"b":{"0":[0,0],"1":[0,0],"2":[0,0],"3":[0,0],"4":[0,0],"5":[0,0]}}
,"C:\\Users\\gilmar dutra\\Documents\\sord-sistema-de-or-amento-rapido-principal-main\\sord-frontend\\src\\utils\\safeStringify.ts": {"path":"C:\\Users\\gilmar dutra\\Documents\\sord-sistema-de-or-amento-rapido-principal-main\\sord-frontend\\src\\utils\\safeStringify.ts","statementMap":{"0":{"start":{"line":1,"column":0},"end":{"line":1,"column":16}},"1":{"start":{"line":2,"column":2},"end":{"line":13,"column":3}},"2":{"start":{"line":3,"column":17},"end":{"line":3,"column":35}},"3":{"start":{"line":4,"column":4},"end":{"line":10,"column":7}},"4":{"start":{"line":5,"column":6},"end":{"line":8,"column":7}},"5":{"start":{"line":6,"column":8},"end":{"line":6,"column":49}},"6":{"start":{"line":6,"column":29},"end":{"line":6,"column":49}},"7":{"start":{"line":7,"column":8},"end":{"line":7,"column":24}},"8":{"start":{"line":9,"column":6},"end":{"line":9,"column":19}},"9":{"start":{"line":12,"column":4},"end":{"line":12,"column":67}},"10":{"start":{"line":12,"column":10},"end":{"line":12,"column":29}},"11":{"start":{"line":12,"column":40},"end":{"line":12,"column":65}}},"fnMap":{"0":{"name":"safeStringify","decl":{"start":{"line":1,"column":16},"end":{"line":1,"column":29}},"loc":{"start":{"line":1,"column":38},"end":{"line":14,"column":1}}},"1":{"name":"(anonymous_1)","decl":{"start":{"line":4,"column":31},"end":{"line":4,"column":41}},"loc":{"start":{"line":4,"column":52},"end":{"line":10,"column":5}}}},"branchMap":{"0":{"loc":{"start":{"line":5,"column":6},"end":{"line":8,"column":7}},"type":"if","locations":[{"start":{"line":5,"column":6},"end":{"line":8,"column":7}},{"start":{},"end":{}}]},"1":{"loc":{"start":{"line":5,"column":10},"end":{"line":5,"column":53}},"type":"binary-expr","locations":[{"start":{"line":5,"column":10},"end":{"line":5,"column":35}},{"start":{"line":5,"column":39},"end":{"line":5,"column":53}}]},"2":{"loc":{"start":{"line":6,"column":8},"end":{"line":6,"column":49}},"type":"if","locations":[{"start":{"line":6,"column":8},"end":{"line":6,"column":49}},{"start":{},"end":{}}]}},"s":{"0":0,"1":0,"2":0,"3":0,"4":0,"5":0,"6":0,"7":0,"8":0,"9":0,"10":0,"11":0},"f":{"0":0,"1":0},"b":{"0":[0,0],"1":[0,0],"2":[0,0]}}
}
