TN:
SF:src\App.tsx
FN:9,(anonymous_1)
FN:19,(anonymous_2)
FN:26,(anonymous_3)
FN:27,(anonymous_4)
FN:30,(anonymous_5)
FNF:5
FNH:3
FNDA:7,(anonymous_1)
FNDA:2,(anonymous_2)
FNDA:1,(anonymous_3)
FNDA:0,(anonymous_4)
FNDA:0,(anonymous_5)
DA:1,1
DA:2,1
DA:3,1
DA:4,1
DA:5,1
DA:6,1
DA:7,1
DA:9,1
DA:10,7
DA:11,7
DA:12,7
DA:13,7
DA:18,7
DA:19,3
DA:23,4
DA:24,2
DA:26,1
DA:28,0
DA:30,0
DA:31,0
DA:32,0
DA:40,2
DA:41,1
DA:45,1
DA:46,1
DA:53,0
DA:56,1
LF:27
LH:22
BRDA:18,0,0,3
BRDA:18,0,1,4
BRDA:18,1,0,7
BRDA:18,1,1,6
BRDA:18,1,2,3
BRDA:23,2,0,2
BRDA:23,2,1,2
BRDA:23,3,0,4
BRDA:23,3,1,3
BRDA:23,3,2,3
BRDA:40,4,0,1
BRDA:40,4,1,1
BRDA:40,5,0,2
BRDA:40,5,1,1
BRDA:45,6,0,1
BRDA:45,6,1,0
BRF:16
BRH:15
end_of_record
TN:
SF:src\index.tsx
FNF:0
FNH:0
DA:2,0
DA:3,0
DA:4,0
DA:5,0
DA:7,0
DA:8,0
DA:9,0
DA:12,0
DA:13,0
LF:9
LH:0
BRDA:8,0,0,0
BRDA:8,0,1,0
BRF:2
BRH:0
end_of_record
TN:
SF:src\components\Icons.tsx
FN:8,(anonymous_1)
FN:15,(anonymous_2)
FN:21,(anonymous_3)
FN:27,(anonymous_4)
FN:33,(anonymous_5)
FN:39,(anonymous_6)
FN:45,(anonymous_7)
FN:51,(anonymous_8)
FN:57,(anonymous_9)
FN:61,(anonymous_10)
FN:65,(anonymous_11)
FN:69,(anonymous_12)
FN:72,(anonymous_13)
FN:76,(anonymous_14)
FN:80,(anonymous_15)
FN:84,(anonymous_16)
FN:90,(anonymous_17)
FN:96,(anonymous_18)
FN:102,(anonymous_19)
FN:108,(anonymous_20)
FN:114,(anonymous_21)
FN:120,(anonymous_22)
FNF:22
FNH:11
FNDA:4,(anonymous_1)
FNDA:10,(anonymous_2)
FNDA:10,(anonymous_3)
FNDA:10,(anonymous_4)
FNDA:10,(anonymous_5)
FNDA:42,(anonymous_6)
FNDA:0,(anonymous_7)
FNDA:0,(anonymous_8)
FNDA:42,(anonymous_9)
FNDA:60,(anonymous_10)
FNDA:42,(anonymous_11)
FNDA:0,(anonymous_12)
FNDA:0,(anonymous_13)
FNDA:0,(anonymous_14)
FNDA:0,(anonymous_15)
FNDA:0,(anonymous_16)
FNDA:0,(anonymous_17)
FNDA:0,(anonymous_18)
FNDA:0,(anonymous_19)
FNDA:0,(anonymous_20)
FNDA:20,(anonymous_21)
FNDA:10,(anonymous_22)
DA:2,3
DA:8,3
DA:9,4
DA:15,3
DA:16,10
DA:21,3
DA:22,10
DA:27,3
DA:28,10
DA:33,3
DA:34,10
DA:39,3
DA:40,42
DA:45,3
DA:46,0
DA:51,3
DA:52,0
DA:57,3
DA:58,42
DA:61,3
DA:62,60
DA:65,3
DA:66,42
DA:69,3
DA:70,0
DA:72,3
DA:73,0
DA:76,3
DA:77,0
DA:80,3
DA:81,0
DA:84,3
DA:85,0
DA:90,3
DA:91,0
DA:96,3
DA:97,0
DA:102,3
DA:103,0
DA:108,3
DA:109,0
DA:114,3
DA:115,20
DA:120,3
DA:121,10
LF:45
LH:34
BRF:0
BRH:0
end_of_record
TN:
SF:src\components\LandingPage.tsx
FN:8,(anonymous_9)
FN:12,(anonymous_10)
FN:13,(anonymous_11)
FN:17,(anonymous_12)
FN:27,(anonymous_13)
FN:206,(anonymous_14)
FN:232,(anonymous_15)
FNF:7
FNH:6
FNDA:10,(anonymous_9)
FNDA:9,(anonymous_10)
FNDA:0,(anonymous_11)
FNDA:1,(anonymous_12)
FNDA:9,(anonymous_13)
FNDA:40,(anonymous_14)
FNDA:60,(anonymous_15)
DA:1,1
DA:2,1
DA:8,1
DA:9,10
DA:10,10
DA:12,10
DA:13,9
DA:14,0
DA:17,9
DA:18,1
DA:24,9
DA:25,9
DA:27,9
DA:28,9
DA:29,9
DA:33,10
DA:56,10
DA:65,10
DA:207,40
DA:233,60
LF:20
LH:19
BRDA:70,0,0,0
BRDA:70,0,1,10
BRF:2
BRH:1
end_of_record
TN:
SF:src\components\MainLayout.tsx
FN:16,(anonymous_9)
FN:23,(anonymous_10)
FN:27,(anonymous_11)
FN:31,(anonymous_12)
FN:32,(anonymous_13)
FN:37,(anonymous_14)
FN:42,(anonymous_15)
FNF:7
FNH:0
FNDA:0,(anonymous_9)
FNDA:0,(anonymous_10)
FNDA:0,(anonymous_11)
FNDA:0,(anonymous_12)
FNDA:0,(anonymous_13)
FNDA:0,(anonymous_14)
FNDA:0,(anonymous_15)
DA:1,0
DA:2,0
DA:3,0
DA:5,0
DA:6,0
DA:8,0
DA:9,0
DA:10,0
DA:11,0
DA:16,0
DA:17,0
DA:18,0
DA:19,0
DA:20,0
DA:23,0
DA:24,0
DA:27,0
DA:28,0
DA:31,0
DA:32,0
DA:35,0
DA:37,0
DA:38,0
DA:39,0
DA:42,0
DA:43,0
DA:45,0
DA:47,0
DA:49,0
DA:51,0
DA:53,0
DA:59,0
LF:32
LH:0
BRDA:32,0,0,0
BRDA:32,0,1,0
BRDA:35,1,0,0
BRDA:35,1,1,0
BRDA:43,2,0,0
BRDA:43,2,1,0
BRDA:43,2,2,0
BRDA:43,2,3,0
BRDA:43,2,4,0
BRDA:80,3,0,0
BRDA:80,3,1,0
BRDA:101,4,0,0
BRDA:101,4,1,0
BRF:13
BRH:0
end_of_record
TN:
SF:src\components\MaterialFormModal.tsx
FN:14,(anonymous_9)
FN:25,(anonymous_10)
FN:30,(anonymous_11)
FN:38,(anonymous_12)
FN:61,(anonymous_13)
FN:65,(anonymous_14)
FN:66,(anonymous_15)
FN:69,(anonymous_16)
FN:103,(anonymous_17)
FN:113,(anonymous_18)
FN:165,(anonymous_19)
FN:176,(anonymous_20)
FN:188,(anonymous_21)
FN:195,(anonymous_22)
FN:212,(anonymous_23)
FN:222,(anonymous_24)
FN:228,(anonymous_25)
FN:241,(anonymous_26)
FN:246,(anonymous_27)
FN:258,(anonymous_28)
FN:270,(anonymous_29)
FN:280,(anonymous_30)
FN:295,(anonymous_31)
FN:307,(anonymous_32)
FN:316,(anonymous_33)
FN:332,(anonymous_34)
FN:341,(anonymous_35)
FN:356,(anonymous_36)
FN:365,(anonymous_37)
FNF:29
FNH:0
FNDA:0,(anonymous_9)
FNDA:0,(anonymous_10)
FNDA:0,(anonymous_11)
FNDA:0,(anonymous_12)
FNDA:0,(anonymous_13)
FNDA:0,(anonymous_14)
FNDA:0,(anonymous_15)
FNDA:0,(anonymous_16)
FNDA:0,(anonymous_17)
FNDA:0,(anonymous_18)
FNDA:0,(anonymous_19)
FNDA:0,(anonymous_20)
FNDA:0,(anonymous_21)
FNDA:0,(anonymous_22)
FNDA:0,(anonymous_23)
FNDA:0,(anonymous_24)
FNDA:0,(anonymous_25)
FNDA:0,(anonymous_26)
FNDA:0,(anonymous_27)
FNDA:0,(anonymous_28)
FNDA:0,(anonymous_29)
FNDA:0,(anonymous_30)
FNDA:0,(anonymous_31)
FNDA:0,(anonymous_32)
FNDA:0,(anonymous_33)
FNDA:0,(anonymous_34)
FNDA:0,(anonymous_35)
FNDA:0,(anonymous_36)
FNDA:0,(anonymous_37)
DA:1,0
DA:3,0
DA:4,0
DA:5,0
DA:14,0
DA:15,0
DA:16,0
DA:17,0
DA:18,0
DA:19,0
DA:20,0
DA:21,0
DA:22,0
DA:25,0
DA:26,0
DA:27,0
DA:30,0
DA:31,0
DA:32,0
DA:33,0
DA:34,0
DA:35,0
DA:36,0
DA:37,0
DA:38,0
DA:39,0
DA:40,0
DA:41,0
DA:42,0
DA:51,0
DA:52,0
DA:53,0
DA:54,0
DA:55,0
DA:56,0
DA:57,0
DA:61,0
DA:62,0
DA:65,0
DA:66,0
DA:69,0
DA:70,0
DA:71,0
DA:73,0
DA:74,0
DA:75,0
DA:76,0
DA:77,0
DA:79,0
DA:80,0
DA:81,0
DA:82,0
DA:83,0
DA:85,0
DA:86,0
DA:87,0
DA:88,0
DA:89,0
DA:91,0
DA:92,0
DA:95,0
DA:98,0
DA:99,0
DA:100,0
DA:103,0
DA:104,0
DA:105,0
DA:115,0
DA:117,0
DA:137,0
DA:139,0
DA:142,0
DA:145,0
DA:147,0
DA:165,0
DA:176,0
DA:188,0
DA:195,0
DA:212,0
DA:222,0
DA:229,0
DA:242,0
DA:246,0
DA:258,0
DA:270,0
DA:280,0
DA:295,0
DA:307,0
DA:316,0
DA:332,0
DA:341,0
DA:356,0
DA:365,0
LF:93
LH:0
BRDA:26,0,0,0
BRDA:26,0,1,0
BRDA:27,1,0,0
BRDA:27,1,1,0
BRDA:31,2,0,0
BRDA:31,2,1,0
BRDA:33,3,0,0
BRDA:33,3,1,0
BRDA:36,4,0,0
BRDA:36,4,1,0
BRDA:37,5,0,0
BRDA:37,5,1,0
BRDA:37,5,2,0
BRDA:47,6,0,0
BRDA:47,6,1,0
BRDA:73,7,0,0
BRDA:73,7,1,0
BRDA:76,8,0,0
BRDA:76,8,1,0
BRDA:79,9,0,0
BRDA:79,9,1,0
BRDA:82,10,0,0
BRDA:82,10,1,0
BRDA:85,11,0,0
BRDA:85,11,1,0
BRDA:88,12,0,0
BRDA:88,12,1,0
BRDA:91,13,0,0
BRDA:91,13,1,0
BRDA:91,14,0,0
BRDA:91,14,1,0
BRDA:91,14,2,0
BRDA:106,15,0,0
BRDA:106,15,1,0
BRDA:145,16,0,0
BRDA:145,16,1,0
BRDA:152,17,0,0
BRDA:152,17,1,0
BRDA:225,18,0,0
BRDA:225,18,1,0
BRF:40
BRH:0
end_of_record
TN:
SF:src\components\MaterialManagement.tsx
FN:11,(anonymous_9)
FN:17,(anonymous_10)
FN:24,(anonymous_11)
FN:29,(anonymous_12)
FN:34,(anonymous_13)
FN:40,(anonymous_14)
FN:68,(anonymous_15)
FN:74,(anonymous_16)
FN:81,(anonymous_17)
FN:98,(anonymous_18)
FN:156,(anonymous_19)
FNF:11
FNH:0
FNDA:0,(anonymous_9)
FNDA:0,(anonymous_10)
FNDA:0,(anonymous_11)
FNDA:0,(anonymous_12)
FNDA:0,(anonymous_13)
FNDA:0,(anonymous_14)
FNDA:0,(anonymous_15)
FNDA:0,(anonymous_16)
FNDA:0,(anonymous_17)
FNDA:0,(anonymous_18)
FNDA:0,(anonymous_19)
DA:1,0
DA:3,0
DA:4,0
DA:5,0
DA:11,0
DA:13,0
DA:15,0
DA:17,0
DA:18,0
DA:19,0
DA:21,0
DA:22,0
DA:24,0
DA:25,0
DA:26,0
DA:29,0
DA:30,0
DA:31,0
DA:34,0
DA:35,0
DA:36,0
DA:40,0
DA:41,0
DA:42,0
DA:44,0
DA:46,0
DA:49,0
DA:69,0
DA:74,0
DA:81,0
DA:99,0
DA:103,0
DA:107,0
DA:111,0
DA:156,0
LF:35
LH:0
BRDA:13,0,0,0
BRDA:13,0,1,0
BRDA:13,1,0,0
BRDA:13,1,1,0
BRDA:35,2,0,0
BRDA:35,2,1,0
BRDA:41,3,0,0
BRDA:41,3,1,0
BRDA:64,4,0,0
BRDA:64,4,1,0
BRDA:89,5,0,0
BRDA:89,5,1,0
BRDA:94,6,0,0
BRDA:94,6,1,0
BRDA:94,6,2,0
BRDA:99,7,0,0
BRDA:99,7,1,0
BRDA:101,8,0,0
BRDA:101,8,1,0
BRDA:103,9,0,0
BRDA:103,9,1,0
BRDA:105,10,0,0
BRDA:105,10,1,0
BRDA:107,11,0,0
BRDA:107,11,1,0
BRDA:109,12,0,0
BRDA:109,12,1,0
BRDA:124,13,0,0
BRDA:124,13,1,0
BRDA:129,14,0,0
BRDA:129,14,1,0
BRDA:134,15,0,0
BRDA:134,15,1,0
BRDA:153,16,0,0
BRDA:153,16,1,0
BRF:35
BRH:0
end_of_record
TN:
SF:src\components\MaterialSelectionModal.tsx
FN:11,(anonymous_9)
FN:22,(anonymous_10)
FN:39,(anonymous_11)
FN:44,(anonymous_12)
FN:48,(anonymous_13)
FN:59,(anonymous_14)
FN:60,(anonymous_15)
FN:64,(anonymous_16)
FNF:8
FNH:0
FNDA:0,(anonymous_9)
FNDA:0,(anonymous_10)
FNDA:0,(anonymous_11)
FNDA:0,(anonymous_12)
FNDA:0,(anonymous_13)
FNDA:0,(anonymous_14)
FNDA:0,(anonymous_15)
FNDA:0,(anonymous_16)
DA:1,1
DA:2,1
DA:11,1
DA:16,0
DA:17,0
DA:18,0
DA:20,0
DA:22,0
DA:23,0
DA:25,0
DA:26,0
DA:29,0
DA:39,0
DA:44,0
DA:49,0
DA:60,0
DA:61,0
DA:64,0
LF:18
LH:3
BRDA:20,0,0,0
BRDA:20,0,1,0
BRDA:23,1,0,0
BRDA:23,1,1,0
BRDA:25,2,0,0
BRDA:25,2,1,0
BRDA:26,3,0,0
BRDA:26,3,1,0
BRDA:70,4,0,0
BRDA:70,4,1,0
BRDA:76,5,0,0
BRDA:76,5,1,0
BRF:12
BRH:0
end_of_record
TN:
SF:src\components\NavItem.tsx
FN:14,(anonymous_1)
FN:25,(anonymous_2)
FNF:2
FNH:0
FNDA:0,(anonymous_1)
FNDA:0,(anonymous_2)
DA:1,0
DA:14,0
DA:23,0
DA:26,0
DA:27,0
DA:28,0
DA:29,0
DA:30,0
LF:8
LH:0
BRDA:26,0,0,0
BRDA:26,0,1,0
BRDA:28,1,0,0
BRDA:28,1,1,0
BRDA:29,2,0,0
BRDA:29,2,1,0
BRDA:34,3,0,0
BRDA:34,3,1,0
BRF:8
BRH:0
end_of_record
TN:
SF:src\components\PaymentForm.tsx
FN:22,(anonymous_9)
FN:42,(anonymous_10)
FN:44,(anonymous_11)
FN:50,(anonymous_12)
FN:202,(anonymous_13)
FNF:5
FNH:0
FNDA:0,(anonymous_9)
FNDA:0,(anonymous_10)
FNDA:0,(anonymous_11)
FNDA:0,(anonymous_12)
FNDA:0,(anonymous_13)
DA:1,0
DA:2,0
DA:22,0
DA:28,0
DA:29,0
DA:39,0
DA:40,0
DA:42,0
DA:43,0
DA:44,0
DA:50,0
DA:51,0
DA:52,0
DA:53,0
DA:55,0
DA:56,0
DA:57,0
DA:58,0
DA:61,0
DA:63,0
DA:80,0
DA:82,0
DA:83,0
DA:86,0
DA:87,0
DA:89,0
DA:90,0
DA:91,0
DA:93,0
DA:97,0
DA:98,0
DA:107,0
DA:203,0
LF:33
LH:0
BRDA:46,0,0,0
BRDA:46,0,1,0
BRDA:46,1,0,0
BRDA:46,1,1,0
BRDA:57,2,0,0
BRDA:57,2,1,0
BRDA:82,3,0,0
BRDA:82,3,1,0
BRDA:83,4,0,0
BRDA:83,4,1,0
BRDA:89,5,0,0
BRDA:89,5,1,0
BRDA:97,6,0,0
BRDA:97,6,1,0
BRDA:111,7,0,0
BRDA:111,7,1,0
BRDA:215,8,0,0
BRDA:215,8,1,0
BRF:18
BRH:0
end_of_record
TN:
SF:src\components\PaymentPage.tsx
FN:16,(anonymous_9)
FN:26,(anonymous_10)
FN:37,(anonymous_11)
FN:42,(anonymous_12)
FN:48,(anonymous_13)
FN:54,(anonymous_14)
FN:59,(anonymous_15)
FN:104,(anonymous_16)
FN:171,(anonymous_17)
FN:186,(anonymous_18)
FNF:10
FNH:0
FNDA:0,(anonymous_9)
FNDA:0,(anonymous_10)
FNDA:0,(anonymous_11)
FNDA:0,(anonymous_12)
FNDA:0,(anonymous_13)
FNDA:0,(anonymous_14)
FNDA:0,(anonymous_15)
FNDA:0,(anonymous_16)
FNDA:0,(anonymous_17)
FNDA:0,(anonymous_18)
DA:1,0
DA:2,0
DA:16,0
DA:17,0
DA:18,0
DA:20,0
DA:21,0
DA:23,0
DA:26,0
DA:27,0
DA:28,0
DA:29,0
DA:30,0
DA:31,0
DA:32,0
DA:34,0
DA:35,0
DA:37,0
DA:39,0
DA:40,0
DA:41,0
DA:42,0
DA:43,0
DA:44,0
DA:45,0
DA:48,0
DA:49,0
DA:50,0
DA:52,0
DA:54,0
DA:55,0
DA:59,0
DA:60,0
DA:61,0
DA:62,0
DA:64,0
DA:65,0
DA:66,0
DA:73,0
DA:87,0
DA:96,0
DA:97,0
DA:98,0
DA:101,0
DA:103,0
DA:104,0
DA:105,0
DA:108,0
DA:109,0
DA:110,0
DA:112,0
DA:116,0
DA:117,0
DA:129,0
DA:171,0
DA:186,0
LF:56
LH:0
BRDA:17,0,0,0
BRDA:17,0,1,0
BRDA:17,1,0,0
BRDA:17,1,1,0
BRDA:18,2,0,0
BRDA:18,2,1,0
BRDA:20,3,0,0
BRDA:20,3,1,0
BRDA:20,4,0,0
BRDA:20,4,1,0
BRDA:21,5,0,0
BRDA:21,5,1,0
BRDA:43,6,0,0
BRDA:43,6,1,0
BRDA:65,7,0,0
BRDA:65,7,1,0
BRDA:65,8,0,0
BRDA:65,8,1,0
BRDA:91,9,0,0
BRDA:91,9,1,0
BRDA:96,10,0,0
BRDA:96,10,1,0
BRDA:98,11,0,0
BRDA:98,11,1,0
BRDA:108,12,0,0
BRDA:108,12,1,0
BRDA:116,13,0,0
BRDA:116,13,1,0
BRDA:145,14,0,0
BRDA:145,14,1,0
BRDA:152,15,0,0
BRDA:152,15,1,0
BRDA:206,16,0,0
BRDA:206,16,1,0
BRF:34
BRH:0
end_of_record
TN:
SF:src\components\PdfActionModal.tsx
FN:10,(anonymous_1)
FN:13,(anonymous_2)
FN:18,(anonymous_3)
FN:29,(anonymous_4)
FN:35,(anonymous_5)
FNF:5
FNH:3
FNDA:42,(anonymous_1)
FNDA:6,(anonymous_2)
FNDA:6,(anonymous_3)
FNDA:0,(anonymous_4)
FNDA:0,(anonymous_5)
DA:1,1
DA:10,1
DA:11,42
DA:13,42
DA:14,6
DA:15,0
DA:16,0
DA:18,6
DA:19,6
DA:20,0
DA:22,6
DA:27,42
DA:29,0
DA:30,0
DA:31,0
DA:32,0
DA:35,0
DA:36,0
DA:37,0
DA:38,0
DA:39,0
DA:40,0
DA:41,0
DA:42,0
DA:43,0
DA:46,0
DA:62,1
LF:27
LH:10
BRDA:10,0,0,0
BRDA:14,1,0,0
BRDA:14,1,1,6
BRDA:14,2,0,6
BRDA:14,2,1,0
BRDA:19,3,0,0
BRDA:19,3,1,6
BRDA:27,4,0,42
BRDA:27,4,1,0
BRDA:30,5,0,0
BRDA:30,5,1,0
BRDA:36,6,0,0
BRDA:36,6,1,0
BRF:13
BRH:4
end_of_record
TN:
SF:src\components\PlansList.tsx
FN:27,(anonymous_9)
FN:32,(anonymous_10)
FN:33,(anonymous_11)
FN:64,(anonymous_12)
FN:123,(anonymous_13)
FNF:5
FNH:0
FNDA:0,(anonymous_9)
FNDA:0,(anonymous_10)
FNDA:0,(anonymous_11)
FNDA:0,(anonymous_12)
FNDA:0,(anonymous_13)
DA:1,0
DA:2,0
DA:27,0
DA:28,0
DA:29,0
DA:30,0
DA:32,0
DA:33,0
DA:34,0
DA:35,0
DA:36,0
DA:38,0
DA:39,0
DA:42,0
DA:43,0
DA:45,0
DA:47,0
DA:51,0
DA:54,0
DA:55,0
DA:58,0
DA:59,0
DA:62,0
DA:65,0
DA:66,0
DA:67,0
DA:69,0
DA:123,0
LF:28
LH:0
BRDA:38,0,0,0
BRDA:38,0,1,0
BRDA:43,1,0,0
BRDA:43,1,1,0
BRDA:54,2,0,0
BRDA:54,2,1,0
BRDA:58,3,0,0
BRDA:58,3,1,0
BRDA:65,4,0,0
BRDA:65,4,1,0
BRDA:66,5,0,0
BRDA:66,5,1,0
BRDA:67,6,0,0
BRDA:67,6,1,0
BRDA:73,7,0,0
BRDA:73,7,1,0
BRDA:78,8,0,0
BRDA:78,8,1,0
BRDA:88,9,0,0
BRDA:88,9,1,0
BRDA:104,10,0,0
BRDA:104,10,1,0
BRDA:110,11,0,0
BRDA:110,11,1,0
BRDA:126,12,0,0
BRDA:126,12,1,0
BRF:26
BRH:0
end_of_record
TN:
SF:src\components\QuoteCalculator.tsx
FN:17,(anonymous_10)
FN:41,(anonymous_11)
FN:70,(anonymous_12)
FN:72,(anonymous_13)
FN:73,(anonymous_14)
FN:77,(anonymous_15)
FN:95,(anonymous_16)
FN:96,(anonymous_17)
FN:97,(anonymous_18)
FN:107,(anonymous_19)
FN:108,(anonymous_20)
FN:127,(anonymous_21)
FN:129,(anonymous_22)
FN:130,(anonymous_23)
FN:133,(anonymous_24)
FN:143,(anonymous_25)
FN:146,(anonymous_26)
FN:149,(anonymous_27)
FN:150,(anonymous_28)
FN:153,(anonymous_29)
FN:182,(anonymous_30)
FN:196,(anonymous_31)
FN:201,(anonymous_32)
FN:232,(anonymous_33)
FN:257,(anonymous_34)
FN:257,(anonymous_35)
FN:261,(anonymous_36)
FN:273,(anonymous_37)
FN:290,(anonymous_38)
FN:300,(anonymous_39)
FN:307,(anonymous_40)
FN:333,(anonymous_41)
FN:344,(anonymous_42)
FN:354,(anonymous_43)
FN:364,(anonymous_44)
FN:374,(anonymous_45)
FN:383,(anonymous_46)
FN:395,(anonymous_47)
FN:405,(anonymous_48)
FN:414,(anonymous_49)
FN:426,(anonymous_50)
FN:437,(anonymous_51)
FN:511,(anonymous_52)
FN:515,(anonymous_53)
FN:571,(anonymous_54)
FN:612,(anonymous_55)
FNF:46
FNH:7
FNDA:42,(anonymous_10)
FNDA:6,(anonymous_11)
FNDA:6,(anonymous_12)
FNDA:0,(anonymous_13)
FNDA:0,(anonymous_14)
FNDA:7,(anonymous_15)
FNDA:16,(anonymous_16)
FNDA:0,(anonymous_17)
FNDA:0,(anonymous_18)
FNDA:0,(anonymous_19)
FNDA:0,(anonymous_20)
FNDA:0,(anonymous_21)
FNDA:0,(anonymous_22)
FNDA:0,(anonymous_23)
FNDA:0,(anonymous_24)
FNDA:0,(anonymous_25)
FNDA:0,(anonymous_26)
FNDA:0,(anonymous_27)
FNDA:0,(anonymous_28)
FNDA:0,(anonymous_29)
FNDA:0,(anonymous_30)
FNDA:0,(anonymous_31)
FNDA:0,(anonymous_32)
FNDA:0,(anonymous_33)
FNDA:0,(anonymous_34)
FNDA:0,(anonymous_35)
FNDA:0,(anonymous_36)
FNDA:0,(anonymous_37)
FNDA:0,(anonymous_38)
FNDA:0,(anonymous_39)
FNDA:0,(anonymous_40)
FNDA:26,(anonymous_41)
FNDA:3,(anonymous_42)
FNDA:0,(anonymous_43)
FNDA:0,(anonymous_44)
FNDA:0,(anonymous_45)
FNDA:0,(anonymous_46)
FNDA:0,(anonymous_47)
FNDA:0,(anonymous_48)
FNDA:0,(anonymous_49)
FNDA:0,(anonymous_50)
FNDA:0,(anonymous_51)
FNDA:0,(anonymous_52)
FNDA:0,(anonymous_53)
FNDA:0,(anonymous_54)
FNDA:0,(anonymous_55)
DA:1,1
DA:2,1
DA:4,1
DA:6,1
DA:13,1
DA:14,1
DA:17,1
DA:18,42
DA:22,42
DA:23,42
DA:24,42
DA:25,42
DA:26,42
DA:27,42
DA:28,42
DA:29,42
DA:30,42
DA:31,42
DA:32,42
DA:33,42
DA:34,42
DA:35,42
DA:37,42
DA:38,42
DA:39,42
DA:41,42
DA:42,6
DA:43,0
DA:44,0
DA:52,0
DA:53,0
DA:54,0
DA:55,0
DA:56,0
DA:57,0
DA:58,0
DA:59,0
DA:60,0
DA:61,0
DA:62,0
DA:63,0
DA:64,0
DA:66,6
DA:70,42
DA:71,6
DA:72,0
DA:73,0
DA:77,42
DA:78,7
DA:79,7
DA:80,7
DA:81,7
DA:82,7
DA:83,7
DA:84,7
DA:85,7
DA:86,7
DA:87,7
DA:88,7
DA:89,7
DA:91,7
DA:92,7
DA:95,42
DA:96,16
DA:97,0
DA:98,0
DA:101,16
DA:102,16
DA:103,16
DA:104,16
DA:105,16
DA:107,16
DA:108,0
DA:109,0
DA:112,16
DA:114,16
DA:127,42
DA:128,0
DA:129,0
DA:130,0
DA:132,0
DA:133,0
DA:134,0
DA:137,0
DA:139,0
DA:143,42
DA:144,0
DA:145,0
DA:146,0
DA:149,42
DA:150,0
DA:153,42
DA:154,0
DA:155,0
DA:163,0
DA:178,0
DA:180,0
DA:181,0
DA:182,0
DA:183,0
DA:186,0
DA:187,0
DA:188,0
DA:189,0
DA:190,0
DA:193,0
DA:196,0
DA:197,0
DA:201,42
DA:202,0
DA:217,0
DA:218,0
DA:219,0
DA:220,0
DA:221,0
DA:222,0
DA:224,0
DA:227,0
DA:228,0
DA:232,42
DA:233,0
DA:249,0
DA:251,0
DA:252,0
DA:253,0
DA:254,0
DA:257,42
DA:259,42
DA:261,0
DA:273,0
DA:291,0
DA:292,0
DA:293,0
DA:300,0
DA:307,0
DA:333,26
DA:344,3
DA:354,0
DA:364,0
DA:374,0
DA:383,0
DA:395,0
DA:405,0
DA:414,0
DA:426,0
DA:437,0
DA:512,0
DA:513,0
DA:515,0
DA:518,0
DA:519,0
DA:520,0
DA:524,0
DA:526,0
DA:527,0
DA:528,0
DA:529,0
DA:530,0
DA:531,0
DA:534,0
DA:538,0
DA:541,0
DA:542,0
DA:545,0
DA:547,0
DA:548,0
DA:550,0
DA:552,0
DA:558,0
DA:559,0
DA:560,0
DA:562,0
DA:563,0
DA:565,0
DA:566,0
DA:568,0
DA:571,0
DA:572,0
DA:612,0
LF:179
LH:65
BRDA:37,0,0,42
BRDA:37,0,1,42
BRDA:42,1,0,0
BRDA:42,1,1,6
BRDA:53,2,0,0
BRDA:53,2,1,0
BRDA:55,3,0,0
BRDA:55,3,1,0
BRDA:56,4,0,0
BRDA:56,4,1,0
BRDA:57,5,0,0
BRDA:57,5,1,0
BRDA:58,6,0,0
BRDA:58,6,1,0
BRDA:59,7,0,0
BRDA:59,7,1,0
BRDA:60,8,0,0
BRDA:60,8,1,0
BRDA:63,9,0,0
BRDA:63,9,1,0
BRDA:71,10,0,0
BRDA:71,10,1,6
BRDA:97,11,0,0
BRDA:97,11,1,0
BRDA:97,12,0,0
BRDA:97,12,1,0
BRDA:98,13,0,0
BRDA:98,13,1,0
BRDA:103,14,0,0
BRDA:103,14,1,16
BRDA:108,15,0,0
BRDA:108,15,1,0
BRDA:108,16,0,0
BRDA:108,16,1,0
BRDA:109,17,0,0
BRDA:109,17,1,0
BRDA:118,18,0,0
BRDA:118,18,1,16
BRDA:132,19,0,0
BRDA:132,19,1,0
BRDA:134,20,0,0
BRDA:134,20,1,0
BRDA:145,21,0,0
BRDA:145,21,1,0
BRDA:146,22,0,0
BRDA:146,22,1,0
BRDA:178,23,0,0
BRDA:178,23,1,0
BRDA:182,24,0,0
BRDA:182,24,1,0
BRDA:203,25,0,0
BRDA:203,25,1,0
BRDA:219,26,0,0
BRDA:219,26,1,0
BRDA:222,27,0,0
BRDA:222,27,1,0
BRDA:234,28,0,0
BRDA:234,28,1,0
BRDA:251,29,0,0
BRDA:251,29,1,0
BRDA:257,30,0,0
BRDA:257,30,1,0
BRDA:257,31,0,0
BRDA:257,31,1,0
BRDA:261,32,0,42
BRDA:261,32,1,0
BRDA:263,33,0,0
BRDA:263,33,1,42
BRDA:292,34,0,0
BRDA:292,34,1,0
BRDA:314,35,0,42
BRDA:314,35,1,42
BRDA:354,36,0,0
BRDA:354,36,1,0
BRDA:364,37,0,0
BRDA:364,37,1,0
BRDA:374,38,0,0
BRDA:374,38,1,0
BRDA:383,39,0,0
BRDA:383,39,1,0
BRDA:395,40,0,0
BRDA:395,40,1,0
BRDA:405,41,0,0
BRDA:405,41,1,0
BRDA:414,42,0,0
BRDA:414,42,1,0
BRDA:427,43,0,42
BRDA:427,43,1,0
BRDA:440,44,0,0
BRDA:440,44,1,42
BRDA:441,45,0,0
BRDA:441,45,1,42
BRDA:444,46,0,0
BRDA:444,46,1,42
BRDA:496,47,0,42
BRDA:496,47,1,0
BRDA:513,48,0,0
BRDA:513,48,1,0
BRDA:513,49,0,0
BRDA:513,49,1,0
BRDA:518,50,0,0
BRDA:518,50,1,0
BRDA:518,51,0,0
BRDA:518,51,1,0
BRDA:519,52,0,0
BRDA:519,52,1,0
BRDA:519,53,0,0
BRDA:519,53,1,0
BRDA:520,54,0,0
BRDA:520,54,1,0
BRDA:524,55,0,0
BRDA:524,55,1,0
BRDA:527,56,0,0
BRDA:527,56,1,0
BRDA:527,57,0,0
BRDA:527,57,1,0
BRDA:527,58,0,0
BRDA:527,58,1,0
BRDA:528,59,0,0
BRDA:528,59,1,0
BRDA:528,60,0,0
BRDA:528,60,1,0
BRDA:528,61,0,0
BRDA:528,61,1,0
BRDA:529,62,0,0
BRDA:529,62,1,0
BRDA:529,63,0,0
BRDA:529,63,1,0
BRDA:529,64,0,0
BRDA:529,64,1,0
BRDA:530,65,0,0
BRDA:530,65,1,0
BRDA:534,66,0,0
BRDA:534,66,1,0
BRDA:545,67,0,0
BRDA:545,67,1,0
BRDA:545,68,0,0
BRDA:545,68,1,0
BRDA:545,68,2,0
BRDA:545,68,3,0
BRDA:548,69,0,0
BRDA:548,69,1,0
BRDA:552,70,0,0
BRDA:552,70,1,0
BRDA:559,71,0,0
BRDA:559,71,1,0
BRDA:559,72,0,0
BRDA:559,72,1,0
BRDA:559,73,0,0
BRDA:559,73,1,0
BRDA:560,74,0,0
BRDA:560,74,1,0
BRDA:560,75,0,0
BRDA:560,75,1,0
BRDA:562,76,0,0
BRDA:562,76,1,0
BRDA:562,77,0,0
BRDA:562,77,1,0
BRDA:562,78,0,0
BRDA:562,78,1,0
BRDA:563,79,0,0
BRDA:563,79,1,0
BRDA:563,80,0,0
BRDA:563,80,1,0
BRDA:565,81,0,0
BRDA:565,81,1,0
BRDA:565,82,0,0
BRDA:565,82,1,0
BRDA:565,83,0,0
BRDA:565,83,1,0
BRDA:566,84,0,0
BRDA:566,84,1,0
BRDA:566,85,0,0
BRDA:566,85,1,0
BRDA:568,86,0,0
BRDA:568,86,1,0
BRDA:573,87,0,0
BRDA:573,87,1,0
BRDA:580,88,0,0
BRDA:580,88,1,0
BRDA:581,89,0,0
BRDA:581,89,1,0
BRDA:593,90,0,42
BRDA:593,90,1,42
BRDA:593,90,2,42
BRDA:596,91,0,0
BRDA:596,91,1,42
BRDA:597,92,0,0
BRDA:597,92,1,42
BRDA:597,93,0,0
BRDA:597,93,1,42
BRDA:611,94,0,42
BRDA:611,94,1,42
BRF:193
BRH:23
end_of_record
TN:
SF:src\components\SavedQuotes.tsx
FN:12,(anonymous_10)
FN:18,(anonymous_11)
FN:20,(anonymous_12)
FN:24,(anonymous_13)
FN:25,(anonymous_14)
FN:26,(anonymous_15)
FN:39,(anonymous_16)
FN:42,(anonymous_17)
FN:43,(anonymous_18)
FN:53,(anonymous_19)
FN:54,(anonymous_20)
FN:58,(anonymous_21)
FN:102,(anonymous_22)
FN:102,(anonymous_23)
FN:109,(anonymous_24)
FN:112,(anonymous_25)
FN:115,(anonymous_26)
FN:133,(anonymous_27)
FNF:18
FNH:0
FNDA:0,(anonymous_10)
FNDA:0,(anonymous_11)
FNDA:0,(anonymous_12)
FNDA:0,(anonymous_13)
FNDA:0,(anonymous_14)
FNDA:0,(anonymous_15)
FNDA:0,(anonymous_16)
FNDA:0,(anonymous_17)
FNDA:0,(anonymous_18)
FNDA:0,(anonymous_19)
FNDA:0,(anonymous_20)
FNDA:0,(anonymous_21)
FNDA:0,(anonymous_22)
FNDA:0,(anonymous_23)
FNDA:0,(anonymous_24)
FNDA:0,(anonymous_25)
FNDA:0,(anonymous_26)
FNDA:0,(anonymous_27)
DA:1,0
DA:2,0
DA:4,0
DA:5,0
DA:6,0
DA:12,0
DA:13,0
DA:14,0
DA:15,0
DA:16,0
DA:18,0
DA:19,0
DA:20,0
DA:24,0
DA:25,0
DA:26,0
DA:27,0
DA:29,0
DA:30,0
DA:31,0
DA:32,0
DA:33,0
DA:34,0
DA:35,0
DA:36,0
DA:39,0
DA:42,0
DA:43,0
DA:44,0
DA:46,0
DA:47,0
DA:48,0
DA:49,0
DA:50,0
DA:51,0
DA:52,0
DA:53,0
DA:54,0
DA:55,0
DA:58,0
DA:59,0
DA:71,0
DA:72,0
DA:73,0
DA:74,0
DA:75,0
DA:76,0
DA:77,0
DA:78,0
DA:81,0
DA:82,0
DA:86,0
DA:102,0
DA:103,0
DA:109,0
DA:112,0
DA:115,0
DA:133,0
LF:58
LH:0
BRDA:19,0,0,0
BRDA:19,0,1,0
BRDA:27,1,0,0
BRDA:27,1,1,0
BRDA:29,2,0,0
BRDA:29,2,1,0
BRDA:30,3,0,0
BRDA:30,3,1,0
BRDA:31,4,0,0
BRDA:31,4,1,0
BRDA:31,5,0,0
BRDA:31,5,1,0
BRDA:32,6,0,0
BRDA:32,6,1,0
BRDA:32,7,0,0
BRDA:32,7,1,0
BRDA:33,8,0,0
BRDA:33,8,1,0
BRDA:44,9,0,0
BRDA:44,9,1,0
BRDA:46,10,0,0
BRDA:46,10,1,0
BRDA:47,11,0,0
BRDA:47,11,1,0
BRDA:48,12,0,0
BRDA:48,12,1,0
BRDA:48,13,0,0
BRDA:48,13,1,0
BRDA:49,14,0,0
BRDA:49,14,1,0
BRDA:49,15,0,0
BRDA:49,15,1,0
BRDA:50,16,0,0
BRDA:50,16,1,0
BRDA:55,17,0,0
BRDA:55,17,1,0
BRDA:63,18,0,0
BRDA:63,18,1,0
BRDA:73,19,0,0
BRDA:73,19,1,0
BRDA:77,20,0,0
BRDA:77,20,1,0
BRDA:102,21,0,0
BRDA:102,21,1,0
BRDA:105,22,0,0
BRDA:105,22,1,0
BRF:46
BRH:0
end_of_record
TN:
SF:src\components\Settings.tsx
FN:7,(anonymous_10)
FN:12,(anonymous_11)
FN:16,(anonymous_12)
FN:20,(anonymous_13)
FN:27,(anonymous_14)
FN:30,(anonymous_15)
FN:34,(anonymous_16)
FN:36,(anonymous_17)
FN:38,(anonymous_18)
FN:54,(anonymous_19)
FN:59,(anonymous_20)
FNF:11
FNH:0
FNDA:0,(anonymous_10)
FNDA:0,(anonymous_11)
FNDA:0,(anonymous_12)
FNDA:0,(anonymous_13)
FNDA:0,(anonymous_14)
FNDA:0,(anonymous_15)
FNDA:0,(anonymous_16)
FNDA:0,(anonymous_17)
FNDA:0,(anonymous_18)
FNDA:0,(anonymous_19)
FNDA:0,(anonymous_20)
DA:1,0
DA:2,0
DA:4,0
DA:5,0
DA:7,0
DA:8,0
DA:9,0
DA:10,0
DA:12,0
DA:13,0
DA:16,0
DA:17,0
DA:18,0
DA:19,0
DA:20,0
DA:21,0
DA:23,0
DA:27,0
DA:28,0
DA:29,0
DA:30,0
DA:32,0
DA:34,0
DA:35,0
DA:36,0
DA:37,0
DA:38,0
DA:39,0
DA:40,0
DA:41,0
DA:42,0
DA:43,0
DA:45,0
DA:46,0
DA:47,0
DA:53,0
DA:54,0
DA:56,0
DA:58,0
DA:59,0
DA:63,0
LF:41
LH:0
BRDA:18,0,0,0
BRDA:18,0,1,0
BRDA:41,1,0,0
BRDA:41,1,1,0
BRDA:43,2,0,0
BRDA:43,2,1,0
BRDA:45,3,0,0
BRDA:45,3,1,0
BRDA:91,4,0,0
BRDA:91,4,1,0
BRDA:100,5,0,0
BRDA:100,5,1,0
BRDA:101,6,0,0
BRDA:101,6,1,0
BRDA:105,7,0,0
BRDA:105,7,1,0
BRF:16
BRH:0
end_of_record
TN:
SF:src\components\auth\AuthPage.tsx
FN:5,(anonymous_9)
FN:15,(anonymous_10)
FN:44,(anonymous_11)
FN:73,(anonymous_12)
FN:87,(anonymous_13)
FN:100,(anonymous_14)
FNF:6
FNH:1
FNDA:4,(anonymous_9)
FNDA:0,(anonymous_10)
FNDA:0,(anonymous_11)
FNDA:0,(anonymous_12)
FNDA:0,(anonymous_13)
FNDA:0,(anonymous_14)
DA:1,1
DA:2,1
DA:3,1
DA:5,1
DA:6,4
DA:7,4
DA:9,4
DA:10,4
DA:11,4
DA:12,4
DA:13,4
DA:15,4
DA:16,0
DA:17,0
DA:18,0
DA:20,0
DA:21,0
DA:22,0
DA:23,0
DA:24,0
DA:25,0
DA:27,0
DA:28,0
DA:30,0
DA:31,0
DA:32,0
DA:34,0
DA:35,0
DA:38,0
DA:40,0
DA:44,4
DA:45,0
DA:46,0
DA:47,0
DA:48,0
DA:49,0
DA:52,4
DA:73,0
DA:87,0
DA:100,0
LF:40
LH:14
BRDA:22,0,0,0
BRDA:22,0,1,0
BRDA:23,1,0,0
BRDA:23,1,1,0
BRDA:23,2,0,0
BRDA:23,2,1,0
BRDA:28,3,0,0
BRDA:28,3,1,0
BRDA:30,4,0,0
BRDA:30,4,1,0
BRDA:30,5,0,0
BRDA:30,5,1,0
BRDA:30,5,2,0
BRDA:35,6,0,0
BRDA:35,6,1,0
BRDA:61,7,0,4
BRDA:61,7,1,0
BRDA:64,8,0,4
BRDA:64,8,1,0
BRDA:105,9,0,4
BRDA:105,9,1,0
BRDA:112,10,0,0
BRDA:112,10,1,4
BRDA:112,11,0,4
BRDA:112,11,1,0
BRDA:118,12,0,4
BRDA:118,12,1,0
BRF:27
BRH:6
end_of_record
TN:
SF:src\config\env.ts
FN:6,getEnv
FNF:1
FNH:0
FNDA:0,getEnv
DA:8,0
DA:9,0
DA:13,0
DA:14,0
DA:17,0
DA:20,0
LF:6
LH:0
BRDA:6,0,0,0
BRDA:8,1,0,0
BRDA:8,1,1,0
BRDA:8,2,0,0
BRDA:8,2,1,0
BRDA:9,3,0,0
BRDA:9,3,1,0
BRDA:13,4,0,0
BRDA:13,4,1,0
BRDA:13,5,0,0
BRDA:13,5,1,0
BRDA:14,6,0,0
BRDA:14,6,1,0
BRF:13
BRH:0
end_of_record
TN:
SF:src\context\AuthContext.tsx
FN:8,(anonymous_9)
FN:19,(anonymous_10)
FN:34,(anonymous_11)
FN:35,(anonymous_12)
FN:46,(anonymous_13)
FN:47,(anonymous_14)
FN:68,(anonymous_15)
FN:79,(anonymous_16)
FNF:8
FNH:6
FNDA:11,(anonymous_9)
FNDA:18,(anonymous_10)
FNDA:3,(anonymous_11)
FNDA:0,(anonymous_12)
FNDA:8,(anonymous_13)
FNDA:0,(anonymous_14)
FNDA:3,(anonymous_15)
FNDA:18,(anonymous_16)
DA:2,5
DA:3,5
DA:8,11
DA:17,5
DA:19,5
DA:20,18
DA:21,18
DA:22,18
DA:32,18
DA:34,18
DA:35,3
DA:36,3
DA:38,3
DA:39,0
DA:40,0
DA:41,0
DA:43,3
DA:46,18
DA:47,8
DA:48,8
DA:49,0
DA:50,0
DA:53,8
DA:54,8
DA:56,8
DA:62,8
DA:64,8
DA:65,8
DA:68,18
DA:69,3
DA:72,18
DA:79,5
DA:80,18
DA:81,18
DA:82,0
DA:84,18
LF:36
LH:30
BRDA:38,0,0,0
BRDA:38,0,1,3
BRDA:38,1,0,3
BRDA:38,1,1,0
BRDA:48,2,0,0
BRDA:48,2,1,8
BRDA:81,3,0,0
BRDA:81,3,1,18
BRF:8
BRH:4
end_of_record
TN:
SF:src\context\DataContext.tsx
FN:35,(anonymous_9)
FN:66,(anonymous_10)
FN:78,(anonymous_11)
FN:79,(anonymous_12)
FN:80,(anonymous_13)
FN:93,(anonymous_14)
FN:98,(anonymous_15)
FN:107,(anonymous_16)
FN:119,(anonymous_17)
FN:132,(anonymous_18)
FN:143,(anonymous_19)
FN:175,(anonymous_20)
FN:184,(anonymous_21)
FN:207,(anonymous_22)
FN:223,(anonymous_23)
FN:227,(anonymous_24)
FN:231,(anonymous_25)
FN:233,(anonymous_26)
FN:234,(anonymous_27)
FN:234,(anonymous_28)
FN:237,(anonymous_29)
FN:238,(anonymous_30)
FN:241,(anonymous_31)
FN:242,(anonymous_32)
FN:243,(anonymous_33)
FN:256,(anonymous_34)
FNF:26
FNH:2
FNDA:6,(anonymous_9)
FNDA:0,(anonymous_10)
FNDA:0,(anonymous_11)
FNDA:0,(anonymous_12)
FNDA:0,(anonymous_13)
FNDA:0,(anonymous_14)
FNDA:0,(anonymous_15)
FNDA:0,(anonymous_16)
FNDA:0,(anonymous_17)
FNDA:0,(anonymous_18)
FNDA:0,(anonymous_19)
FNDA:0,(anonymous_20)
FNDA:0,(anonymous_21)
FNDA:0,(anonymous_22)
FNDA:0,(anonymous_23)
FNDA:0,(anonymous_24)
FNDA:0,(anonymous_25)
FNDA:0,(anonymous_26)
FNDA:0,(anonymous_27)
FNDA:0,(anonymous_28)
FNDA:0,(anonymous_29)
FNDA:0,(anonymous_30)
FNDA:0,(anonymous_31)
FNDA:0,(anonymous_32)
FNDA:0,(anonymous_33)
FNDA:42,(anonymous_34)
DA:2,2
DA:3,2
DA:5,2
DA:6,2
DA:22,2
DA:24,2
DA:31,2
DA:35,2
DA:42,6
DA:43,6
DA:44,0
DA:46,6
DA:47,6
DA:48,6
DA:51,0
DA:54,6
DA:65,6
DA:66,6
DA:67,6
DA:91,0
DA:92,0
DA:93,0
DA:98,0
DA:99,0
DA:100,0
DA:101,0
DA:103,0
DA:107,0
DA:108,0
DA:109,0
DA:111,0
DA:112,0
DA:113,0
DA:114,0
DA:116,0
DA:119,0
DA:120,0
DA:122,0
DA:125,0
DA:126,0
DA:127,0
DA:131,0
DA:132,0
DA:133,0
DA:137,0
DA:138,0
DA:139,0
DA:143,0
DA:144,0
DA:145,0
DA:147,0
DA:150,0
DA:151,0
DA:152,0
DA:154,0
DA:155,0
DA:156,0
DA:158,0
DA:159,0
DA:160,0
DA:162,0
DA:176,0
DA:178,0
DA:179,0
DA:181,0
DA:183,0
DA:184,0
DA:185,0
DA:186,0
DA:187,0
DA:189,0
DA:191,0
DA:192,0
DA:193,0
DA:195,0
DA:202,0
DA:207,0
DA:208,0
DA:209,0
DA:210,0
DA:211,0
DA:212,0
DA:213,0
DA:221,0
DA:222,0
DA:223,0
DA:225,0
DA:226,0
DA:227,0
DA:229,0
DA:230,0
DA:231,0
DA:233,0
DA:234,0
DA:237,0
DA:238,0
DA:241,0
DA:242,0
DA:243,0
DA:244,0
DA:249,0
DA:256,2
DA:257,42
DA:258,42
DA:259,0
DA:261,42
LF:106
LH:21
BRDA:43,0,0,0
BRDA:43,0,1,6
BRDA:65,1,0,6
BRDA:65,1,1,0
BRDA:65,2,0,6
BRDA:65,2,1,0
BRDA:91,3,0,0
BRDA:91,3,1,0
BRDA:92,4,0,0
BRDA:92,4,1,0
BRDA:92,5,0,0
BRDA:92,5,1,0
BRDA:93,6,0,0
BRDA:93,6,1,0
BRDA:99,7,0,0
BRDA:99,7,1,0
BRDA:108,8,0,0
BRDA:108,8,1,0
BRDA:108,9,0,0
BRDA:108,9,1,0
BRDA:108,9,2,0
BRDA:109,10,0,0
BRDA:109,10,1,0
BRDA:111,11,0,0
BRDA:111,11,1,0
BRDA:114,12,0,0
BRDA:114,12,1,0
BRDA:120,13,0,0
BRDA:120,13,1,0
BRDA:120,14,0,0
BRDA:120,14,1,0
BRDA:125,15,0,0
BRDA:125,15,1,0
BRDA:127,16,0,0
BRDA:127,16,1,0
BRDA:127,17,0,0
BRDA:127,17,1,0
BRDA:131,18,0,0
BRDA:131,18,1,0
BRDA:131,19,0,0
BRDA:131,19,1,0
BRDA:132,20,0,0
BRDA:132,20,1,0
BRDA:132,21,0,0
BRDA:132,21,1,0
BRDA:137,22,0,0
BRDA:137,22,1,0
BRDA:137,23,0,0
BRDA:137,23,1,0
BRDA:138,24,0,0
BRDA:138,24,1,0
BRDA:138,25,0,0
BRDA:138,25,1,0
BRDA:139,26,0,0
BRDA:139,26,1,0
BRDA:139,27,0,0
BRDA:139,27,1,0
BRDA:145,28,0,0
BRDA:145,28,1,0
BRDA:145,29,0,0
BRDA:145,29,1,0
BRDA:158,30,0,0
BRDA:158,30,1,0
BRDA:158,30,2,0
BRDA:159,31,0,0
BRDA:159,31,1,0
BRDA:159,31,2,0
BRDA:160,32,0,0
BRDA:160,32,1,0
BRDA:160,32,2,0
BRDA:164,33,0,0
BRDA:164,33,1,0
BRDA:164,33,2,0
BRDA:165,34,0,0
BRDA:165,34,1,0
BRDA:165,34,2,0
BRDA:165,34,3,0
BRDA:166,35,0,0
BRDA:166,35,1,0
BRDA:166,35,2,0
BRDA:167,36,0,0
BRDA:167,36,1,0
BRDA:167,36,2,0
BRDA:167,36,3,0
BRDA:168,37,0,0
BRDA:168,37,1,0
BRDA:168,37,2,0
BRDA:169,38,0,0
BRDA:169,38,1,0
BRDA:169,38,2,0
BRDA:169,38,3,0
BRDA:178,39,0,0
BRDA:178,39,1,0
BRDA:178,40,0,0
BRDA:178,40,1,0
BRDA:178,40,2,0
BRDA:179,41,0,0
BRDA:179,41,1,0
BRDA:183,42,0,0
BRDA:183,42,1,0
BRDA:185,43,0,0
BRDA:185,43,1,0
BRDA:185,44,0,0
BRDA:185,44,1,0
BRDA:186,45,0,0
BRDA:186,45,1,0
BRDA:186,46,0,0
BRDA:186,46,1,0
BRDA:189,47,0,0
BRDA:189,47,1,0
BRDA:192,48,0,0
BRDA:192,48,1,0
BRDA:192,49,0,0
BRDA:192,49,1,0
BRDA:192,49,2,0
BRDA:202,50,0,0
BRDA:202,50,1,0
BRDA:209,51,0,0
BRDA:209,51,1,0
BRDA:210,52,0,0
BRDA:210,52,1,0
BRDA:211,53,0,0
BRDA:211,53,1,0
BRDA:211,54,0,0
BRDA:211,54,1,0
BRDA:221,55,0,0
BRDA:221,55,1,0
BRDA:222,56,0,0
BRDA:222,56,1,0
BRDA:222,57,0,0
BRDA:222,57,1,0
BRDA:223,58,0,0
BRDA:223,58,1,0
BRDA:225,59,0,0
BRDA:225,59,1,0
BRDA:226,60,0,0
BRDA:226,60,1,0
BRDA:227,61,0,0
BRDA:227,61,1,0
BRDA:229,62,0,0
BRDA:229,62,1,0
BRDA:230,63,0,0
BRDA:230,63,1,0
BRDA:230,64,0,0
BRDA:230,64,1,0
BRDA:231,65,0,0
BRDA:231,65,1,0
BRDA:244,66,0,0
BRDA:244,66,1,0
BRDA:258,67,0,0
BRDA:258,67,1,42
BRF:151
BRH:4
end_of_record
TN:
SF:src\hooks\useLocalStorage.ts
FN:3,useLocalStorage
FN:4,(anonymous_1)
FN:14,(anonymous_2)
FNF:3
FNH:3
FNDA:22,useLocalStorage
FNDA:12,(anonymous_1)
FNDA:22,(anonymous_2)
DA:1,2
DA:3,2
DA:4,22
DA:5,12
DA:6,12
DA:7,12
DA:9,1
DA:10,1
DA:14,22
DA:15,22
DA:16,22
DA:17,22
DA:19,0
DA:23,22
LF:14
LH:13
BRDA:7,0,0,3
BRDA:7,0,1,9
BRF:2
BRH:2
end_of_record
TN:
SF:src\services\api.ts
FN:15,apiCall
FN:54,(anonymous_1)
FN:64,(anonymous_2)
FN:70,(anonymous_3)
FN:79,(anonymous_4)
FN:81,(anonymous_5)
FN:84,(anonymous_6)
FN:90,(anonymous_7)
FN:106,(anonymous_8)
FN:112,(anonymous_9)
FN:122,(anonymous_10)
FN:128,(anonymous_11)
FN:135,(anonymous_12)
FN:142,(anonymous_13)
FNF:14
FNH:0
FNDA:0,apiCall
FNDA:0,(anonymous_1)
FNDA:0,(anonymous_2)
FNDA:0,(anonymous_3)
FNDA:0,(anonymous_4)
FNDA:0,(anonymous_5)
FNDA:0,(anonymous_6)
FNDA:0,(anonymous_7)
FNDA:0,(anonymous_8)
FNDA:0,(anonymous_9)
FNDA:0,(anonymous_10)
FNDA:0,(anonymous_11)
FNDA:0,(anonymous_12)
FNDA:0,(anonymous_13)
DA:6,0
DA:21,0
DA:23,0
DA:24,0
DA:29,0
DA:30,0
DA:33,0
DA:38,0
DA:39,0
DA:42,0
DA:43,0
DA:45,0
DA:46,0
DA:49,0
DA:53,0
DA:59,0
DA:65,0
DA:71,0
DA:78,0
DA:79,0
DA:82,0
DA:85,0
DA:89,0
DA:100,0
DA:107,0
DA:113,0
DA:121,0
DA:123,0
DA:129,0
DA:136,0
DA:143,0
LF:31
LH:0
BRDA:15,0,0,0
BRDA:17,1,0,0
BRDA:19,2,0,0
BRDA:20,3,0,0
BRDA:29,4,0,0
BRDA:29,4,1,0
BRDA:29,5,0,0
BRDA:29,5,1,0
BRDA:38,6,0,0
BRDA:38,6,1,0
BRDA:45,7,0,0
BRDA:45,7,1,0
BRDA:46,8,0,0
BRDA:46,8,1,0
BRDA:116,9,0,0
BRDA:116,9,1,0
BRF:16
BRH:0
end_of_record
TN:
SF:src\services\pdfGenerator.ts
FN:24,(anonymous_0)
FN:35,(anonymous_1)
FN:35,(anonymous_2)
FN:60,(anonymous_3)
FN:143,(anonymous_4)
FN:146,(anonymous_5)
FN:148,(anonymous_6)
FN:160,(anonymous_7)
FN:232,(anonymous_8)
FNF:9
FNH:0
FNDA:0,(anonymous_0)
FNDA:0,(anonymous_1)
FNDA:0,(anonymous_2)
FNDA:0,(anonymous_3)
FNDA:0,(anonymous_4)
FNDA:0,(anonymous_5)
FNDA:0,(anonymous_6)
FNDA:0,(anonymous_7)
FNDA:0,(anonymous_8)
DA:24,2
DA:26,0
DA:28,0
DA:29,0
DA:32,0
DA:33,0
DA:35,0
DA:38,0
DA:39,0
DA:40,0
DA:42,0
DA:45,0
DA:46,0
DA:47,0
DA:48,0
DA:51,0
DA:52,0
DA:53,0
DA:54,0
DA:57,0
DA:58,0
DA:60,0
DA:61,0
DA:62,0
DA:63,0
DA:64,0
DA:65,0
DA:67,0
DA:74,0
DA:78,0
DA:88,0
DA:89,0
DA:90,0
DA:91,0
DA:93,0
DA:94,0
DA:95,0
DA:97,0
DA:98,0
DA:100,0
DA:101,0
DA:103,0
DA:105,0
DA:106,0
DA:107,0
DA:108,0
DA:109,0
DA:112,0
DA:114,0
DA:115,0
DA:116,0
DA:117,0
DA:118,0
DA:121,0
DA:122,0
DA:123,0
DA:126,0
DA:127,0
DA:129,0
DA:130,0
DA:131,0
DA:134,0
DA:135,0
DA:136,0
DA:137,0
DA:138,0
DA:140,0
DA:141,0
DA:143,0
DA:144,0
DA:145,0
DA:146,0
DA:148,0
DA:149,0
DA:150,0
DA:151,0
DA:153,0
DA:155,0
DA:156,0
DA:159,0
DA:160,0
DA:161,0
DA:162,0
DA:163,0
DA:165,0
DA:171,0
DA:172,0
DA:173,0
DA:174,0
DA:175,0
DA:177,0
DA:179,0
DA:182,0
DA:183,0
DA:185,0
DA:187,0
DA:188,0
DA:190,0
DA:193,0
DA:194,0
DA:199,0
DA:200,0
DA:201,0
DA:203,0
DA:204,0
DA:206,0
DA:207,0
DA:209,0
DA:211,0
DA:214,0
DA:221,0
DA:226,0
DA:233,0
DA:234,0
DA:241,0
DA:244,0
DA:245,0
DA:246,0
DA:249,0
DA:250,0
DA:252,0
DA:253,0
LF:122
LH:1
BRDA:26,0,0,0
BRDA:26,0,1,0
BRDA:28,1,0,0
BRDA:28,1,1,0
BRDA:28,2,0,0
BRDA:28,2,1,0
BRDA:38,3,0,0
BRDA:38,3,1,0
BRDA:46,4,0,0
BRDA:46,4,1,0
BRDA:48,5,0,0
BRDA:48,5,1,0
BRDA:54,6,0,0
BRDA:54,6,1,0
BRDA:62,7,0,0
BRDA:62,7,1,0
BRDA:72,8,0,0
BRDA:72,8,1,0
BRDA:103,9,0,0
BRDA:103,9,1,0
BRDA:105,10,0,0
BRDA:105,10,1,0
BRDA:105,11,0,0
BRDA:105,11,1,0
BRDA:106,12,0,0
BRDA:106,12,1,0
BRDA:112,13,0,0
BRDA:112,13,1,0
BRDA:114,14,0,0
BRDA:114,14,1,0
BRDA:114,15,0,0
BRDA:114,15,1,0
BRDA:115,16,0,0
BRDA:115,16,1,0
BRDA:121,17,0,0
BRDA:121,17,1,0
BRDA:121,18,0,0
BRDA:121,18,1,0
BRDA:134,19,0,0
BRDA:134,19,1,0
BRDA:145,20,0,0
BRDA:145,20,1,0
BRDA:145,21,0,0
BRDA:145,21,1,0
BRDA:149,22,0,0
BRDA:149,22,1,0
BRDA:149,23,0,0
BRDA:149,23,1,0
BRDA:150,24,0,0
BRDA:150,24,1,0
BRDA:150,25,0,0
BRDA:150,25,1,0
BRDA:151,26,0,0
BRDA:151,26,1,0
BRDA:153,27,0,0
BRDA:153,27,1,0
BRDA:155,28,0,0
BRDA:155,28,1,0
BRDA:161,29,0,0
BRDA:161,29,1,0
BRDA:161,30,0,0
BRDA:161,30,1,0
BRDA:162,31,0,0
BRDA:162,31,1,0
BRDA:162,32,0,0
BRDA:162,32,1,0
BRDA:165,33,0,0
BRDA:165,33,1,0
BRDA:172,34,0,0
BRDA:172,34,1,0
BRDA:172,35,0,0
BRDA:172,35,1,0
BRDA:172,36,0,0
BRDA:172,36,1,0
BRDA:173,37,0,0
BRDA:173,37,1,0
BRDA:173,38,0,0
BRDA:173,38,1,0
BRDA:173,39,0,0
BRDA:173,39,1,0
BRDA:174,40,0,0
BRDA:174,40,1,0
BRDA:174,41,0,0
BRDA:174,41,1,0
BRDA:174,42,0,0
BRDA:174,42,1,0
BRDA:175,43,0,0
BRDA:175,43,1,0
BRDA:179,44,0,0
BRDA:179,44,1,0
BRDA:185,45,0,0
BRDA:185,45,1,0
BRDA:185,46,0,0
BRDA:185,46,1,0
BRDA:185,46,2,0
BRDA:185,46,3,0
BRDA:185,46,4,0
BRDA:194,47,0,0
BRDA:194,47,1,0
BRDA:200,48,0,0
BRDA:200,48,1,0
BRDA:200,49,0,0
BRDA:200,49,1,0
BRDA:200,50,0,0
BRDA:200,50,1,0
BRDA:201,51,0,0
BRDA:201,51,1,0
BRDA:201,52,0,0
BRDA:201,52,1,0
BRDA:203,53,0,0
BRDA:203,53,1,0
BRDA:203,54,0,0
BRDA:203,54,1,0
BRDA:203,55,0,0
BRDA:203,55,1,0
BRDA:204,56,0,0
BRDA:204,56,1,0
BRDA:204,57,0,0
BRDA:204,57,1,0
BRDA:206,58,0,0
BRDA:206,58,1,0
BRDA:206,59,0,0
BRDA:206,59,1,0
BRDA:206,60,0,0
BRDA:206,60,1,0
BRDA:207,61,0,0
BRDA:207,61,1,0
BRDA:207,62,0,0
BRDA:207,62,1,0
BRDA:209,63,0,0
BRDA:209,63,1,0
BRDA:215,64,0,0
BRDA:215,64,1,0
BRDA:218,65,0,0
BRDA:218,65,1,0
BRDA:219,66,0,0
BRDA:219,66,1,0
BRDA:233,67,0,0
BRDA:233,67,1,0
BRDA:233,68,0,0
BRDA:233,68,1,0
BRDA:233,68,2,0
BRF:142
BRH:0
end_of_record
TN:
SF:src\utils\normalizeMaterials.ts
FN:5,(anonymous_0)
FN:10,(anonymous_1)
FN:21,(anonymous_2)
FN:28,(anonymous_3)
FN:39,(anonymous_4)
FN:67,(anonymous_5)
FN:97,(anonymous_6)
FN:98,(anonymous_7)
FN:98,(anonymous_8)
FNF:9
FNH:0
FNDA:0,(anonymous_0)
FNDA:0,(anonymous_1)
FNDA:0,(anonymous_2)
FNDA:0,(anonymous_3)
FNDA:0,(anonymous_4)
FNDA:0,(anonymous_5)
FNDA:0,(anonymous_6)
FNDA:0,(anonymous_7)
FNDA:0,(anonymous_8)
DA:5,2
DA:6,0
DA:7,0
DA:10,2
DA:11,0
DA:12,0
DA:13,0
DA:14,0
DA:15,0
DA:16,0
DA:18,0
DA:21,2
DA:22,0
DA:23,0
DA:25,0
DA:28,2
DA:29,0
DA:31,0
DA:33,0
DA:34,0
DA:35,0
DA:38,0
DA:39,0
DA:40,0
DA:43,0
DA:44,0
DA:45,0
DA:48,0
DA:49,0
DA:50,0
DA:52,0
DA:53,0
DA:54,0
DA:56,0
DA:57,0
DA:58,0
DA:61,0
DA:62,0
DA:64,0
DA:65,0
DA:66,0
DA:67,0
DA:68,0
DA:69,0
DA:70,0
DA:72,0
DA:74,0
DA:75,0
DA:79,0
DA:82,0
DA:97,2
DA:98,0
DA:101,2
LF:53
LH:6
BRDA:6,0,0,0
BRDA:6,0,1,0
BRDA:11,1,0,0
BRDA:11,1,1,0
BRDA:11,2,0,0
BRDA:11,2,1,0
BRDA:11,2,2,0
BRDA:12,3,0,0
BRDA:12,3,1,0
BRDA:13,4,0,0
BRDA:13,4,1,0
BRDA:16,5,0,0
BRDA:16,5,1,0
BRDA:23,6,0,0
BRDA:23,6,1,0
BRDA:23,7,0,0
BRDA:23,7,1,0
BRDA:29,8,0,0
BRDA:29,8,1,0
BRDA:29,9,0,0
BRDA:29,9,1,0
BRDA:33,10,0,0
BRDA:33,10,1,0
BRDA:35,11,0,0
BRDA:35,11,1,0
BRDA:35,12,0,0
BRDA:35,12,1,0
BRDA:38,13,0,0
BRDA:38,13,1,0
BRDA:38,14,0,0
BRDA:38,14,1,0
BRDA:39,15,0,0
BRDA:39,15,1,0
BRDA:39,16,0,0
BRDA:39,16,1,0
BRDA:43,17,0,0
BRDA:43,17,1,0
BRDA:43,18,0,0
BRDA:43,18,1,0
BRDA:44,19,0,0
BRDA:44,19,1,0
BRDA:44,20,0,0
BRDA:44,20,1,0
BRDA:45,21,0,0
BRDA:45,21,1,0
BRDA:45,22,0,0
BRDA:45,22,1,0
BRDA:56,23,0,0
BRDA:56,23,1,0
BRDA:56,23,2,0
BRDA:57,24,0,0
BRDA:57,24,1,0
BRDA:57,24,2,0
BRDA:58,25,0,0
BRDA:58,25,1,0
BRDA:58,25,2,0
BRDA:65,26,0,0
BRDA:65,26,1,0
BRDA:66,27,0,0
BRDA:66,27,1,0
BRDA:68,28,0,0
BRDA:68,28,1,0
BRDA:68,29,0,0
BRDA:68,29,1,0
BRDA:69,30,0,0
BRDA:69,30,1,0
BRDA:69,31,0,0
BRDA:69,31,1,0
BRDA:72,32,0,0
BRDA:72,32,1,0
BRDA:75,33,0,0
BRDA:75,33,1,0
BRDA:75,34,0,0
BRDA:75,34,1,0
BRDA:75,34,2,0
BRDA:84,35,0,0
BRDA:84,35,1,0
BRDA:84,35,2,0
BRDA:85,36,0,0
BRDA:85,36,1,0
BRDA:85,36,2,0
BRDA:85,36,3,0
BRDA:86,37,0,0
BRDA:86,37,1,0
BRDA:86,37,2,0
BRDA:87,38,0,0
BRDA:87,38,1,0
BRDA:87,38,2,0
BRDA:87,38,3,0
BRDA:88,39,0,0
BRDA:88,39,1,0
BRDA:88,39,2,0
BRDA:89,40,0,0
BRDA:89,40,1,0
BRDA:89,40,2,0
BRDA:89,40,3,0
BRDA:98,41,0,0
BRDA:98,41,1,0
BRDA:98,42,0,0
BRDA:98,42,1,0
BRF:100
BRH:0
end_of_record
TN:
SF:src\utils\parsers.ts
FN:1,(anonymous_0)
FNF:1
FNH:0
FNDA:0,(anonymous_0)
DA:1,0
DA:2,0
DA:4,0
DA:6,0
DA:7,0
DA:11,0
DA:12,0
DA:14,0
DA:15,0
DA:16,0
DA:17,0
DA:19,0
DA:20,0
DA:22,0
DA:26,0
DA:27,0
DA:28,0
DA:29,0
DA:30,0
DA:34,0
LF:20
LH:0
BRDA:6,0,0,0
BRDA:6,0,1,0
BRDA:14,1,0,0
BRDA:14,1,1,0
BRDA:15,2,0,0
BRDA:15,2,1,0
BRDA:19,3,0,0
BRDA:19,3,1,0
BRDA:27,4,0,0
BRDA:27,4,1,0
BRDA:29,5,0,0
BRDA:29,5,1,0
BRF:12
BRH:0
end_of_record
TN:
SF:src\utils\safeStringify.ts
FN:1,safeStringify
FN:4,(anonymous_1)
FNF:2
FNH:0
FNDA:0,safeStringify
FNDA:0,(anonymous_1)
DA:1,0
DA:2,0
DA:3,0
DA:4,0
DA:5,0
DA:6,0
DA:7,0
DA:9,0
DA:12,0
LF:9
LH:0
BRDA:5,0,0,0
BRDA:5,0,1,0
BRDA:5,1,0,0
BRDA:5,1,1,0
BRDA:6,2,0,0
BRDA:6,2,1,0
BRF:6
BRH:0
end_of_record
