{"numFailedTestSuites":1,"numFailedTests":1,"numPassedTestSuites":9,"numPassedTests":47,"numPendingTestSuites":0,"numPendingTests":0,"numRuntimeErrorTestSuites":0,"numTodoTests":0,"numTotalTestSuites":10,"numTotalTests":48,"openHandles":[],"snapshot":{"added":0,"didUpdate":false,"failure":false,"filesAdded":0,"filesRemoved":0,"filesRemovedList":[],"filesUnmatched":0,"filesUpdated":0,"matched":0,"total":0,"unchecked":0,"uncheckedKeysByFile":[],"unmatched":0,"updated":0},"startTime":1762724847639,"success":false,"testResults":[{"assertionResults":[{"ancestorTitles":["App Integration Tests"],"duration":92,"failing":false,"failureDetails":[],"failureMessages":[],"fullName":"App Integration Tests should render AuthPage when user is not authenticated","invocations":1,"location":null,"numPassingAsserts":2,"retryReasons":[],"startAt":1762724853084,"status":"passed","title":"should render AuthPage when user is not authenticated"},{"ancestorTitles":["App Integration Tests"],"duration":456,"failing":false,"failureDetails":[],"failureMessages":[],"fullName":"App Integration Tests should render MainLayout when user is authenticated","invocations":1,"location":null,"numPassingAsserts":2,"retryReasons":[],"startAt":1762724853178,"status":"passed","title":"should render MainLayout when user is authenticated"},{"ancestorTitles":["App Integration Tests"],"duration":5010,"failing":false,"failureDetails":[{"message":"thrown: \"Exceeded timeout of 5000 ms for a test.\nAdd a timeout value to this test to increase the timeout, if this is a long-running test. See https://jestjs.io/docs/api#testname-fn-timeout.\""}],"failureMessages":["Error: thrown: \"Exceeded timeout of 5000 ms for a test.\nAdd a timeout value to this test to increase the timeout, if this is a long-running test. See https://jestjs.io/docs/api#testname-fn-timeout.\"\n    at C:\\Users\\gilmar dutra\\Documents\\sored---sistema-de-orçamento-rápido\\src\\context\\__tests__\\App.test.tsx:81:3\n    at _dispatchDescribe (C:\\Users\\gilmar dutra\\Documents\\sored---sistema-de-orçamento-rápido\\node_modules\\jest-circus\\build\\jestAdapterInit.js:604:26)\n    at describe (C:\\Users\\gilmar dutra\\Documents\\sored---sistema-de-orçamento-rápido\\node_modules\\jest-circus\\build\\jestAdapterInit.js:572:44)\n    at Object.<anonymous> (C:\\Users\\gilmar dutra\\Documents\\sored---sistema-de-orçamento-rápido\\src\\context\\__tests__\\App.test.tsx:40:1)\n    at Runtime._execModule (C:\\Users\\gilmar dutra\\Documents\\sored---sistema-de-orçamento-rápido\\node_modules\\jest-runtime\\build\\index.js:1268:24)\n    at Runtime._loadModule (C:\\Users\\gilmar dutra\\Documents\\sored---sistema-de-orçamento-rápido\\node_modules\\jest-runtime\\build\\index.js:944:12)\n    at Runtime.requireModule (C:\\Users\\gilmar dutra\\Documents\\sored---sistema-de-orçamento-rápido\\node_modules\\jest-runtime\\build\\index.js:832:12)\n    at jestAdapter (C:\\Users\\gilmar dutra\\Documents\\sored---sistema-de-orçamento-rápido\\node_modules\\jest-circus\\build\\runner.js:97:19)\n    at runTestInternal (C:\\Users\\gilmar dutra\\Documents\\sored---sistema-de-orçamento-rápido\\node_modules\\jest-runner\\build\\index.js:300:22)\n    at runTest (C:\\Users\\gilmar dutra\\Documents\\sored---sistema-de-orçamento-rápido\\node_modules\\jest-runner\\build\\index.js:368:13)"],"fullName":"App Integration Tests should navigate to Quote Calculator and add an item","invocations":1,"location":null,"numPassingAsserts":1,"retryReasons":[],"startAt":1762724853635,"status":"failed","title":"should navigate to Quote Calculator and add an item"},{"ancestorTitles":["App Integration Tests"],"duration":144,"failing":false,"failureDetails":[],"failureMessages":[],"fullName":"App Integration Tests should navigate to Saved Quotes and display them","invocations":1,"location":null,"numPassingAsserts":3,"retryReasons":[],"startAt":1762724858662,"status":"passed","title":"should navigate to Saved Quotes and display them"}],"endTime":1762724858859,"message":"\u001b[1m\u001b[31m  \u001b[1m● \u001b[22m\u001b[1mApp Integration Tests › should navigate to Quote Calculator and add an item\u001b[39m\u001b[22m\n\n    thrown: \"Exceeded timeout of 5000 ms for a test.\n    Add a timeout value to this test to increase the timeout, if this is a long-running test. See https://jestjs.io/docs/api#testname-fn-timeout.\"\n\u001b[2m\u001b[22m\n\u001b[2m    \u001b[0m \u001b[90m 79 |\u001b[39m   })\u001b[33m;\u001b[39m\u001b[22m\n\u001b[2m     \u001b[90m 80 |\u001b[39m\u001b[22m\n\u001b[2m    \u001b[31m\u001b[1m>\u001b[22m\u001b[2m\u001b[39m\u001b[90m 81 |\u001b[39m   it(\u001b[32m'should navigate to Quote Calculator and add an item'\u001b[39m\u001b[33m,\u001b[39m \u001b[36masync\u001b[39m () \u001b[33m=>\u001b[39m {\u001b[22m\n\u001b[2m     \u001b[90m    |\u001b[39m   \u001b[31m\u001b[1m^\u001b[22m\u001b[2m\u001b[39m\u001b[22m\n\u001b[2m     \u001b[90m 82 |\u001b[39m     \u001b[90m// This test will now use the default mock set in beforeEach\u001b[39m\u001b[22m\n\u001b[2m     \u001b[90m 83 |\u001b[39m     renderApp()\u001b[33m;\u001b[39m\u001b[22m\n\u001b[2m     \u001b[90m 84 |\u001b[39m\u001b[0m\u001b[22m\n\u001b[2m\u001b[22m\n\u001b[2m      \u001b[2mat \u001b[22m\u001b[2m\u001b[0m\u001b[36msrc/context/__tests__/App.test.tsx\u001b[39m\u001b[0m\u001b[2m:81:3\u001b[22m\u001b[2m\u001b[22m\n\u001b[2m      \u001b[2mat Object.<anonymous> (\u001b[22m\u001b[2m\u001b[0m\u001b[36msrc/context/__tests__/App.test.tsx\u001b[39m\u001b[0m\u001b[2m:40:1)\u001b[22m\u001b[2m\u001b[22m\n","name":"C:\\Users\\gilmar dutra\\Documents\\sored---sistema-de-orçamento-rápido\\src\\context\\__tests__\\App.test.tsx","startTime":1762724850501,"status":"failed","summary":""},{"assertionResults":[{"ancestorTitles":["MaterialFormModal Dimension Input Integration"],"duration":2166,"failing":false,"failureDetails":[],"failureMessages":[],"fullName":"MaterialFormModal Dimension Input Integration should correctly parse and save dimension inputs with units","invocations":1,"location":null,"numPassingAsserts":18,"retryReasons":[],"startAt":1762724859919,"status":"passed","title":"should correctly parse and save dimension inputs with units"},{"ancestorTitles":["MaterialFormModal Dimension Input Integration"],"duration":1409,"failing":false,"failureDetails":[],"failureMessages":[],"fullName":"MaterialFormModal Dimension Input Integration should add and edit a component correctly","invocations":1,"location":null,"numPassingAsserts":21,"retryReasons":[],"startAt":1762724862087,"status":"passed","title":"should add and edit a component correctly"}],"endTime":1762724863498,"message":"","name":"C:\\Users\\gilmar dutra\\Documents\\sored---sistema-de-orçamento-rápido\\src\\components\\MaterialFormModal.test.tsx","startTime":1762724858969,"status":"passed","summary":""},{"assertionResults":[{"ancestorTitles":["QuoteCalculator"],"duration":44,"failing":false,"failureDetails":[],"failureMessages":[],"fullName":"QuoteCalculator should render with initial state","invocations":1,"location":null,"numPassingAsserts":6,"retryReasons":[],"startAt":1762724863830,"status":"passed","title":"should render with initial state"},{"ancestorTitles":["QuoteCalculator"],"duration":65,"failing":false,"failureDetails":[],"failureMessages":[],"fullName":"QuoteCalculator should add an item to the quote","invocations":1,"location":null,"numPassingAsserts":4,"retryReasons":[],"startAt":1762724863875,"status":"passed","title":"should add an item to the quote"},{"ancestorTitles":["QuoteCalculator"],"duration":114,"failing":false,"failureDetails":[],"failureMessages":[],"fullName":"QuoteCalculator should update item quantity","invocations":1,"location":null,"numPassingAsserts":2,"retryReasons":[],"startAt":1762724863941,"status":"passed","title":"should update item quantity"},{"ancestorTitles":["QuoteCalculator"],"duration":104,"failing":false,"failureDetails":[],"failureMessages":[],"fullName":"QuoteCalculator should remove an item from the quote","invocations":1,"location":null,"numPassingAsserts":4,"retryReasons":[],"startAt":1762724864133,"status":"passed","title":"should remove an item from the quote"},{"ancestorTitles":["QuoteCalculator"],"duration":36,"failing":false,"failureDetails":[],"failureMessages":[],"fullName":"QuoteCalculator should toggle freight cost enabled state","invocations":1,"location":null,"numPassingAsserts":3,"retryReasons":[],"startAt":1762724864239,"status":"passed","title":"should toggle freight cost enabled state"},{"ancestorTitles":["QuoteCalculator"],"duration":163,"failing":false,"failureDetails":[],"failureMessages":[],"fullName":"QuoteCalculator should calculate costs correctly","invocations":1,"location":null,"numPassingAsserts":10,"retryReasons":[],"startAt":1762724864276,"status":"passed","title":"should calculate costs correctly"},{"ancestorTitles":["QuoteCalculator"],"duration":140,"failing":false,"failureDetails":[],"failureMessages":[],"fullName":"QuoteCalculator should calculate costs correctly when freight is disabled","invocations":1,"location":null,"numPassingAsserts":10,"retryReasons":[],"startAt":1762724864440,"status":"passed","title":"should calculate costs correctly when freight is disabled"},{"ancestorTitles":["QuoteCalculator"],"duration":61,"failing":false,"failureDetails":[],"failureMessages":[],"fullName":"QuoteCalculator should reset the form","invocations":1,"location":null,"numPassingAsserts":3,"retryReasons":[],"startAt":1762724864581,"status":"passed","title":"should reset the form"},{"ancestorTitles":["QuoteCalculator"],"duration":80,"failing":false,"failureDetails":[],"failureMessages":[],"fullName":"QuoteCalculator should save a new quote","invocations":1,"location":null,"numPassingAsserts":4,"retryReasons":[],"startAt":1762724864643,"status":"passed","title":"should save a new quote"},{"ancestorTitles":["QuoteCalculator"],"duration":55,"failing":false,"failureDetails":[],"failureMessages":[],"fullName":"QuoteCalculator should update an existing quote","invocations":1,"location":null,"numPassingAsserts":2,"retryReasons":[],"startAt":1762724864725,"status":"passed","title":"should update an existing quote"},{"ancestorTitles":["QuoteCalculator"],"duration":39,"failing":false,"failureDetails":[],"failureMessages":[],"fullName":"QuoteCalculator should generate PDF","invocations":1,"location":null,"numPassingAsserts":1,"retryReasons":[],"startAt":1762724864781,"status":"passed","title":"should generate PDF"}],"endTime":1762724864825,"message":"","name":"C:\\Users\\gilmar dutra\\Documents\\sored---sistema-de-orçamento-rápido\\src\\context\\__tests__\\QuoteCalculator.test.tsx","startTime":1762724863517,"status":"passed","summary":""},{"assertionResults":[{"ancestorTitles":["DataContext"],"duration":8,"failing":false,"failureDetails":[],"failureMessages":[],"fullName":"DataContext should provide default data values when no data is in local storage","invocations":1,"location":null,"numPassingAsserts":3,"retryReasons":[],"startAt":1762724865341,"status":"passed","title":"should provide default data values when no data is in local storage"},{"ancestorTitles":["DataContext"],"duration":3,"failing":false,"failureDetails":[],"failureMessages":[],"fullName":"DataContext should load existing data from local storage","invocations":1,"location":null,"numPassingAsserts":3,"retryReasons":[],"startAt":1762724865350,"status":"passed","title":"should load existing data from local storage"},{"ancestorTitles":["DataContext"],"duration":4,"failing":false,"failureDetails":[],"failureMessages":[],"fullName":"DataContext should update materials","invocations":1,"location":null,"numPassingAsserts":1,"retryReasons":[],"startAt":1762724865354,"status":"passed","title":"should update materials"},{"ancestorTitles":["DataContext"],"duration":3,"failing":false,"failureDetails":[],"failureMessages":[],"fullName":"DataContext should update quotes","invocations":1,"location":null,"numPassingAsserts":1,"retryReasons":[],"startAt":1762724865360,"status":"passed","title":"should update quotes"},{"ancestorTitles":["DataContext"],"duration":4,"failing":false,"failureDetails":[],"failureMessages":[],"fullName":"DataContext should update settings","invocations":1,"location":null,"numPassingAsserts":1,"retryReasons":[],"startAt":1762724865364,"status":"passed","title":"should update settings"},{"ancestorTitles":["DataContext"],"duration":381,"failing":false,"failureDetails":[],"failureMessages":[],"fullName":"DataContext should throw an error if useData is not used within a DataProvider","invocations":1,"location":null,"numPassingAsserts":1,"retryReasons":[],"startAt":1762724865369,"status":"passed","title":"should throw an error if useData is not used within a DataProvider"},{"ancestorTitles":["DataContext"],"duration":4,"failing":false,"failureDetails":[],"failureMessages":[],"fullName":"DataContext should render error message if currentUser or tenantId is missing","invocations":1,"location":null,"numPassingAsserts":2,"retryReasons":[],"startAt":1762724865751,"status":"passed","title":"should render error message if currentUser or tenantId is missing"}],"endTime":1762724865757,"message":"","name":"C:\\Users\\gilmar dutra\\Documents\\sored---sistema-de-orçamento-rápido\\src\\context\\__tests__\\DataContext.test.tsx","startTime":1762724864960,"status":"passed","summary":""},{"assertionResults":[{"ancestorTitles":["MaterialManagement"],"duration":75,"failing":false,"failureDetails":[],"failureMessages":[],"fullName":"MaterialManagement should render the correct labels for adding new material","invocations":1,"location":null,"numPassingAsserts":4,"retryReasons":[],"startAt":1762724866111,"status":"passed","title":"should render the correct labels for adding new material"},{"ancestorTitles":["MaterialManagement"],"duration":29,"failing":false,"failureDetails":[],"failureMessages":[],"fullName":"MaterialManagement should render the \"Adicionar Componente\" button","invocations":1,"location":null,"numPassingAsserts":1,"retryReasons":[],"startAt":1762724866188,"status":"passed","title":"should render the \"Adicionar Componente\" button"},{"ancestorTitles":["MaterialManagement"],"duration":71,"failing":false,"failureDetails":[],"failureMessages":[],"fullName":"MaterialManagement should add a new component field when \"Adicionar Componente\" button is clicked","invocations":1,"location":null,"numPassingAsserts":2,"retryReasons":[],"startAt":1762724866218,"status":"passed","title":"should add a new component field when \"Adicionar Componente\" button is clicked"},{"ancestorTitles":["MaterialManagement"],"duration":119,"failing":false,"failureDetails":[],"failureMessages":[],"fullName":"MaterialManagement should update component field values","invocations":1,"location":null,"numPassingAsserts":2,"retryReasons":[],"startAt":1762724866289,"status":"passed","title":"should update component field values"}],"endTime":1762724866410,"message":"","name":"C:\\Users\\gilmar dutra\\Documents\\sored---sistema-de-orçamento-rápido\\src\\components\\MaterialManagement.test.tsx","startTime":1762724865779,"status":"passed","summary":""},{"assertionResults":[{"ancestorTitles":["AuthContext"],"duration":5,"failing":false,"failureDetails":[],"failureMessages":[],"fullName":"AuthContext should provide default auth values","invocations":1,"location":null,"numPassingAsserts":5,"retryReasons":[],"startAt":1762724866720,"status":"passed","title":"should provide default auth values"},{"ancestorTitles":["AuthContext"],"duration":4,"failing":false,"failureDetails":[],"failureMessages":[],"fullName":"AuthContext should log in a user with correct credentials","invocations":1,"location":null,"numPassingAsserts":2,"retryReasons":[],"startAt":1762724866726,"status":"passed","title":"should log in a user with correct credentials"},{"ancestorTitles":["AuthContext"],"duration":7,"failing":false,"failureDetails":[],"failureMessages":[],"fullName":"AuthContext should not log in a user with incorrect password","invocations":1,"location":null,"numPassingAsserts":2,"retryReasons":[],"startAt":1762724866731,"status":"passed","title":"should not log in a user with incorrect password"},{"ancestorTitles":["AuthContext"],"duration":1,"failing":false,"failureDetails":[],"failureMessages":[],"fullName":"AuthContext should not log in a non-existent user","invocations":1,"location":null,"numPassingAsserts":2,"retryReasons":[],"startAt":1762724866740,"status":"passed","title":"should not log in a non-existent user"},{"ancestorTitles":["AuthContext"],"duration":2,"failing":false,"failureDetails":[],"failureMessages":[],"fullName":"AuthContext should log out a user","invocations":1,"location":null,"numPassingAsserts":2,"retryReasons":[],"startAt":1762724866742,"status":"passed","title":"should log out a user"},{"ancestorTitles":["AuthContext"],"duration":4,"failing":false,"failureDetails":[],"failureMessages":[],"fullName":"AuthContext should sign up a new user and tenant","invocations":1,"location":null,"numPassingAsserts":7,"retryReasons":[],"startAt":1762724866745,"status":"passed","title":"should sign up a new user and tenant"},{"ancestorTitles":["AuthContext"],"duration":3,"failing":false,"failureDetails":[],"failureMessages":[],"fullName":"AuthContext should not sign up a user with an existing email","invocations":1,"location":null,"numPassingAsserts":5,"retryReasons":[],"startAt":1762724866750,"status":"passed","title":"should not sign up a user with an existing email"}],"endTime":1762724866756,"message":"","name":"C:\\Users\\gilmar dutra\\Documents\\sored---sistema-de-orçamento-rápido\\src\\context\\__tests__\\AuthContext.test.tsx","startTime":1762724866426,"status":"passed","summary":""},{"assertionResults":[{"ancestorTitles":["MainLayout"],"duration":28,"failing":false,"failureDetails":[],"failureMessages":[],"fullName":"MainLayout renders without crashing","invocations":1,"location":null,"numPassingAsserts":1,"retryReasons":[],"startAt":1762724867044,"status":"passed","title":"renders without crashing"}],"endTime":1762724867074,"message":"","name":"C:\\Users\\gilmar dutra\\Documents\\sored---sistema-de-orçamento-rápido\\src\\components\\MainLayout.test.tsx","startTime":1762724866769,"status":"passed","summary":""},{"assertionResults":[{"ancestorTitles":["parseDimensionInput"],"duration":2,"failing":false,"failureDetails":[],"failureMessages":[],"fullName":"parseDimensionInput should return null for empty string","invocations":1,"location":null,"numPassingAsserts":1,"retryReasons":[],"startAt":1762724867236,"status":"passed","title":"should return null for empty string"},{"ancestorTitles":["parseDimensionInput"],"duration":1,"failing":false,"failureDetails":[],"failureMessages":[],"fullName":"parseDimensionInput should return null for string with only spaces","invocations":1,"location":null,"numPassingAsserts":1,"retryReasons":[],"startAt":1762724867239,"status":"passed","title":"should return null for string with only spaces"},{"ancestorTitles":["parseDimensionInput"],"duration":1,"failing":false,"failureDetails":[],"failureMessages":[],"fullName":"parseDimensionInput should parse integer numbers correctly","invocations":1,"location":null,"numPassingAsserts":3,"retryReasons":[],"startAt":1762724867240,"status":"passed","title":"should parse integer numbers correctly"},{"ancestorTitles":["parseDimensionInput"],"duration":1,"failing":false,"failureDetails":[],"failureMessages":[],"fullName":"parseDimensionInput should parse decimal numbers correctly","invocations":1,"location":null,"numPassingAsserts":3,"retryReasons":[],"startAt":1762724867242,"status":"passed","title":"should parse decimal numbers correctly"},{"ancestorTitles":["parseDimensionInput"],"duration":1,"failing":false,"failureDetails":[],"failureMessages":[],"fullName":"parseDimensionInput should parse simple fractions correctly","invocations":1,"location":null,"numPassingAsserts":3,"retryReasons":[],"startAt":1762724867244,"status":"passed","title":"should parse simple fractions correctly"},{"ancestorTitles":["parseDimensionInput"],"duration":1,"failing":false,"failureDetails":[],"failureMessages":[],"fullName":"parseDimensionInput should parse mixed fractions correctly","invocations":1,"location":null,"numPassingAsserts":3,"retryReasons":[],"startAt":1762724867246,"status":"passed","title":"should parse mixed fractions correctly"},{"ancestorTitles":["parseDimensionInput"],"duration":1,"failing":false,"failureDetails":[],"failureMessages":[],"fullName":"parseDimensionInput should handle spaces around numbers and fractions","invocations":1,"location":null,"numPassingAsserts":3,"retryReasons":[],"startAt":1762724867248,"status":"passed","title":"should handle spaces around numbers and fractions"},{"ancestorTitles":["parseDimensionInput"],"duration":1,"failing":false,"failureDetails":[],"failureMessages":[],"fullName":"parseDimensionInput should return null for invalid fractions (denominator is zero)","invocations":1,"location":null,"numPassingAsserts":2,"retryReasons":[],"startAt":1762724867250,"status":"passed","title":"should return null for invalid fractions (denominator is zero)"},{"ancestorTitles":["parseDimensionInput"],"duration":5,"failing":false,"failureDetails":[],"failureMessages":[],"fullName":"parseDimensionInput should return null for non-numeric or unparseable strings","invocations":1,"location":null,"numPassingAsserts":4,"retryReasons":[],"startAt":1762724867252,"status":"passed","title":"should return null for non-numeric or unparseable strings"},{"ancestorTitles":["parseDimensionInput"],"duration":1,"failing":false,"failureDetails":[],"failureMessages":[],"fullName":"parseDimensionInput should return null for fractions with non-numeric parts","invocations":1,"location":null,"numPassingAsserts":2,"retryReasons":[],"startAt":1762724867257,"status":"passed","title":"should return null for fractions with non-numeric parts"}],"endTime":1762724867266,"message":"","name":"C:\\Users\\gilmar dutra\\Documents\\sored---sistema-de-orçamento-rápido\\src\\utils\\parsers.test.ts","startTime":1762724867099,"status":"passed","summary":""},{"assertionResults":[{"ancestorTitles":["Simple Test"],"duration":4,"failing":false,"failureDetails":[],"failureMessages":[],"fullName":"Simple Test should render a simple div","invocations":1,"location":null,"numPassingAsserts":1,"retryReasons":[],"startAt":1762724867581,"status":"passed","title":"should render a simple div"}],"endTime":1762724867586,"message":"","name":"C:\\Users\\gilmar dutra\\Documents\\sored---sistema-de-orçamento-rápido\\src\\simple.test.tsx","startTime":1762724867291,"status":"passed","summary":""},{"assertionResults":[{"ancestorTitles":["QuoteCalculator basic rendering"],"duration":31,"failing":false,"failureDetails":[],"failureMessages":[],"fullName":"QuoteCalculator basic rendering renders without crashing","invocations":1,"location":null,"numPassingAsserts":0,"retryReasons":[],"startAt":1762724867881,"status":"passed","title":"renders without crashing"}],"endTime":1762724867914,"message":"","name":"C:\\Users\\gilmar dutra\\Documents\\sored---sistema-de-orçamento-rápido\\src\\context\\__tests__\\SimpleQuoteCalculator.test.tsx","startTime":1762724867605,"status":"passed","summary":""}],"wasInterrupted":false}
